spk_ver/v00/v0000	SES146	1.89246	-63.2808	-65.1733
spk_ver/v00/v0001	SES002	-18.9002	-85.5796	-66.6794
spk_ver/v00/v0002	SES002	-13.068	-78.4419	-65.3739
spk_ver/v00/v0003	SES002	-17.1637	-85.7385	-68.5749
spk_ver/v00/v0004	SES002	-2.05995	-66.157	-64.0971
spk_ver/v00/v0005	SES002	-5.06624	-69.4513	-64.3851
spk_ver/v00/v0006	SES002	-8.60791	-73.1846	-64.5767
spk_ver/v00/v0007	SES002	-11.3167	-77.0557	-65.739
spk_ver/v00/v0008	SES146	1.29084	-63.9392	-65.23
spk_ver/v00/v0009	SES002	-1.92714	-65.4854	-63.5582
spk_ver/v00/v0010	SES002	-3.74986	-67.4046	-63.6547
spk_ver/v00/v0011	SES002	-3.05098	-68.4639	-65.4129
spk_ver/v00/v0012	SES002	-13.913	-77.5157	-63.6027
spk_ver/v00/v0013	SES002	-7.21386	-70.7428	-63.529
spk_ver/v00/v0014	SES002	-2.67384	-66.8397	-64.1659
spk_ver/v00/v0015	SES002	-1.58426	-64.7693	-63.185
spk_ver/v00/v0016	SES275	1.98363	-64.0535	-66.0371
spk_ver/v00/v0017	SES002	0.944695	-62.0054	-62.9501
spk_ver/v00/v0018	SES002	-14.8979	-83.9758	-69.0779
spk_ver/v00/v0019	SES002	-2.15137	-65.7337	-63.5824
spk_ver/v00/v0020	SES002	-13.4275	-81.0105	-67.583
spk_ver/v00/v0021	SES002	-13.4248	-79.2385	-65.8137
spk_ver/v00/v0022	SES002	-2.48658	-66.8688	-64.3822
spk_ver/v00/v0023	SES002	-10.6292	-74.2115	-63.5823
spk_ver/v00/v0024	SES002	-12.3288	-78.6425	-66.3138
spk_ver/v00/v0025	SES002	-10.03	-76.1905	-66.1605
spk_ver/v00/v0026	SES002	-7.37638	-70.778	-63.4016
spk_ver/v00/v0027	SES129	2.84031	-61.6557	-64.496
spk_ver/v00/v0028	SES007	-1.36414	-65.7592	-64.3951
spk_ver/v00/v0029	SES083	0.663998	-63.5298	-64.1938
spk_ver/v00/v0030	SES019	2.99985	-61.1328	-64.1326
spk_ver/v00/v0031	SES007	-1.40801	-67.0655	-65.6575
spk_ver/v00/v0032	SES270	1.89556	-61.229	-63.1245
spk_ver/v00/v0033	SES007	-1.60609	-66.2137	-64.6076
spk_ver/v00/v0034	SES007	-2.02914	-68.6776	-66.6485
spk_ver/v00/v0035	SES007	-0.343372	-64.1413	-63.798
spk_ver/v00/v0036	SES007	-1.11304	-63.1961	-62.0831
spk_ver/v00/v0037	SES007	-3.06627	-66.3293	-63.2631
spk_ver/v00/v0038	SES259	2.46372	-59.9614	-62.4251
spk_ver/v00/v0039	SES007	-3.5776	-67.7798	-64.2022
spk_ver/v00/v0040	SES007	-2.55972	-65.3835	-62.8238
spk_ver/v00/v0041	SES007	-2.50345	-65.4327	-62.9293
spk_ver/v00/v0042	SES007	-0.908592	-65.0216	-64.113
spk_ver/v00/v0043	SES007	-0.287968	-63.961	-63.6731
spk_ver/v00/v0044	SES007	-2.78455	-64.6776	-61.893
spk_ver/v00/v0045	SES007	-0.272301	-64.1316	-63.8593
spk_ver/v00/v0046	SES007	-0.60775	-64.2327	-63.625
spk_ver/v00/v0047	SES172	1.41983	-63.5065	-64.9263
spk_ver/v00/v0048	SES105	1.75448	-62.6654	-64.4199
spk_ver/v00/v0049	SES007	0.203312	-63.8445	-64.0478
spk_ver/v00/v0050	SES292	0.89381	-63.7146	-64.6084
spk_ver/v00/v0051	SES007	-0.97673	-66.2619	-65.2852
spk_ver/v00/v0052	SES068	1.3257	-62.7343	-64.06
spk_ver/v00/v0053	SES008	-0.512459	-63.6866	-63.1741
spk_ver/v00/v0054	SES008	-3.75249	-71.2623	-67.5098
spk_ver/v00/v0055	SES008	-1.49702	-66.0002	-64.5032
spk_ver/v00/v0056	SES008	-5.81018	-69.6031	-63.7929
spk_ver/v00/v0057	SES008	-4.80905	-68.5787	-63.7696
spk_ver/v00/v0058	SES083	1.40356	-63.12	-64.5236
spk_ver/v00/v0059	SES158	2.54876	-61.2543	-63.8031
spk_ver/v00/v0060	SES008	-1.06067	-66.7748	-65.7142
spk_ver/v00/v0061	SES101	1.27222	-63.6834	-64.9557
spk_ver/v00/v0062	SES008	-2.69245	-68.1633	-65.4709
spk_ver/v00/v0063	SES008	-1.48302	-65.6761	-64.1931
spk_ver/v00/v0064	SES117	3.31892	-63.8324	-67.1513
spk_ver/v00/v0065	SES149	2.72447	-61.0078	-63.7323
spk_ver/v00/v0066	SES008	-0.438274	-64.4209	-63.9827
spk_ver/v00/v0067	SES008	-3.33692	-68.6568	-65.3199
spk_ver/v00/v0068	SES162	3.53913	-63.4256	-66.9647
spk_ver/v00/v0069	SES008	-3.73187	-66.6845	-62.9526
spk_ver/v00/v0070	SES008	0.184296	-63.6918	-63.8761
spk_ver/v00/v0071	SES008	-1.09269	-66.6468	-65.5541
spk_ver/v00/v0072	SES008	-0.361286	-63.9035	-63.5422
spk_ver/v00/v0073	SES008	-2.63232	-64.9548	-62.3225
spk_ver/v00/v0074	SES008	-3.53892	-67.4531	-63.9142
spk_ver/v00/v0075	SES008	-6.37686	-71.3258	-64.9489
spk_ver/v00/v0076	SES167	2.64221	-62.2005	-64.8427
spk_ver/v00/v0077	SES008	-1.27326	-64.5136	-63.2404
spk_ver/v00/v0078	SES177	1.60277	-62.4152	-64.018
spk_ver/v00/v0079	SES008	-1.08614	-66.2724	-65.1863
spk_ver/v00/v0080	SES008	-2.20928	-67.7416	-65.5323
spk_ver/v00/v0081	SES008	-5.84183	-70.9844	-65.1426
spk_ver/v00/v0082	SES008	-3.31323	-67.2282	-63.9149
spk_ver/v00/v0083	SES008	-5.16376	-69.8312	-64.6675
spk_ver/v00/v0084	SES144	1.81192	-63.807	-65.6189
spk_ver/v00/v0085	SES008	-1.34468	-65.8801	-64.5355
spk_ver/v00/v0086	SES008	-0.403683	-63.1987	-62.795
spk_ver/v00/v0087	SES008	-2.98938	-68.0379	-65.0485
spk_ver/v00/v0088	SES008	-2.26432	-67.5213	-65.257
spk_ver/v00/v0089	SES008	-1.44202	-66.1201	-64.6781
spk_ver/v00/v0090	SES142	3.98698	-62.568	-66.5549
spk_ver/v00/v0091	SES008	-5.73911	-68.8818	-63.1427
spk_ver/v00/v0092	SES158	0.925915	-63.4656	-64.3916
spk_ver/v00/v0093	SES014	-5.39628	-68.6829	-63.2866
spk_ver/v00/v0094	SES014	-3.99039	-68.9128	-64.9225
spk_ver/v00/v0095	SES014	-0.748913	-64.0201	-63.2711
spk_ver/v00/v0096	SES014	-2.60134	-65.7288	-63.1275
spk_ver/v00/v0097	SES014	-1.88726	-66.8872	-64.9999
spk_ver/v00/v0098	SES014	-1.7207	-64.7111	-62.9904
spk_ver/v00/v0099	SES014	-12.4546	-77.8844	-65.4298
spk_ver/v01/v0100	SES127	1.72894	-63.5894	-65.3183
spk_ver/v01/v0101	SES014	-12.5319	-79.6301	-67.0981
spk_ver/v01/v0102	SES014	-16.1628	-83.3414	-67.1786
spk_ver/v01/v0103	SES014	-6.26555	-72.1863	-65.9207
spk_ver/v01/v0104	SES014	-11.5814	-77.7307	-66.1492
spk_ver/v01/v0105	SES014	-3.16896	-68.2396	-65.0706
spk_ver/v01/v0106	SES014	-2.17999	-66.3003	-64.1203
spk_ver/v01/v0107	SES014	-13.8486	-79.3092	-65.4606
spk_ver/v01/v0108	SES014	-17.1387	-85.1366	-67.9979
spk_ver/v01/v0109	SES014	-12.3158	-79.307	-66.9913
spk_ver/v01/v0110	SES014	-2.95033	-67.9603	-65.01
spk_ver/v01/v0111	SES014	-0.144817	-63.4993	-63.3545
spk_ver/v01/v0112	SES014	-10.6217	-75.1506	-64.5288
spk_ver/v01/v0113	SES104	0.773476	-63.1739	-63.9473
spk_ver/v01/v0114	SES082	1.7402	-61.9378	-63.678
spk_ver/v01/v0115	SES087	2.63902	-60.7335	-63.3725
spk_ver/v01/v0116	SES014	-0.942673	-64.5959	-63.6533
spk_ver/v01/v0117	SES177	1.73908	-63.6481	-65.3871
spk_ver/v01/v0118	SES014	-10.9074	-76.8273	-65.9199
spk_ver/v01/v0119	SES014	-0.481396	-63.7752	-63.2938
spk_ver/v01/v0120	SES014	-14.6743	-82.7102	-68.0359
spk_ver/v01/v0121	SES146	1.40687	-63.105	-64.5119
spk_ver/v01/v0122	SES014	2.62123	-59.7798	-62.401
spk_ver/v01/v0123	SES014	-1.20161	-64.4209	-63.2193
spk_ver/v01/v0124	SES014	-10.6932	-77.2116	-66.5185
spk_ver/v01/v0125	SES014	-8.27775	-73.6548	-65.377
spk_ver/v01/v0126	SES016	-1.65695	-66.8992	-65.2423
spk_ver/v01/v0127	SES016	-2.32951	-69.2495	-66.92
spk_ver/v01/v0128	SES106	3.07475	-60.6448	-63.7196
spk_ver/v01/v0129	SES016	-5.016	-68.3357	-63.3197
spk_ver/v01/v0130	SES016	-0.786514	-66.7304	-65.9439
spk_ver/v01/v0131	SES016	-5.80413	-69.6733	-63.8691
spk_ver/v01/v0132	SES016	-1.81679	-65.9938	-64.177
spk_ver/v01/v0133	SES016	-1.00346	-66.8785	-65.8751
spk_ver/v01/v0134	SES016	-4.30868	-67.7499	-63.4413
spk_ver/v01/v0135	SES016	-0.809311	-68.8818	-68.0725
spk_ver/v01/v0136	SES016	-2.08366	-67.3127	-65.229
spk_ver/v01/v0137	SES007	2.11475	-63.2872	-65.4019
spk_ver/v01/v0138	SES016	0.588768	-65.1981	-65.7869
spk_ver/v01/v0139	SES016	-0.265141	-64.1755	-63.9104
spk_ver/v01/v0140	SES016	2.66724	-63.0546	-65.7218
spk_ver/v01/v0141	SES016	-9.53512	-76.3324	-66.7972
spk_ver/v01/v0142	SES016	-4.41162	-67.5021	-63.0905
spk_ver/v01/v0143	SES016	-7.33767	-72.2847	-64.9471
spk_ver/v01/v0144	SES016	-2.16577	-66.553	-64.3872
spk_ver/v01/v0145	SES016	-1.67348	-66.4513	-64.7779
spk_ver/v01/v0146	SES016	-0.405365	-63.9191	-63.5137
spk_ver/v01/v0147	SES016	-0.978813	-66.3284	-65.3496
spk_ver/v01/v0148	SES127	2.98799	-62.7809	-65.7689
spk_ver/v01/v0149	SES016	-4.06012	-67.5086	-63.4485
spk_ver/v01/v0150	SES016	-2.20843	-66.6059	-64.3975
spk_ver/v01/v0151	SES147	2.47379	-63.8767	-66.3505
spk_ver/v01/v0152	SES016	-0.745232	-65.379	-64.6338
spk_ver/v01/v0153	SES104	2.27249	-60.4413	-62.7138
spk_ver/v01/v0154	SES016	-2.39471	-67.7484	-65.3536
spk_ver/v01/v0155	SES016	-1.23605	-67.1172	-65.8812
spk_ver/v01/v0156	SES019	-1.62347	-65.9445	-64.3211
spk_ver/v01/v0157	SES019	-3.70063	-66.6688	-62.9681
spk_ver/v01/v0158	SES019	-0.472546	-63.6182	-63.1456
spk_ver/v01/v0159	SES007	2.04111	-62.9439	-64.985
spk_ver/v01/v0160	SES019	-1.94448	-64.8478	-62.9033
spk_ver/v01/v0161	SES019	-1.8325	-66.2973	-64.4648
spk_ver/v01/v0162	SES019	-11.1485	-74.8243	-63.6758
spk_ver/v01/v0163	SES189	5.4859	-63.5495	-69.0354
spk_ver/v01/v0164	SES019	-1.51723	-64.6289	-63.1117
spk_ver/v01/v0165	SES019	-0.905663	-65.8977	-64.9921
spk_ver/v01/v0166	SES019	-9.27126	-73.3593	-64.088
spk_ver/v01/v0167	SES019	-12.8335	-78.0443	-65.2107
spk_ver/v01/v0168	SES019	-1.6641	-66.5614	-64.8973
spk_ver/v01/v0169	SES019	-3.05843	-67.3826	-64.3241
spk_ver/v01/v0170	SES270	1.58194	-61.5338	-63.1158
spk_ver/v01/v0171	SES019	-1.62314	-65.2078	-63.5846
spk_ver/v01/v0172	SES019	-13.9265	-79.3892	-65.4627
spk_ver/v01/v0173	SES206	2.62508	-61.2075	-63.8326
spk_ver/v01/v0174	SES019	-1.08131	-65.5094	-64.4281
spk_ver/v01/v0175	SES014	2.22318	-60.6229	-62.846
spk_ver/v01/v0176	SES019	-8.25275	-72.4626	-64.2098
spk_ver/v01/v0177	SES120	1.89571	-63.4059	-65.3017
spk_ver/v01/v0178	SES019	-2.10728	-67.1634	-65.0561
spk_ver/v01/v0179	SES019	-13.1736	-77.1674	-63.9938
spk_ver/v01/v0180	SES175	2.38346	-63.4316	-65.815
spk_ver/v01/v0181	SES019	-12.786	-78.8621	-66.0761
spk_ver/v01/v0182	SES019	-5.0612	-69.1734	-64.1122
spk_ver/v01/v0183	SES029	-2.08034	-66.2866	-64.2063
spk_ver/v01/v0184	SES029	-4.16626	-67.5434	-63.3772
spk_ver/v01/v0185	SES029	-1.85111	-66.8162	-64.9651
spk_ver/v01/v0186	SES068	2.13577	-62.2472	-64.3829
spk_ver/v01/v0187	SES029	-4.39166	-67.4786	-63.087
spk_ver/v01/v0188	SES029	-3.26436	-65.6495	-62.3852
spk_ver/v01/v0189	SES149	2.61827	-60.7906	-63.4089
spk_ver/v01/v0190	SES029	-3.8409	-66.6957	-62.8548
spk_ver/v01/v0191	SES029	-3.55262	-67.3952	-63.8426
spk_ver/v01/v0192	SES183	2.68127	-61.8981	-64.5794
spk_ver/v01/v0193	SES029	0.0989761	-65.1156	-65.2146
spk_ver/v01/v0194	SES016	2.36959	-62.9953	-65.3649
spk_ver/v01/v0195	SES029	-1.75793	-65.8459	-64.088
spk_ver/v01/v0196	SES029	0.371117	-64.9923	-65.3634
spk_ver/v01/v0197	SES029	-3.32625	-66.6166	-63.2904
spk_ver/v01/v0198	SES146	1.52571	-63.6247	-65.1504
spk_ver/v01/v0199	SES029	-3.478	-67.3981	-63.9201
spk_ver/v02/v0200	SES029	-1.22581	-66.0497	-64.8239
spk_ver/v02/v0201	SES068	2.49351	-62.2012	-64.6947
spk_ver/v02/v0202	SES148	2.23422	-62.5532	-64.7874
spk_ver/v02/v0203	SES029	-2.70007	-66.2105	-63.5105
spk_ver/v02/v0204	SES029	0.19693	-64.6017	-64.7986
spk_ver/v02/v0205	SES060	1.95078	-62.6826	-64.6333
spk_ver/v02/v0206	SES127	3.73598	-62.0449	-65.7809
spk_ver/v02/v0207	SES029	-3.76516	-67.6024	-63.8372
spk_ver/v02/v0208	SES048	2.36069	-62.5202	-64.8809
spk_ver/v02/v0209	SES029	-1.61517	-66.0851	-64.47
spk_ver/v02/v0210	SES029	-3.67587	-67.6192	-63.9433
spk_ver/v02/v0211	SES029	-3.20301	-65.5672	-62.3642
spk_ver/v02/v0212	SES042	-15.6577	-81.7566	-66.0989
spk_ver/v02/v0213	SES085	2.31084	-63.1137	-65.4245
spk_ver/v02/v0214	SES206	3.10247	-60.1802	-63.2827
spk_ver/v02/v0215	SES144	1.43056	-63.5388	-64.9693
spk_ver/v02/v0216	SES042	-3.29112	-66.8594	-63.5683
spk_ver/v02/v0217	SES042	-3.88792	-70.6101	-66.7222
spk_ver/v02/v0218	SES042	0.076355	-63.0503	-63.1266
spk_ver/v02/v0219	SES206	2.44784	-60.7213	-63.1692
spk_ver/v02/v0220	SES019	3.62443	-60.3384	-63.9628
spk_ver/v02/v0221	SES007	1.36996	-63.4183	-64.7883
spk_ver/v02/v0222	SES042	-15.3797	-81.6379	-66.2582
spk_ver/v02/v0223	SES147	2.28653	-63.6374	-65.924
spk_ver/v02/v0224	SES105	1.56578	-63.2175	-64.7832
spk_ver/v02/v0225	SES042	-1.94603	-65.3422	-63.3962
spk_ver/v02/v0226	SES275	1.79125	-63.2471	-65.0384
spk_ver/v02/v0227	SES042	-4.96803	-69.5432	-64.5752
spk_ver/v02/v0228	SES042	-10.2261	-74.7005	-64.4744
spk_ver/v02/v0229	SES042	-17.5162	-82.5529	-65.0367
spk_ver/v02/v0230	SES085	1.83959	-60.8384	-62.678
spk_ver/v02/v0231	SES014	2.59087	-59.893	-62.4838
spk_ver/v02/v0232	SES042	-0.693653	-63.6285	-62.9348
spk_ver/v02/v0233	SES048	-3.98285	-66.9042	-62.9213
spk_ver/v02/v0234	SES048	-5.28819	-72.9543	-67.6662
spk_ver/v02/v0235	SES029	1.52976	-63.2108	-64.7406
spk_ver/v02/v0236	SES048	-2.66364	-67.1742	-64.5106
spk_ver/v02/v0237	SES048	-4.2657	-68.3006	-64.0349
spk_ver/v02/v0238	SES048	-2.48656	-67.5533	-65.0668
spk_ver/v02/v0239	SES060	1.9343	-62.3088	-64.2431
spk_ver/v02/v0240	SES048	-4.73199	-70.6101	-65.8781
spk_ver/v02/v0241	SES048	-5.03664	-71.1493	-66.1127
spk_ver/v02/v0242	SES189	8.84325	-62.8709	-71.7141
spk_ver/v02/v0243	SES162	2.29012	-63.6458	-65.9359
spk_ver/v02/v0244	SES048	-3.39551	-66.2297	-62.8342
spk_ver/v02/v0245	SES048	-4.1467	-68.0486	-63.9019
spk_ver/v02/v0246	SES048	-3.06294	-66.1782	-63.1152
spk_ver/v02/v0247	SES048	-4.45635	-69.4256	-64.9693
spk_ver/v02/v0248	SES226	2.33099	-61.4513	-63.7823
spk_ver/v02/v0249	SES048	-3.39719	-68.2046	-64.8074
spk_ver/v02/v0250	SES048	-2.23743	-67.2723	-65.0348
spk_ver/v02/v0251	SES048	-4.23315	-68.4339	-64.2007
spk_ver/v02/v0252	SES060	-3.8002	-72.105	-68.3048
spk_ver/v02/v0253	SES060	-4.44443	-67.4144	-62.97
spk_ver/v02/v0254	SES259	2.7984	-59.6313	-62.4297
spk_ver/v02/v0255	SES060	-2.47812	-69.3904	-66.9123
spk_ver/v02/v0256	SES202	2.47627	-63.2199	-65.6962
spk_ver/v02/v0257	SES148	1.85847	-61.9843	-63.8428
spk_ver/v02/v0258	SES060	-5.32778	-71.2673	-65.9395
spk_ver/v02/v0259	SES060	-1.13548	-64.7282	-63.5927
spk_ver/v02/v0260	SES060	-1.71706	-66.2566	-64.5396
spk_ver/v02/v0261	SES099	2.7205	-60.2587	-62.9792
spk_ver/v02/v0262	SES060	-1.78687	-67.701	-65.9141
spk_ver/v02/v0263	SES060	-1.20977	-65.3477	-64.138
spk_ver/v02/v0264	SES292	1.33643	-64.0074	-65.3439
spk_ver/v02/v0265	SES060	0.220695	-64.6792	-64.8999
spk_ver/v02/v0266	SES060	-4.53688	-69.0508	-64.5139
spk_ver/v02/v0267	SES060	-4.24527	-68.8348	-64.5895
spk_ver/v02/v0268	SES060	-4.90264	-70.2152	-65.3125
spk_ver/v02/v0269	SES127	2.72459	-62.7366	-65.4612
spk_ver/v02/v0270	SES060	-1.63235	-67.0207	-65.3883
spk_ver/v02/v0271	SES060	0.495934	-64.6962	-65.1921
spk_ver/v02/v0272	SES060	-4.39422	-68.6376	-64.2434
spk_ver/v02/v0273	SES087	2.4706	-60.9415	-63.4121
spk_ver/v02/v0274	SES146	1.3385	-63.1195	-64.458
spk_ver/v02/v0275	SES060	-4.77327	-69.6361	-64.8628
spk_ver/v02/v0276	SES002	2.93815	-60.224	-63.1621
spk_ver/v02/v0277	SES060	-0.0971375	-64.6408	-64.5436
spk_ver/v02/v0278	SES060	-4.81145	-69.5703	-64.7589
spk_ver/v02/v0279	SES060	-5.23645	-68.4359	-63.1995
spk_ver/v02/v0280	SES129	3.00914	-61.0265	-64.0356
spk_ver/v02/v0281	SES162	2.35257	-62.7999	-65.1525
spk_ver/v02/v0282	SES060	-3.30827	-66.7209	-63.4126
spk_ver/v02/v0283	SES060	-1.70727	-66.1196	-64.4123
spk_ver/v02/v0284	SES062	-3.17281	-68.5021	-65.3293
spk_ver/v02/v0285	SES062	-3.1703	-66.9877	-63.8174
spk_ver/v02/v0286	SES120	1.10564	-64.3232	-65.4289
spk_ver/v02/v0287	SES062	-3.78718	-68.4993	-64.7121
spk_ver/v02/v0288	SES062	-3.57834	-67.6441	-64.0658
spk_ver/v02/v0289	SES062	-2.38249	-65.05	-62.6675
spk_ver/v02/v0290	SES062	-0.863708	-65.7649	-64.9012
spk_ver/v02/v0291	SES275	1.41172	-63.048	-64.4598
spk_ver/v02/v0292	SES062	-3.5687	-70.103	-66.5343
spk_ver/v02/v0293	SES062	-4.46252	-71.8944	-67.4318
spk_ver/v02/v0294	SES062	-2.51509	-65.0235	-62.5084
spk_ver/v02/v0295	SES062	-2.75584	-67.6786	-64.9228
spk_ver/v02/v0296	SES062	-3.49333	-68.2772	-64.7838
spk_ver/v02/v0297	SES062	-4.80855	-69.7616	-64.953
spk_ver/v02/v0298	SES062	-3.01517	-67.2692	-64.2541
spk_ver/v02/v0299	SES062	-1.27382	-66.3034	-65.0296
spk_ver/v03/v0300	SES062	-5.03236	-72.8174	-67.785
spk_ver/v03/v0301	SES062	-2.03436	-65.4005	-63.3662
spk_ver/v03/v0302	SES172	2.61866	-61.5801	-64.1988
spk_ver/v03/v0303	SES062	-1.22066	-64.8187	-63.598
spk_ver/v03/v0304	SES062	-1.73347	-65.7375	-64.004
spk_ver/v03/v0305	SES062	-2.7555	-66.7712	-64.0157
spk_ver/v03/v0306	SES062	-5.94479	-73.0804	-67.1356
spk_ver/v03/v0307	SES062	-3.29975	-66.8058	-63.5061
spk_ver/v03/v0308	SES062	-5.41959	-72.3173	-66.8977
spk_ver/v03/v0309	SES062	-2.98405	-68.3329	-65.3488
spk_ver/v03/v0310	SES125	2.35054	-60.5975	-62.9481
spk_ver/v03/v0311	SES062	-2.57357	-65.5285	-62.9549
spk_ver/v03/v0312	SES062	-6.66244	-72.6286	-65.9662
spk_ver/v03/v0313	SES062	-1.76107	-67.3062	-65.5452
spk_ver/v03/v0314	SES068	-5.40966	-68.9519	-63.5423
spk_ver/v03/v0315	SES068	-3.82515	-66.6322	-62.8071
spk_ver/v03/v0316	SES068	-0.995026	-70.3435	-69.3484
spk_ver/v03/v0317	SES068	-1.42241	-67.4938	-66.0714
spk_ver/v03/v0318	SES068	-4.33464	-67.9133	-63.5787
spk_ver/v03/v0319	SES068	-6.40832	-71.1041	-64.6957
spk_ver/v03/v0320	SES068	-1.9011	-64.3788	-62.4777
spk_ver/v03/v0321	SES068	-0.0330429	-65.1912	-65.1582
spk_ver/v03/v0322	SES068	-0.817131	-65.1174	-64.3002
spk_ver/v03/v0323	SES068	-1.57005	-66.7021	-65.132
spk_ver/v03/v0324	SES144	1.55283	-65.5074	-67.0602
spk_ver/v03/v0325	SES068	-0.286156	-65.4975	-65.2113
spk_ver/v03/v0326	SES068	-0.11525	-62.6074	-62.4922
spk_ver/v03/v0327	SES068	-1.42936	-66.3583	-64.9289
spk_ver/v03/v0328	SES068	-4.55029	-69.2173	-64.667
spk_ver/v03/v0329	SES068	-0.718758	-65.0935	-64.3747
spk_ver/v03/v0330	SES180	1.06414	-64.3321	-65.3962
spk_ver/v03/v0331	SES068	-0.270523	-65.136	-64.8655
spk_ver/v03/v0332	SES275	2.57737	-62.4869	-65.0642
spk_ver/v03/v0333	SES062	3.19941	-60.8286	-64.0281
spk_ver/v03/v0334	SES270	1.65198	-61.7851	-63.4371
spk_ver/v03/v0335	SES068	-5.58125	-70.3385	-64.7572
spk_ver/v03/v0336	SES068	0.335583	-63.4536	-63.7892
spk_ver/v03/v0337	SES068	-1.59679	-67.3017	-65.7049
spk_ver/v03/v0338	SES068	-2.0265	-68.7084	-66.6819
spk_ver/v03/v0339	SES068	-1.9147	-66.2839	-64.3692
spk_ver/v03/v0340	SES068	-2.36844	-68.7247	-66.3562
spk_ver/v03/v0341	SES016	2.50271	-62.0119	-64.5146
spk_ver/v03/v0342	SES068	-3.15231	-69.5741	-66.4218
spk_ver/v03/v0343	SES068	-2.17736	-66.6151	-64.4377
spk_ver/v03/v0344	SES125	2.36142	-61.0516	-63.413
spk_ver/v03/v0345	SES187	2.76073	-62.8416	-65.6023
spk_ver/v03/v0346	SES068	0.383606	-65.4376	-65.8212
spk_ver/v03/v0347	SES143	2.29251	-62.5299	-64.8224
spk_ver/v03/v0348	SES292	1.95289	-63.0933	-65.0461
spk_ver/v03/v0349	SES082	-5.97854	-70.4333	-64.4548
spk_ver/v03/v0350	SES101	2.39149	-61.7275	-64.1189
spk_ver/v03/v0351	SES082	0.407787	-63.2894	-63.6972
spk_ver/v03/v0352	SES082	0.248672	-64.7474	-64.9961
spk_ver/v03/v0353	SES082	-9.329	-73.3143	-63.9853
spk_ver/v03/v0354	SES082	-13.4079	-79.8906	-66.4827
spk_ver/v03/v0355	SES083	2.46705	-61.655	-64.122
spk_ver/v03/v0356	SES082	-2.49274	-66.6444	-64.1516
spk_ver/v03/v0357	SES082	-11.8353	-76.9931	-65.1578
spk_ver/v03/v0358	SES082	-0.832455	-64.7654	-63.933
spk_ver/v03/v0359	SES117	2.28355	-65.7283	-68.0119
spk_ver/v03/v0360	SES082	-9.34296	-73.4645	-64.1216
spk_ver/v03/v0361	SES082	-2.55284	-66.892	-64.3391
spk_ver/v03/v0362	SES007	1.84419	-62.5151	-64.3593
spk_ver/v03/v0363	SES082	-2.17318	-65.2972	-63.124
spk_ver/v03/v0364	SES019	2.02354	-62.1187	-64.1422
spk_ver/v03/v0365	SES082	-0.150795	-64.1616	-64.0108
spk_ver/v03/v0366	SES226	2.68927	-61.6207	-64.31
spk_ver/v03/v0367	SES167	2.8258	-61.7912	-64.617
spk_ver/v03/v0368	SES082	-2.15543	-64.356	-62.2005
spk_ver/v03/v0369	SES042	4.73769	-57.8147	-62.5524
spk_ver/v03/v0370	SES042	4.05003	-59.0211	-63.0712
spk_ver/v03/v0371	SES082	-8.89629	-72.9536	-64.0573
spk_ver/v03/v0372	SES082	-1.59275	-64.4575	-62.8647
spk_ver/v03/v0373	SES082	-9.7608	-75.1737	-65.4129
spk_ver/v03/v0374	SES083	-0.880478	-63.9087	-63.0283
spk_ver/v03/v0375	SES292	1.89745	-63.0556	-64.9531
spk_ver/v03/v0376	SES083	-3.10641	-65.9562	-62.8498
spk_ver/v03/v0377	SES083	-3.03548	-67.3103	-64.2748
spk_ver/v03/v0378	SES083	-0.4645	-66.5273	-66.0628
spk_ver/v03/v0379	SES083	0.105133	-65.2895	-65.3947
spk_ver/v03/v0380	SES083	-0.881638	-67.8602	-66.9785
spk_ver/v03/v0381	SES083	-1.10748	-65.1732	-64.0657
spk_ver/v03/v0382	SES148	2.82771	-62.5578	-65.3855
spk_ver/v03/v0383	SES083	-0.335293	-63.5914	-63.2562
spk_ver/v03/v0384	SES226	2.49052	-61.4432	-63.9337
spk_ver/v03/v0385	SES226	2.71133	-60.7882	-63.4995
spk_ver/v03/v0386	SES087	2.2452	-61.3021	-63.5473
spk_ver/v03/v0387	SES029	2.07814	-63.1383	-65.2165
spk_ver/v03/v0388	SES147	2.7535	-63.1175	-65.871
spk_ver/v03/v0389	SES083	-4.52833	-68.9504	-64.4221
spk_ver/v03/v0390	SES189	3.9036	-62.76	-66.6636
spk_ver/v03/v0391	SES083	-0.0102005	-65.1358	-65.1256
spk_ver/v03/v0392	SES083	0.655212	-62.7019	-63.3571
spk_ver/v03/v0393	SES083	-1.6921	-65.6498	-63.9577
spk_ver/v03/v0394	SES083	-3.32632	-67.4914	-64.1651
spk_ver/v03/v0395	SES083	0.504852	-64.734	-65.2389
spk_ver/v03/v0396	SES014	2.92098	-59.2093	-62.1303
spk_ver/v03/v0397	SES085	1.34832	-63.0055	-64.3538
spk_ver/v03/v0398	SES085	-0.648491	-64.0758	-63.4273
spk_ver/v03/v0399	SES085	-4.18213	-66.9266	-62.7445
spk_ver/v04/v0400	SES106	2.92892	-59.6841	-62.613
spk_ver/v04/v0401	SES085	-4.7517	-68.2238	-63.4721
spk_ver/v04/v0402	SES085	-6.72577	-71.5561	-64.8303
spk_ver/v04/v0403	SES085	-0.349468	-64.2847	-63.9352
spk_ver/v04/v0404	SES180	2.03344	-62.5893	-64.6227
spk_ver/v04/v0405	SES129	2.63586	-60.6399	-63.2758
spk_ver/v04/v0406	SES085	-3.92602	-67.6225	-63.6965
spk_ver/v04/v0407	SES146	0.552971	-64.2512	-64.8042
spk_ver/v04/v0408	SES085	-0.024971	-63.9661	-63.9411
spk_ver/v04/v0409	SES085	-3.86763	-67.3765	-63.5088
spk_ver/v04/v0410	SES085	-5.22689	-69.4765	-64.2496
spk_ver/v04/v0411	SES292	1.78799	-63.4201	-65.2081
spk_ver/v04/v0412	SES085	-0.714073	-64.5065	-63.7925
spk_ver/v04/v0413	SES125	3.26464	-59.6647	-62.9294
spk_ver/v04/v0414	SES085	-2.6888	-70.9197	-68.2309
spk_ver/v04/v0415	SES085	-0.19474	-65.5279	-65.3331
spk_ver/v04/v0416	SES085	-3.76027	-67.7506	-63.9904
spk_ver/v04/v0417	SES062	2.33459	-61.6275	-63.9621
spk_ver/v04/v0418	SES060	3.3208	-61.5671	-64.8879
spk_ver/v04/v0419	SES085	0.693283	-64.7515	-65.4448
spk_ver/v04/v0420	SES085	-5.80707	-68.9924	-63.1853
spk_ver/v04/v0421	SES085	-6.34297	-70.9514	-64.6084
spk_ver/v04/v0422	SES085	-1.57227	-66.6703	-65.098
spk_ver/v04/v0423	SES085	-6.02411	-70.1547	-64.1306
spk_ver/v04/v0424	SES085	-4.57056	-69.3712	-64.8007
spk_ver/v04/v0425	SES183	1.40443	-63.8339	-65.2383
spk_ver/v04/v0426	SES085	-4.67987	-67.8753	-63.1954
spk_ver/v04/v0427	SES087	-2.93672	-67.1254	-64.1887
spk_ver/v04/v0428	SES162	2.56167	-63.235	-65.7967
spk_ver/v04/v0429	SES087	-1.22194	-64.2159	-62.994
spk_ver/v04/v0430	SES087	-9.32379	-75.3564	-66.0326
spk_ver/v04/v0431	SES087	-17.1878	-83.0957	-65.9079
spk_ver/v04/v0432	SES087	-2.4209	-66.085	-63.6641
spk_ver/v04/v0433	SES087	-10.4212	-74.638	-64.2167
spk_ver/v04/v0434	SES142	4.41155	-61.5672	-65.9787
spk_ver/v04/v0435	SES087	-13.3656	-79.1251	-65.7594
spk_ver/v04/v0436	SES099	2.32356	-60.823	-63.1466
spk_ver/v04/v0437	SES087	-5.57687	-68.9103	-63.3334
spk_ver/v04/v0438	SES087	-8.91451	-73.7003	-64.7858
spk_ver/v04/v0439	SES087	-0.91502	-63.5498	-62.6348
spk_ver/v04/v0440	SES087	-9.88763	-73.4698	-63.5821
spk_ver/v04/v0441	SES087	-14.1006	-79.858	-65.7574
spk_ver/v04/v0442	SES187	3.56636	-63.2539	-66.8202
spk_ver/v04/v0443	SES172	3.52594	-62.4577	-65.9837
spk_ver/v04/v0444	SES087	-3.43783	-66.7694	-63.3316
spk_ver/v04/v0445	SES087	-0.822083	-63.9334	-63.1114
spk_ver/v04/v0446	SES087	-0.136448	-62.9566	-62.8202
spk_ver/v04/v0447	SES087	-0.827148	-64.2593	-63.4321
spk_ver/v04/v0448	SES106	2.65796	-60.6735	-63.3314
spk_ver/v04/v0449	SES146	1.52349	-63.8301	-65.3536
spk_ver/v04/v0450	SES087	-11.5968	-76.398	-64.8012
spk_ver/v04/v0451	SES087	-1.19875	-64.9099	-63.7112
spk_ver/v04/v0452	SES007	2.99634	-62.6959	-65.6922
spk_ver/v04/v0453	SES087	-2.62772	-65.9624	-63.3347
spk_ver/v04/v0454	SES087	-12.376	-77.3328	-64.9569
spk_ver/v04/v0455	SES180	1.49128	-63.7642	-65.2555
spk_ver/v04/v0456	SES099	-8.00489	-73.4068	-65.4019
spk_ver/v04/v0457	SES042	2.17096	-60.5497	-62.7206
spk_ver/v04/v0458	SES099	-0.480553	-64.2204	-63.7399
spk_ver/v04/v0459	SES099	-12.5921	-79.1814	-66.5893
spk_ver/v04/v0460	SES099	-10.3861	-78.152	-67.7659
spk_ver/v04/v0461	SES099	-0.780289	-63.7656	-62.9853
spk_ver/v04/v0462	SES082	2.82723	-60.9374	-63.7647
spk_ver/v04/v0463	SES099	0.325497	-63.3041	-63.6296
spk_ver/v04/v0464	SES099	1.25017	-61.427	-62.6771
spk_ver/v04/v0465	SES099	-12.1113	-77.0317	-64.9204
spk_ver/v04/v0466	SES099	0.274403	-63.1462	-63.4206
spk_ver/v04/v0467	SES099	-0.728775	-64.5394	-63.8107
spk_ver/v04/v0468	SES129	2.61914	-62.0873	-64.7065
spk_ver/v04/v0469	SES101	0.828671	-62.9307	-63.7594
spk_ver/v04/v0470	SES099	-8.92879	-74.7429	-65.8141
spk_ver/v04/v0471	SES172	1.86928	-63.0684	-64.9377
spk_ver/v04/v0472	SES099	1.00126	-62.2862	-63.2875
spk_ver/v04/v0473	SES270	2.69373	-60.6323	-63.326
spk_ver/v04/v0474	SES099	-5.68131	-69.5994	-63.9181
spk_ver/v04/v0475	SES099	-3.99589	-67.5353	-63.5394
spk_ver/v04/v0476	SES099	-3.55539	-69.251	-65.6956
spk_ver/v04/v0477	SES002	3.07048	-59.9347	-63.0052
spk_ver/v04/v0478	SES099	0.441525	-62.6396	-63.0811
spk_ver/v04/v0479	SES007	0.835091	-64.7925	-65.6276
spk_ver/v04/v0480	SES101	-4.65409	-67.4861	-62.832
spk_ver/v04/v0481	SES101	-2.15979	-69.6846	-67.5248
spk_ver/v04/v0482	SES175	1.90792	-64.3451	-66.253
spk_ver/v04/v0483	SES101	-2.11065	-65.7175	-63.6068
spk_ver/v04/v0484	SES101	-3.89317	-66.5193	-62.6262
spk_ver/v04/v0485	SES101	-1.01756	-67.5874	-66.5698
spk_ver/v04/v0486	SES101	-0.347084	-67.3806	-67.0335
spk_ver/v04/v0487	SES101	-0.583672	-67.3371	-66.7534
spk_ver/v04/v0488	SES101	-4.15397	-68.5856	-64.4316
spk_ver/v04/v0489	SES147	1.38229	-64.8998	-66.2821
spk_ver/v04/v0490	SES085	1.21851	-64.5302	-65.7487
spk_ver/v04/v0491	SES101	-0.808838	-67.2156	-66.4068
spk_ver/v04/v0492	SES101	-5.06751	-70.1694	-65.1019
spk_ver/v04/v0493	SES101	-3.7455	-66.4264	-62.6809
spk_ver/v04/v0494	SES101	-1.34413	-68.2363	-66.8922
spk_ver/v04/v0495	SES101	0.162682	-62.579	-62.7417
spk_ver/v04/v0496	SES101	-1.45679	-67.4444	-65.9876
spk_ver/v04/v0497	SES014	2.66742	-59.7657	-62.4331
spk_ver/v04/v0498	SES101	-3.31395	-67.5732	-64.2593
spk_ver/v04/v0499	SES101	-0.949657	-64.5832	-63.6335
spk_ver/v05/v0500	SES085	2.04539	-61.9574	-64.0028
spk_ver/v05/v0501	SES101	-5.03745	-69.1194	-64.0819
spk_ver/v05/v0502	SES275	1.99693	-62.5655	-64.5624
spk_ver/v05/v0503	SES117	2.80354	-64.1173	-66.9208
spk_ver/v05/v0504	SES101	-4.83983	-68.0469	-63.2071
spk_ver/v05/v0505	SES101	-1.33083	-65.3204	-63.9895
spk_ver/v05/v0506	SES101	-1.40711	-66.7469	-65.3398
spk_ver/v05/v0507	SES048	1.86296	-61.5614	-63.4243
spk_ver/v05/v0508	SES117	2.40371	-65.0865	-67.4902
spk_ver/v05/v0509	SES202	4.04234	-61.1352	-65.1775
spk_ver/v05/v0510	SES104	-2.11749	-67.4469	-65.3294
spk_ver/v05/v0511	SES008	1.2026	-64.4334	-65.636
spk_ver/v05/v0512	SES104	-0.492844	-64.8476	-64.3547
spk_ver/v05/v0513	SES104	-0.588051	-63.0991	-62.511
spk_ver/v05/v0514	SES104	-9.80006	-73.1501	-63.35
spk_ver/v05/v0515	SES104	-15.5974	-81.589	-65.9916
spk_ver/v05/v0516	SES104	-1.40234	-66.1681	-64.7658
spk_ver/v05/v0517	SES060	1.8355	-61.694	-63.5295
spk_ver/v05/v0518	SES104	-16.2541	-83.6246	-67.3705
spk_ver/v05/v0519	SES104	-13.552	-80.6158	-67.0638
spk_ver/v05/v0520	SES104	0.516075	-61.8933	-62.4094
spk_ver/v05/v0521	SES008	2.02244	-61.2574	-63.2799
spk_ver/v05/v0522	SES068	2.58796	-63	-65.5879
spk_ver/v05/v0523	SES087	2.21368	-61.2323	-63.446
spk_ver/v05/v0524	SES104	-0.954765	-65.6141	-64.6594
spk_ver/v05/v0525	SES104	-1.37445	-65.1123	-63.7379
spk_ver/v05/v0526	SES104	-1.04925	-64.6929	-63.6436
spk_ver/v05/v0527	SES083	1.46039	-62.7809	-64.2413
spk_ver/v05/v0528	SES148	2.72944	-62.3342	-65.0636
spk_ver/v05/v0529	SES104	-2.74685	-66.4465	-63.6997
spk_ver/v05/v0530	SES104	-10.1146	-74.8839	-64.7693
spk_ver/v05/v0531	SES125	2.4394	-61.2237	-63.6631
spk_ver/v05/v0532	SES104	-12.5406	-78.6223	-66.0817
spk_ver/v05/v0533	SES149	3.13531	-60.2566	-63.3919
spk_ver/v05/v0534	SES104	-13.891	-78.2583	-64.3673
spk_ver/v05/v0535	SES187	1.79073	-64.2444	-66.0351
spk_ver/v05/v0536	SES104	-2.23933	-65.3129	-63.0736
spk_ver/v05/v0537	SES104	-1.83641	-65.7155	-63.8791
spk_ver/v05/v0538	SES167	3.08318	-62.8558	-65.939
spk_ver/v05/v0539	SES104	-1.67242	-67.1398	-65.4674
spk_ver/v05/v0540	SES104	-12.6287	-76.2921	-63.6634
spk_ver/v05/v0541	SES183	1.96722	-64.5301	-66.4973
spk_ver/v05/v0542	SES104	-0.542191	-64.555	-64.0128
spk_ver/v05/v0543	SES104	-12.9554	-78.043	-65.0875
spk_ver/v05/v0544	SES105	-2.88087	-68.3657	-65.4849
spk_ver/v05/v0545	SES105	-1.81481	-67.0855	-65.2707
spk_ver/v05/v0546	SES105	-2.73917	-66.7814	-64.0422
spk_ver/v05/v0547	SES105	-2.36187	-68.8568	-66.4949
spk_ver/v05/v0548	SES019	2.79289	-60.9607	-63.7536
spk_ver/v05/v0549	SES105	-1.6151	-66.6903	-65.0751
spk_ver/v05/v0550	SES105	-4.25064	-69.2236	-64.973
spk_ver/v05/v0551	SES202	3.70044	-63.5547	-67.2551
spk_ver/v05/v0552	SES105	-2.85535	-68.2926	-65.4373
spk_ver/v05/v0553	SES105	0.142189	-64.3931	-64.5353
spk_ver/v05/v0554	SES105	-1.27686	-65.1139	-63.8371
spk_ver/v05/v0555	SES105	-2.60835	-65.7234	-63.115
spk_ver/v05/v0556	SES082	1.7816	-62.6804	-64.462
spk_ver/v05/v0557	SES105	-3.00002	-66.5028	-63.5028
spk_ver/v05/v0558	SES014	2.37737	-59.6988	-62.0762
spk_ver/v05/v0559	SES105	-0.769348	-65.0338	-64.2644
spk_ver/v05/v0560	SES177	1.52567	-63.1909	-64.7166
spk_ver/v05/v0561	SES189	14.3448	-66.6831	-81.0278
spk_ver/v05/v0562	SES105	-2.63776	-67.7367	-65.0989
spk_ver/v05/v0563	SES099	2.361	-62.3382	-64.6992
spk_ver/v05/v0564	SES105	-1.96886	-66.545	-64.5761
spk_ver/v05/v0565	SES105	-3.0887	-67.0786	-63.9898
spk_ver/v05/v0566	SES105	-3.82858	-68.2896	-64.4611
spk_ver/v05/v0567	SES142	3.0339	-63.1202	-66.1541
spk_ver/v05/v0568	SES048	1.71865	-62.1454	-63.8641
spk_ver/v05/v0569	SES105	-2.90422	-66.3418	-63.4376
spk_ver/v05/v0570	SES105	0.020462	-64.254	-64.2745
spk_ver/v05/v0571	SES105	-2.93228	-68.9456	-66.0134
spk_ver/v05/v0572	SES105	-4.25838	-69.421	-65.1627
spk_ver/v05/v0573	SES105	-3.67614	-67.474	-63.7978
spk_ver/v05/v0574	SES105	-0.700798	-65.5638	-64.863
spk_ver/v05/v0575	SES105	-1.5139	-68.0332	-66.5193
spk_ver/v05/v0576	SES106	-12.4518	-77.9119	-65.4601
spk_ver/v05/v0577	SES106	-6.4725	-71.5757	-65.1032
spk_ver/v05/v0578	SES106	-7.34907	-72.6094	-65.2603
spk_ver/v05/v0579	SES106	-10.5426	-74.8147	-64.2721
spk_ver/v05/v0580	SES106	-0.871708	-63.7391	-62.8674
spk_ver/v05/v0581	SES106	-10.2079	-77.2176	-67.0097
spk_ver/v05/v0582	SES106	-1.69657	-66.8934	-65.1968
spk_ver/v05/v0583	SES106	-0.0936699	-63.0167	-62.923
spk_ver/v05/v0584	SES106	-11.7972	-76.5289	-64.7317
spk_ver/v05/v0585	SES106	-0.864288	-67.0626	-66.1983
spk_ver/v05/v0586	SES106	-9.79044	-74.9608	-65.1704
spk_ver/v05/v0587	SES106	-3.74792	-68.7583	-65.0104
spk_ver/v05/v0588	SES106	-8.03567	-72.0674	-64.0318
spk_ver/v05/v0589	SES106	-11.6661	-75.6045	-63.9385
spk_ver/v05/v0590	SES082	1.86914	-62.4166	-64.2858
spk_ver/v05/v0591	SES180	2.80909	-63.1038	-65.9128
spk_ver/v05/v0592	SES106	-0.4804	-64.7369	-64.2565
spk_ver/v05/v0593	SES106	-13.4684	-81.0393	-67.5709
spk_ver/v05/v0594	SES292	1.82934	-63.0289	-64.8582
spk_ver/v05/v0595	SES106	-1.74883	-65.2463	-63.4975
spk_ver/v05/v0596	SES106	-11.6384	-78.2901	-66.6517
spk_ver/v05/v0597	SES106	-10.4616	-74.7792	-64.3176
spk_ver/v05/v0598	SES042	2.59109	-60.5941	-63.1852
spk_ver/v05/v0599	SES106	-10.4409	-75.5724	-65.1315
spk_ver/v06/v0600	SES106	0.692406	-63.3339	-64.0263
spk_ver/v06/v0601	SES106	-1.55	-65.8194	-64.2694
spk_ver/v06/v0602	SES106	-5.31676	-69.4064	-64.0897
spk_ver/v06/v0603	SES106	-12.6765	-78.0292	-65.3527
spk_ver/v06/v0604	SES106	-9.50792	-72.7414	-63.2335
spk_ver/v06/v0605	SES106	-14.3795	-81.1967	-66.8172
spk_ver/v06/v0606	SES048	2.51835	-60.6293	-63.1476
spk_ver/v06/v0607	SES167	4.05677	-61.2523	-65.3091
spk_ver/v06/v0608	SES106	-8.76891	-73.9606	-65.1917
spk_ver/v06/v0609	SES143	1.65592	-64.1366	-65.7925
spk_ver/v06/v0610	SES106	-12.5364	-82.6441	-70.1077
spk_ver/v06/v0611	SES106	-7.78606	-72.8989	-65.1128
spk_ver/v06/v0612	SES106	-16.9473	-83.4723	-66.525
spk_ver/v06/v0613	SES117	1.17233	-63.4023	-64.5747
spk_ver/v06/v0614	SES117	-4.19355	-67.675	-63.4815
spk_ver/v06/v0615	SES117	0.112221	-65.7579	-65.8702
spk_ver/v06/v0616	SES106	2.73095	-59.4117	-62.1426
spk_ver/v06/v0617	SES142	4.24335	-62.7618	-67.0051
spk_ver/v06/v0618	SES048	2.2279	-60.5498	-62.7777
spk_ver/v06/v0619	SES175	2.22668	-63.3095	-65.5362
spk_ver/v06/v0620	SES180	2.08328	-62.2587	-64.3419
spk_ver/v06/v0621	SES117	1.40619	-65.9034	-67.3096
spk_ver/v06/v0622	SES029	1.06287	-64.4333	-65.4962
spk_ver/v06/v0623	SES117	0.426197	-63.9141	-64.3403
spk_ver/v06/v0624	SES117	-3.22694	-66.9734	-63.7465
spk_ver/v06/v0625	SES117	1.29006	-66.8575	-68.1476
spk_ver/v06/v0626	SES106	2.40194	-61.1498	-63.5518
spk_ver/v06/v0627	SES226	2.71824	-60.4217	-63.1399
spk_ver/v06/v0628	SES117	2.00811	-64.2545	-66.2626
spk_ver/v06/v0629	SES117	-2.20079	-62.9472	-60.7464
spk_ver/v06/v0630	SES117	-3.77475	-66.8201	-63.0453
spk_ver/v06/v0631	SES117	-3.28674	-68.7664	-65.4797
spk_ver/v06/v0632	SES117	0.536839	-63.504	-64.0409
spk_ver/v06/v0633	SES099	3.26929	-61.0092	-64.2785
spk_ver/v06/v0634	SES105	2.9989	-62.009	-65.0079
spk_ver/v06/v0635	SES167	2.77359	-63.1464	-65.92
spk_ver/v06/v0636	SES117	0.747547	-63.0833	-63.8308
spk_ver/v06/v0637	SES202	3.84244	-62.0853	-65.9278
spk_ver/v06/v0638	SES117	-1.99734	-65.7721	-63.7748
spk_ver/v06/v0639	SES167	3.35788	-61.4739	-64.8318
spk_ver/v06/v0640	SES117	-1.95341	-66.9071	-64.9537
spk_ver/v06/v0641	SES117	-2.23206	-64.8226	-62.5905
spk_ver/v06/v0642	SES101	1.78278	-61.7626	-63.5454
spk_ver/v06/v0643	SES068	2.10652	-62.7715	-64.878
spk_ver/v06/v0644	SES120	-4.1145	-69.0305	-64.916
spk_ver/v06/v0645	SES120	-1.09252	-68.0074	-66.9149
spk_ver/v06/v0646	SES172	2.78046	-63.1591	-65.9396
spk_ver/v06/v0647	SES120	-0.289551	-64.9882	-64.6987
spk_ver/v06/v0648	SES120	0.078186	-63.2376	-63.3157
spk_ver/v06/v0649	SES120	-3.8316	-68.302	-64.4704
spk_ver/v06/v0650	SES087	2.82395	-61.147	-63.9709
spk_ver/v06/v0651	SES120	-2.41679	-66.7977	-64.3809
spk_ver/v06/v0652	SES104	-0.711014	-65.3125	-64.6014
spk_ver/v06/v0653	SES129	2.34503	-61.4788	-63.8239
spk_ver/v06/v0654	SES120	-1.27956	-66.1683	-64.8888
spk_ver/v06/v0655	SES120	-2.68623	-67.1605	-64.4743
spk_ver/v06/v0656	SES120	-0.74865	-65.0533	-64.3046
spk_ver/v06/v0657	SES147	1.93448	-63.6277	-65.5621
spk_ver/v06/v0658	SES120	-3.06719	-67.6631	-64.5959
spk_ver/v06/v0659	SES120	-2.49989	-65.7114	-63.2115
spk_ver/v06/v0660	SES120	-0.0302353	-64.1491	-64.1189
spk_ver/v06/v0661	SES120	-3.50472	-68.0333	-64.5286
spk_ver/v06/v0662	SES120	-1.35308	-66.1298	-64.7767
spk_ver/v06/v0663	SES120	-2.01685	-68.6249	-66.608
spk_ver/v06/v0664	SES147	3.20793	-62.4936	-65.7016
spk_ver/v06/v0665	SES162	2.46681	-63.1569	-65.6237
spk_ver/v06/v0666	SES120	-0.815983	-64.4803	-63.6643
spk_ver/v06/v0667	SES120	-2.86588	-66.8722	-64.0063
spk_ver/v06/v0668	SES120	2.50777	-62.2343	-64.7421
spk_ver/v06/v0669	SES142	4.6981	-61.8497	-66.5478
spk_ver/v06/v0670	SES106	3.24979	-60.4071	-63.6569
spk_ver/v06/v0671	SES183	2.35541	-62.7955	-65.1509
spk_ver/v06/v0672	SES120	-2.25031	-66.5789	-64.3286
spk_ver/v06/v0673	SES029	1.35789	-64.6325	-65.9904
spk_ver/v06/v0674	SES120	-2.22076	-65.9002	-63.6794
spk_ver/v06/v0675	SES008	2.21709	-61.8419	-64.059
spk_ver/v06/v0676	SES125	-10.976	-77.6729	-66.6969
spk_ver/v06/v0677	SES143	1.66129	-63.7937	-65.455
spk_ver/v06/v0678	SES125	-9.46745	-76.1721	-66.7047
spk_ver/v06/v0679	SES162	1.51365	-63.6553	-65.1689
spk_ver/v06/v0680	SES125	-5.43474	-69.4656	-64.0309
spk_ver/v06/v0681	SES125	-2.08833	-66.0157	-63.9274
spk_ver/v06/v0682	SES125	-7.29419	-70.7208	-63.4266
spk_ver/v06/v0683	SES226	2.71617	-61.2471	-63.9632
spk_ver/v06/v0684	SES125	-9.35349	-74.478	-65.1245
spk_ver/v06/v0685	SES125	-13.3238	-77.782	-64.4582
spk_ver/v06/v0686	SES120	2.09974	-61.6336	-63.7333
spk_ver/v06/v0687	SES125	-2.28532	-68.717	-66.4317
spk_ver/v06/v0688	SES158	2.57957	-61.3026	-63.8821
spk_ver/v06/v0689	SES125	-7.41441	-72.6974	-65.283
spk_ver/v06/v0690	SES105	2.73661	-62.3929	-65.1295
spk_ver/v06/v0691	SES125	-0.802261	-64.9625	-64.1602
spk_ver/v06/v0692	SES125	-2.2223	-65.0706	-62.8483
spk_ver/v06/v0693	SES180	2.30182	-62.715	-65.0169
spk_ver/v06/v0694	SES125	-15.4232	-83.3476	-67.9244
spk_ver/v06/v0695	SES125	-3.23643	-67.2036	-63.9671
spk_ver/v06/v0696	SES125	-11.8137	-76.7333	-64.9196
spk_ver/v06/v0697	SES125	-14.342	-80.5919	-66.2499
spk_ver/v06/v0698	SES083	2.67363	-62.1862	-64.8598
spk_ver/v06/v0699	SES125	-10.8885	-76.2529	-65.3644
spk_ver/v07/v0700	SES014	3.83336	-60.3161	-64.1495
spk_ver/v07/v0701	SES125	-6.24982	-69.0142	-62.7644
spk_ver/v07/v0702	SES127	0.774467	-64.1044	-64.8789
spk_ver/v07/v0703	SES127	-0.952385	-67.1324	-66.18
spk_ver/v07/v0704	SES206	3.18072	-60.1999	-63.3806
spk_ver/v07/v0705	SES127	-0.762352	-66.3915	-65.6291
spk_ver/v07/v0706	SES127	-1.2138	-68.3418	-67.128
spk_ver/v07/v0707	SES127	-4.17862	-67.2137	-63.035
spk_ver/v07/v0708	SES275	1.47885	-63.1419	-64.6208
spk_ver/v07/v0709	SES127	-2.68851	-67.432	-64.7435
spk_ver/v07/v0710	SES105	1.4831	-63.3543	-64.8374
spk_ver/v07/v0711	SES127	-2.14503	-66.8716	-64.7265
spk_ver/v07/v0712	SES127	0.341774	-64.5592	-64.901
spk_ver/v07/v0713	SES127	-4.8409	-69.0722	-64.2313
spk_ver/v07/v0714	SES019	4.47142	-60.6125	-65.0839
spk_ver/v07/v0715	SES127	-0.966789	-67.8569	-66.8901
spk_ver/v07/v0716	SES148	1.81477	-62.7464	-64.5612
spk_ver/v07/v0717	SES162	3.16739	-62.0554	-65.2228
spk_ver/v07/v0718	SES189	5.10183	-63.7928	-68.8946
spk_ver/v07/v0719	SES149	0.942326	-61.7563	-62.6986
spk_ver/v07/v0720	SES175	3.23951	-62.8435	-66.083
spk_ver/v07/v0721	SES127	-3.56802	-66.7498	-63.1818
spk_ver/v07/v0722	SES127	-1.43111	-66.0184	-64.5873
spk_ver/v07/v0723	SES127	-0.317558	-65.0786	-64.761
spk_ver/v07/v0724	SES127	-1.28917	-67.6389	-66.3498
spk_ver/v07/v0725	SES127	-1.8847	-67.0259	-65.1412
spk_ver/v07/v0726	SES259	2.16101	-60.1984	-62.3594
spk_ver/v07/v0727	SES127	-2.27203	-67.864	-65.5919
spk_ver/v07/v0728	SES127	0.304527	-63.187	-63.4915
spk_ver/v07/v0729	SES127	-4.64943	-68.9474	-64.2979
spk_ver/v07/v0730	SES127	-1.48076	-67.6557	-66.1749
spk_ver/v07/v0731	SES129	-0.162037	-63.7973	-63.6353
spk_ver/v07/v0732	SES129	-3.41402	-69.4501	-66.0361
spk_ver/v07/v0733	SES129	-5.50058	-73.9438	-68.4432
spk_ver/v07/v0734	SES129	-6.57681	-78.2719	-71.6951
spk_ver/v07/v0735	SES183	2.38476	-62.2532	-64.6379
spk_ver/v07/v0736	SES129	-3.15757	-68.4561	-65.2985
spk_ver/v07/v0737	SES129	-2.54101	-67.477	-64.936
spk_ver/v07/v0738	SES129	-4.34238	-68.6887	-64.3463
spk_ver/v07/v0739	SES129	-3.66657	-69.2671	-65.6005
spk_ver/v07/v0740	SES167	0.764378	-63.4822	-64.2466
spk_ver/v07/v0741	SES129	-3.72664	-70.3211	-66.5944
spk_ver/v07/v0742	SES129	-2.98852	-65.3731	-62.3846
spk_ver/v07/v0743	SES129	-2.17379	-66.7244	-64.5506
spk_ver/v07/v0744	SES129	-5.7916	-73.5715	-67.7799
spk_ver/v07/v0745	SES180	2.16301	-62.7407	-64.9037
spk_ver/v07/v0746	SES129	-0.814953	-64.6092	-63.7943
spk_ver/v07/v0747	SES292	1.45868	-63.096	-64.5547
spk_ver/v07/v0748	SES202	3.0477	-63.095	-66.1427
spk_ver/v07/v0749	SES270	1.73514	-61.429	-63.1641
spk_ver/v07/v0750	SES129	-2.49007	-66.9606	-64.4705
spk_ver/v07/v0751	SES129	-3.67474	-66.1872	-62.5125
spk_ver/v07/v0752	SES060	0.89373	-63.9389	-64.8327
spk_ver/v07/v0753	SES129	-4.96273	-71.3379	-66.3752
spk_ver/v07/v0754	SES129	-9.69303	-81.3478	-71.6547
spk_ver/v07/v0755	SES129	-3.28251	-69.091	-65.8085
spk_ver/v07/v0756	SES175	1.66976	-63.8186	-65.4884
spk_ver/v07/v0757	SES129	-5.11317	-68.9457	-63.8325
spk_ver/v07/v0758	SES129	-5.44269	-69.7759	-64.3332
spk_ver/v07/v0759	SES129	-3.59929	-66.5483	-62.949
spk_ver/v07/v0760	SES129	-3.40237	-68.0654	-64.663
spk_ver/v07/v0761	SES129	-3.08007	-65.1379	-62.0578
spk_ver/v07/v0762	SES172	2.24878	-63.74	-65.9888
spk_ver/v07/v0763	SES129	-4.09396	-68.7619	-64.6679
spk_ver/v07/v0764	SES129	-4.73203	-69.5821	-64.85
spk_ver/v07/v0765	SES175	2.20473	-64.0703	-66.2751
spk_ver/v07/v0766	SES129	-3.17482	-66.4653	-63.2905
spk_ver/v07/v0767	SES129	-2.46819	-68.0177	-65.5495
spk_ver/v07/v0768	SES042	3.38876	-59.2675	-62.6562
spk_ver/v07/v0769	SES099	2.45459	-61.453	-63.9075
spk_ver/v07/v0770	SES142	-3.23404	-68.7454	-65.5114
spk_ver/v07/v0771	SES142	-4.41886	-68.5828	-64.164
spk_ver/v07/v0772	SES101	0.894516	-63.378	-64.2725
spk_ver/v07/v0773	SES142	-7.47978	-72.0221	-64.5423
spk_ver/v07/v0774	SES142	-2.8451	-68.7379	-65.8928
spk_ver/v07/v0775	SES142	-1.32503	-66.4679	-65.1429
spk_ver/v07/v0776	SES142	-2.24776	-66.3977	-64.1499
spk_ver/v07/v0777	SES142	-2.00861	-67.1576	-65.149
spk_ver/v07/v0778	SES142	-0.972542	-67.1278	-66.1552
spk_ver/v07/v0779	SES142	-7.27674	-70.7701	-63.4933
spk_ver/v07/v0780	SES142	-4.34669	-69.1507	-64.804
spk_ver/v07/v0781	SES142	-6.48065	-70.0965	-63.6159
spk_ver/v07/v0782	SES101	1.58687	-62.8033	-64.3902
spk_ver/v07/v0783	SES142	-5.53316	-68.9971	-63.4639
spk_ver/v07/v0784	SES187	3.20157	-62.2946	-65.4962
spk_ver/v07/v0785	SES143	2.25187	-63.9433	-66.1952
spk_ver/v07/v0786	SES142	-1.02204	-67.8844	-66.8624
spk_ver/v07/v0787	SES144	1.78857	-63.0687	-64.8572
spk_ver/v07/v0788	SES275	0.792118	-63.5082	-64.3003
spk_ver/v07/v0789	SES142	-2.26302	-66.8544	-64.5914
spk_ver/v07/v0790	SES099	3.24976	-59.3033	-62.5531
spk_ver/v07/v0791	SES142	-6.84233	-71.6596	-64.8173
spk_ver/v07/v0792	SES142	-3.13826	-65.5782	-62.4399
spk_ver/v07/v0793	SES142	-6.72998	-71.3578	-64.6279
spk_ver/v07/v0794	SES014	2.39362	-60.2809	-62.6745
spk_ver/v07/v0795	SES142	-5.44988	-69.1216	-63.6717
spk_ver/v07/v0796	SES142	-3.75513	-67.7952	-64.04
spk_ver/v07/v0797	SES143	-0.556965	-64.3046	-63.7477
spk_ver/v07/v0798	SES206	3.0425	-59.5987	-62.6412
spk_ver/v07/v0799	SES143	-6.38229	-71.131	-64.7487
spk_ver/v08/v0800	SES143	-0.665833	-65.8	-65.1342
spk_ver/v08/v0801	SES143	-0.11549	-63.8059	-63.6904
spk_ver/v08/v0802	SES143	-3.80788	-68.0203	-64.2124
spk_ver/v08/v0803	SES143	-4.0126	-67.5977	-63.5851
spk_ver/v08/v0804	SES143	-4.5923	-68.5259	-63.9336
spk_ver/v08/v0805	SES143	-3.68647	-67.4871	-63.8007
spk_ver/v08/v0806	SES143	-1.29296	-67.1546	-65.8617
spk_ver/v08/v0807	SES177	1.10595	-63.1734	-64.2793
spk_ver/v08/v0808	SES149	1.74822	-60.9902	-62.7384
spk_ver/v08/v0809	SES143	-5.99069	-69.7849	-63.7942
spk_ver/v08/v0810	SES158	2.36266	-62.2414	-64.6041
spk_ver/v08/v0811	SES143	-0.568634	-67.6184	-67.0497
spk_ver/v08/v0812	SES062	2.68313	-61.4653	-64.1485
spk_ver/v08/v0813	SES259	1.4063	-61.1285	-62.5348
spk_ver/v08/v0814	SES143	-5.14412	-68.4033	-63.2592
spk_ver/v08/v0815	SES143	-4.32133	-67.7164	-63.3951
spk_ver/v08/v0816	SES143	-0.374809	-64.4399	-64.0651
spk_ver/v08/v0817	SES144	1.49368	-64.637	-66.1307
spk_ver/v08/v0818	SES143	1.2008	-65.2574	-66.4582
spk_ver/v08/v0819	SES143	-0.604607	-65.2144	-64.6098
spk_ver/v08/v0820	SES143	0.105259	-63.1312	-63.2364
spk_ver/v08/v0821	SES143	0.126488	-65.7386	-65.8651
spk_ver/v08/v0822	SES143	-4.26102	-67.5417	-63.2807
spk_ver/v08/v0823	SES104	2.23877	-61.2654	-63.5042
spk_ver/v08/v0824	SES143	-1.04096	-66.1099	-65.0689
spk_ver/v08/v0825	SES143	-3.98012	-67.3145	-63.3344
spk_ver/v08/v0826	SES144	-4.25995	-68.1522	-63.8922
spk_ver/v08/v0827	SES144	-0.755653	-65.3824	-64.6267
spk_ver/v08/v0828	SES144	0.564701	-63.3963	-63.961
spk_ver/v08/v0829	SES172	1.66984	-63.5645	-65.2343
spk_ver/v08/v0830	SES144	0.500786	-64.2987	-64.7994
spk_ver/v08/v0831	SES183	1.79977	-63.6207	-65.4205
spk_ver/v08/v0832	SES144	-2.87775	-67.2095	-64.3318
spk_ver/v08/v0833	SES144	-3.21427	-66.2891	-63.0749
spk_ver/v08/v0834	SES144	-0.257835	-64.662	-64.4042
spk_ver/v08/v0835	SES144	-0.547722	-65.5539	-65.0062
spk_ver/v08/v0836	SES144	-2.47323	-65.8396	-63.3664
spk_ver/v08/v0837	SES144	-2.39991	-64.1877	-61.7878
spk_ver/v08/v0838	SES144	-1.76527	-66.7138	-64.9486
spk_ver/v08/v0839	SES085	1.24117	-63.337	-64.5782
spk_ver/v08/v0840	SES144	2.47353	-64.4312	-66.9047
spk_ver/v08/v0841	SES144	-4.19711	-70.1711	-65.974
spk_ver/v08/v0842	SES144	-3.65071	-66.9479	-63.2972
spk_ver/v08/v0843	SES144	0.288017	-64.1677	-64.4557
spk_ver/v08/v0844	SES144	-2.38895	-65.7538	-63.3649
spk_ver/v08/v0845	SES144	-3.32458	-66.2027	-62.8781
spk_ver/v08/v0846	SES104	2.62525	-61.4786	-64.1039
spk_ver/v08/v0847	SES144	-0.0931854	-65.7418	-65.6486
spk_ver/v08/v0848	SES144	1.16532	-67.7741	-68.9394
spk_ver/v08/v0849	SES144	-4.31809	-67.8907	-63.5726
spk_ver/v08/v0850	SES144	-3.9241	-66.9332	-63.0091
spk_ver/v08/v0851	SES144	-1.86613	-65.4183	-63.5522
spk_ver/v08/v0852	SES144	-0.26115	-63.904	-63.6428
spk_ver/v08/v0853	SES144	-3.47115	-66.722	-63.2509
spk_ver/v08/v0854	SES144	-0.084137	-65.5774	-65.4933
spk_ver/v08/v0855	SES144	0.593555	-63.1235	-63.7171
spk_ver/v08/v0856	SES082	-0.369812	-66.5012	-66.1314
spk_ver/v08/v0857	SES142	3.77876	-62.2334	-66.0121
spk_ver/v08/v0858	SES144	1.61929	-66.6928	-68.3121
spk_ver/v08/v0859	SES144	-0.306091	-65.7359	-65.4299
spk_ver/v08/v0860	SES146	-2.67057	-67.1178	-64.4473
spk_ver/v08/v0861	SES146	-2.44845	-67.045	-64.5965
spk_ver/v08/v0862	SES146	-3.24203	-67.8058	-64.5638
spk_ver/v08/v0863	SES146	-0.78434	-66.5453	-65.761
spk_ver/v08/v0864	SES146	-2.51814	-65.6809	-63.1628
spk_ver/v08/v0865	SES008	3.01756	-61.8236	-64.8411
spk_ver/v08/v0866	SES142	2.44836	-63.1527	-65.6011
spk_ver/v08/v0867	SES146	-2.03075	-64.2141	-62.1833
spk_ver/v08/v0868	SES082	3.2151	-59.9478	-63.1628
spk_ver/v08/v0869	SES146	-0.733387	-64.4088	-63.6755
spk_ver/v08/v0870	SES146	-2.97372	-68.2126	-65.2389
spk_ver/v08/v0871	SES146	-3.50694	-67.6146	-64.1077
spk_ver/v08/v0872	SES146	-3.05728	-67.3303	-64.273
spk_ver/v08/v0873	SES082	2.91525	-60.2033	-63.1186
spk_ver/v08/v0874	SES146	-1.5899	-67.8693	-66.2794
spk_ver/v08/v0875	SES144	1.41467	-64.5472	-65.9619
spk_ver/v08/v0876	SES146	-1.55252	-62.5029	-60.9504
spk_ver/v08/v0877	SES146	-2.7999	-66.3461	-63.5462
spk_ver/v08/v0878	SES146	-1.22092	-65.8349	-64.614
spk_ver/v08/v0879	SES146	-1.68813	-67.1947	-65.5066
spk_ver/v08/v0880	SES146	-2.30655	-68.7403	-66.4338
spk_ver/v08/v0881	SES143	1.39187	-64.1632	-65.5551
spk_ver/v08/v0882	SES146	-0.0112305	-64.9271	-64.9159
spk_ver/v08/v0883	SES147	-1.44569	-66.04	-64.5943
spk_ver/v08/v0884	SES147	1.03435	-63.9597	-64.994
spk_ver/v08/v0885	SES016	2.37	-62.5916	-64.9616
spk_ver/v08/v0886	SES147	-0.208809	-66.1824	-65.9736
spk_ver/v08/v0887	SES147	-1.42986	-65.8806	-64.4507
spk_ver/v08/v0888	SES147	-1.25311	-67.0264	-65.7733
spk_ver/v08/v0889	SES019	2.66093	-61.8882	-64.5491
spk_ver/v08/v0890	SES147	-0.889328	-67.181	-66.2917
spk_ver/v08/v0891	SES147	-3.09752	-67.5993	-64.5018
spk_ver/v08/v0892	SES147	-0.15493	-66.3359	-66.1809
spk_ver/v08/v0893	SES270	2.67399	-62.0366	-64.7106
spk_ver/v08/v0894	SES029	2.12753	-63.2492	-65.3768
spk_ver/v08/v0895	SES147	0.639137	-67.2993	-67.9385
spk_ver/v08/v0896	SES117	1.984	-64.4155	-66.3995
spk_ver/v08/v0897	SES183	1.85732	-64.1653	-66.0226
spk_ver/v08/v0898	SES147	-4.38054	-66.7661	-62.3855
spk_ver/v08/v0899	SES147	-1.06609	-68.0867	-67.0206
spk_ver/v09/v0900	SES087	2.19207	-60.8953	-63.0874
spk_ver/v09/v0901	SES147	-7.13503	-71.7531	-64.6181
spk_ver/v09/v0902	SES147	-5.82985	-69.5955	-63.7657
spk_ver/v09/v0903	SES147	0.107491	-65.3523	-65.4598
spk_ver/v09/v0904	SES147	-4.94415	-68.1151	-63.1709
spk_ver/v09/v0905	SES143	1.98838	-63.8263	-65.8147
spk_ver/v09/v0906	SES149	1.49769	-61.5454	-63.0431
spk_ver/v09/v0907	SES148	-0.618946	-63.9818	-63.3629
spk_ver/v09/v0908	SES148	0.436954	-63.964	-64.4009
spk_ver/v09/v0909	SES106	2.9266	-60.2961	-63.2227
spk_ver/v09/v0910	SES148	-0.0289993	-66.9901	-66.9611
spk_ver/v09/v0911	SES148	-3.50507	-68.0949	-64.5898
spk_ver/v09/v0912	SES142	3.20733	-63.7497	-66.9571
spk_ver/v09/v0913	SES148	-3.59443	-68.4104	-64.8159
spk_ver/v09/v0914	SES148	-3.08347	-67.2507	-64.1672
spk_ver/v09/v0915	SES148	-0.779602	-69.1733	-68.3937
spk_ver/v09/v0916	SES148	-1.38219	-68.0327	-66.6505
spk_ver/v09/v0917	SES148	2.20846	-63.1485	-65.3569
spk_ver/v09/v0918	SES148	0.129951	-63.1911	-63.321
spk_ver/v09/v0919	SES270	1.83254	-62.0795	-63.912
spk_ver/v09/v0920	SES148	-2.01534	-64.4083	-62.393
spk_ver/v09/v0921	SES148	-2.27918	-66.4783	-64.1991
spk_ver/v09/v0922	SES129	1.62387	-61.4122	-63.0361
spk_ver/v09/v0923	SES117	2.06319	-63.319	-65.3822
spk_ver/v09/v0924	SES042	4.52183	-58.6927	-63.2145
spk_ver/v09/v0925	SES148	-3.04016	-68.1554	-65.1152
spk_ver/v09/v0926	SES148	-2.96597	-67.9914	-65.0255
spk_ver/v09/v0927	SES144	2.16521	-63.1633	-65.3285
spk_ver/v09/v0928	SES007	2.24076	-63.6364	-65.8772
spk_ver/v09/v0929	SES148	-0.104378	-64.1828	-64.0784
spk_ver/v09/v0930	SES148	-0.858078	-64.9398	-64.0818
spk_ver/v09/v0931	SES148	-1.97665	-68.0333	-66.0566
spk_ver/v09/v0932	SES202	3.92062	-61.9917	-65.9124
spk_ver/v09/v0933	SES148	0.661922	-63.5805	-64.2424
spk_ver/v09/v0934	SES148	-2.39537	-65.2502	-62.8548
spk_ver/v09/v0935	SES060	1.77208	-61.6296	-63.4017
spk_ver/v09/v0936	SES060	2.62804	-63.0187	-65.6468
spk_ver/v09/v0937	SES148	-1.14805	-65.6615	-64.5135
spk_ver/v09/v0938	SES148	-1.81949	-66.3134	-64.4939
spk_ver/v09/v0939	SES148	-2.33801	-64.6052	-62.2672
spk_ver/v09/v0940	SES148	-2.3097	-64.4879	-62.1782
spk_ver/v09/v0941	SES149	-2.53281	-66.8242	-64.2914
spk_ver/v09/v0942	SES149	-6.90878	-71.2417	-64.3329
spk_ver/v09/v0943	SES149	-6.62308	-72.3864	-65.7633
spk_ver/v09/v0944	SES149	-0.900917	-64.5596	-63.6587
spk_ver/v09/v0945	SES105	1.10327	-62.4919	-63.5951
spk_ver/v09/v0946	SES149	-2.95876	-66.1841	-63.2254
spk_ver/v09/v0947	SES149	-9.52063	-76.1598	-66.6392
spk_ver/v09/v0948	SES149	-8.80797	-73.2913	-64.4833
spk_ver/v09/v0949	SES149	-5.0167	-67.5694	-62.5527
spk_ver/v09/v0950	SES226	2.3071	-60.6407	-62.9478
spk_ver/v09/v0951	SES149	-11.2262	-77.3269	-66.1007
spk_ver/v09/v0952	SES149	-2.67357	-66.6955	-64.0219
spk_ver/v09/v0953	SES062	2.52514	-61.6349	-64.16
spk_ver/v09/v0954	SES149	-12.2632	-77.9622	-65.699
spk_ver/v09/v0955	SES048	0.644505	-62.0796	-62.7241
spk_ver/v09/v0956	SES158	-0.0239143	-62.8839	-62.86
spk_ver/v09/v0957	SES158	-9.23741	-76.2266	-66.9891
spk_ver/v09/v0958	SES158	-0.0770416	-62.7066	-62.6296
spk_ver/v09/v0959	SES158	-0.856178	-64.3288	-63.4726
spk_ver/v09/v0960	SES158	-7.40665	-73.0993	-65.6926
spk_ver/v09/v0961	SES147	3.28222	-63.2176	-66.4999
spk_ver/v09/v0962	SES158	-10.8825	-79.6537	-68.7712
spk_ver/v09/v0963	SES292	2.17644	-62.7754	-64.9519
spk_ver/v09/v0964	SES060	2.62373	-61.504	-64.1278
spk_ver/v09/v0965	SES002	2.09909	-61.5681	-63.6671
spk_ver/v09/v0966	SES149	2.34376	-60.4102	-62.754
spk_ver/v09/v0967	SES158	-8.24267	-76.0359	-67.7932
spk_ver/v09/v0968	SES158	-1.94514	-65.6357	-63.6905
spk_ver/v09/v0969	SES275	1.1308	-65.664	-66.7948
spk_ver/v09/v0970	SES158	-9.50013	-73.1719	-63.6718
spk_ver/v09/v0971	SES158	-8.00043	-72.8816	-64.8812
spk_ver/v09/v0972	SES002	3.08198	-59.2251	-62.307
spk_ver/v09/v0973	SES158	-11.8807	-77.236	-65.3553
spk_ver/v09/v0974	SES202	4.07653	-61.6176	-65.6941
spk_ver/v09/v0975	SES158	-11.8195	-78.6004	-66.7809
spk_ver/v09/v0976	SES158	0.293434	-63.0561	-63.3495
spk_ver/v09/v0977	SES162	0.202248	-64.5221	-64.7244
spk_ver/v09/v0978	SES162	-5.61864	-70.3756	-64.757
spk_ver/v09/v0979	SES162	-6.45447	-70.2987	-63.8442
spk_ver/v09/v0980	SES162	0.0654907	-65.3959	-65.4614
spk_ver/v09/v0981	SES162	-1.99678	-67.49	-65.4933
spk_ver/v09/v0982	SES259	2.51374	-60.7378	-63.2515
spk_ver/v09/v0983	SES162	-4.33771	-70.4997	-66.162
spk_ver/v09/v0984	SES162	-0.620781	-63.8832	-63.2624
spk_ver/v09/v0985	SES162	-0.240974	-64.5998	-64.3588
spk_ver/v09/v0986	SES062	2.79256	-61.2288	-64.0214
spk_ver/v09/v0987	SES162	0.552055	-64.3879	-64.9399
spk_ver/v09/v0988	SES162	-3.62165	-66.5683	-62.9466
spk_ver/v09/v0989	SES162	-4.42737	-69.6801	-65.2527
spk_ver/v09/v0990	SES162	-3.36789	-67.502	-64.1341
spk_ver/v09/v0991	SES087	2.56055	-61.2618	-63.8224
spk_ver/v09/v0992	SES120	0.926155	-64.0306	-64.9568
spk_ver/v09/v0993	SES162	-4.15378	-66.9444	-62.7906
spk_ver/v09/v0994	SES162	0.0321579	-64.8669	-64.8991
spk_ver/v09/v0995	SES162	-3.48225	-65.8209	-62.3386
spk_ver/v09/v0996	SES162	-0.516491	-63.8933	-63.3768
spk_ver/v09/v0997	SES162	-5.82402	-69.4418	-63.6178
spk_ver/v09/v0998	SES162	-2.5462	-69.3775	-66.8313
spk_ver/v09/v0999	SES162	0.872238	-62.7906	-63.6628
spk_ver/v10/v1000	SES162	-4.12855	-66.9508	-62.8222
spk_ver/v10/v1001	SES148	2.31632	-63.1741	-65.4905
spk_ver/v10/v1002	SES162	-0.0164413	-65.6639	-65.6475
spk_ver/v10/v1003	SES162	-0.103943	-66.3755	-66.2716
spk_ver/v10/v1004	SES162	-1.80281	-68.0968	-66.294
spk_ver/v10/v1005	SES162	-4.019	-68.6252	-64.6061
spk_ver/v10/v1006	SES162	-2.49146	-66.9707	-64.4792
spk_ver/v10/v1007	SES162	-1.05186	-67.4221	-66.3702
spk_ver/v10/v1008	SES162	-3.97945	-69.6504	-65.671
spk_ver/v10/v1009	SES162	-3.9525	-66.7274	-62.7749
spk_ver/v10/v1010	SES167	-4.2369	-68.0698	-63.8329
spk_ver/v10/v1011	SES167	0.78891	-64.8252	-65.6141
spk_ver/v10/v1012	SES167	-0.798935	-66.7011	-65.9021
spk_ver/v10/v1013	SES167	-5.82872	-69.9077	-64.0789
spk_ver/v10/v1014	SES167	-0.187286	-63.7976	-63.6103
spk_ver/v10/v1015	SES167	0.39315	-64.7566	-65.1497
spk_ver/v10/v1016	SES167	1.63509	-65.2009	-66.836
spk_ver/v10/v1017	SES167	0.94236	-64.8164	-65.7588
spk_ver/v10/v1018	SES167	-2.0779	-66.5254	-64.4475
spk_ver/v10/v1019	SES167	-0.750534	-65.518	-64.7674
spk_ver/v10/v1020	SES167	-4.52623	-67.8661	-63.3399
spk_ver/v10/v1021	SES167	0.995804	-67.9348	-68.9306
spk_ver/v10/v1022	SES167	-1.76794	-66.2708	-64.5029
spk_ver/v10/v1023	SES167	-2.57442	-68.3023	-65.7279
spk_ver/v10/v1024	SES167	-1.61676	-69.9504	-68.3336
spk_ver/v10/v1025	SES167	-0.207195	-63.821	-63.6138
spk_ver/v10/v1026	SES167	-0.577576	-65.9776	-65.4
spk_ver/v10/v1027	SES167	0.0782051	-63.6901	-63.7683
spk_ver/v10/v1028	SES167	-5.59628	-69.2654	-63.6691
spk_ver/v10/v1029	SES167	-1.46844	-66.2168	-64.7483
spk_ver/v10/v1030	SES167	-4.29326	-67.8786	-63.5853
spk_ver/v10/v1031	SES167	-4.55307	-67.6838	-63.1307
spk_ver/v10/v1032	SES167	-4.96431	-68.1465	-63.1822
spk_ver/v10/v1033	SES167	-4.67579	-66.9201	-62.2443
spk_ver/v10/v1034	SES002	2.4977	-59.7372	-62.2349
spk_ver/v10/v1035	SES167	-0.601097	-65.1577	-64.5566
spk_ver/v10/v1036	SES083	2.00334	-62.5198	-64.5232
spk_ver/v10/v1037	SES167	-0.0858688	-65.7732	-65.6874
spk_ver/v10/v1038	SES167	3.02819	-66.7839	-69.812
spk_ver/v10/v1039	SES167	-0.0623398	-65.9565	-65.8942
spk_ver/v10/v1040	SES167	-5.51498	-69.9869	-64.4719
spk_ver/v10/v1041	SES167	0.265007	-65.8155	-66.0805
spk_ver/v10/v1042	SES087	2.18074	-61.5759	-63.7567
spk_ver/v10/v1043	SES029	1.86491	-64.1594	-66.0243
spk_ver/v10/v1044	SES206	2.05828	-60.5649	-62.6232
spk_ver/v10/v1045	SES172	-2.64456	-67.656	-65.0115
spk_ver/v10/v1046	SES172	1.99719	-62.3819	-64.3791
spk_ver/v10/v1047	SES172	-1.47235	-65.9247	-64.4523
spk_ver/v10/v1048	SES259	3.02514	-59.8029	-62.8281
spk_ver/v10/v1049	SES172	-4.28059	-67.1038	-62.8232
spk_ver/v10/v1050	SES120	1.6778	-64.2773	-65.9551
spk_ver/v10/v1051	SES172	-0.71389	-66.1374	-65.4235
spk_ver/v10/v1052	SES172	-2.91288	-68.5326	-65.6197
spk_ver/v10/v1053	SES172	-4.13107	-71.1383	-67.0073
spk_ver/v10/v1054	SES172	-3.21159	-68.8778	-65.6662
spk_ver/v10/v1055	SES189	7.52586	-64.8304	-72.3563
spk_ver/v10/v1056	SES172	-4.70328	-67.8149	-63.1116
spk_ver/v10/v1057	SES172	0.423698	-64.7467	-65.1704
spk_ver/v10/v1058	SES172	-0.790771	-66.6057	-65.8149
spk_ver/v10/v1059	SES172	-0.636856	-65.3606	-64.7237
spk_ver/v10/v1060	SES029	1.47404	-62.1183	-63.5924
spk_ver/v10/v1061	SES175	-6.43329	-71.5081	-65.0748
spk_ver/v10/v1062	SES187	2.05732	-62.2601	-64.3174
spk_ver/v10/v1063	SES019	3.28827	-61.4356	-64.7239
spk_ver/v10/v1064	SES175	-5.00753	-68.3132	-63.3057
spk_ver/v10/v1065	SES175	-5.22309	-69.3929	-64.1698
spk_ver/v10/v1066	SES175	-5.75199	-70.6178	-64.8658
spk_ver/v10/v1067	SES175	-1.74889	-67.2591	-65.5102
spk_ver/v10/v1068	SES175	-6.47115	-70.4385	-63.9673
spk_ver/v10/v1069	SES016	3.54679	-61.3963	-64.9431
spk_ver/v10/v1070	SES175	0.264328	-67.0698	-67.3341
spk_ver/v10/v1071	SES175	-1.13153	-64.8527	-63.7211
spk_ver/v10/v1072	SES175	-8.32781	-72.4092	-64.0814
spk_ver/v10/v1073	SES029	2.65652	-63.6982	-66.3548
spk_ver/v10/v1074	SES175	-4.82845	-68.402	-63.5736
spk_ver/v10/v1075	SES175	-0.624695	-64.236	-63.6113
spk_ver/v10/v1076	SES175	0.322437	-63.4368	-63.7593
spk_ver/v10/v1077	SES175	-5.82536	-68.9453	-63.1199
spk_ver/v10/v1078	SES127	3.21693	-61.3268	-64.5437
spk_ver/v10/v1079	SES175	-3.46001	-65.641	-62.181
spk_ver/v10/v1080	SES175	-0.163254	-65.6711	-65.5078
spk_ver/v10/v1081	SES175	-4.43111	-68.1332	-63.7021
spk_ver/v10/v1082	SES175	-4.1047	-67.3376	-63.2329
spk_ver/v10/v1083	SES007	2.40878	-63.2957	-65.7045
spk_ver/v10/v1084	SES068	2.86332	-61.5711	-64.4344
spk_ver/v10/v1085	SES008	2.59274	-61.3397	-63.9325
spk_ver/v10/v1086	SES175	-0.33078	-63.1714	-62.8406
spk_ver/v10/v1087	SES175	-3.40192	-68.2305	-64.8286
spk_ver/v10/v1088	SES008	3.26196	-61.9905	-65.2524
spk_ver/v10/v1089	SES177	-2.22923	-64.2882	-62.0589
spk_ver/v10/v1090	SES177	-3.79699	-66.8912	-63.0943
spk_ver/v10/v1091	SES177	-4.90849	-69.4263	-64.5178
spk_ver/v10/v1092	SES177	0.388771	-64.4193	-64.8081
spk_ver/v10/v1093	SES177	-6.29657	-70.1457	-63.8491
spk_ver/v10/v1094	SES002	2.92626	-59.3614	-62.2877
spk_ver/v10/v1095	SES104	2.7162	-61.0304	-63.7466
spk_ver/v10/v1096	SES177	-0.951485	-65.5515	-64.6001
spk_ver/v10/v1097	SES177	-0.0494995	-66.6224	-66.5729
spk_ver/v10/v1098	SES177	-0.859894	-65.2522	-64.3923
spk_ver/v10/v1099	SES177	0.849503	-63.9274	-64.7769
spk_ver/v11/v1100	SES177	-4.39006	-68.0083	-63.6183
spk_ver/v11/v1101	SES085	1.41106	-63.131	-64.5421
spk_ver/v11/v1102	SES187	2.38429	-63.3178	-65.7021
spk_ver/v11/v1103	SES177	0.392815	-65.7686	-66.1615
spk_ver/v11/v1104	SES177	2.53712	-62.0588	-64.596
spk_ver/v11/v1105	SES177	0.324265	-63.5264	-63.8507
spk_ver/v11/v1106	SES177	-3.5895	-67.349	-63.7595
spk_ver/v11/v1107	SES177	0.862843	-63.7553	-64.6182
spk_ver/v11/v1108	SES177	0.91029	-63.8154	-64.7257
spk_ver/v11/v1109	SES125	2.8112	-60.5185	-63.3297
spk_ver/v11/v1110	SES177	-3.75058	-66.2546	-62.504
spk_ver/v11/v1111	SES177	-0.110184	-64.4689	-64.3587
spk_ver/v11/v1112	SES177	-4.20946	-68.1471	-63.9377
spk_ver/v11/v1113	SES177	-5.1738	-68.8034	-63.6296
spk_ver/v11/v1114	SES177	-0.0345688	-65.8608	-65.8262
spk_ver/v11/v1115	SES177	-0.861626	-67.3775	-66.5159
spk_ver/v11/v1116	SES085	2.00072	-62.0234	-64.0242
spk_ver/v11/v1117	SES147	2.04951	-63.4295	-65.479
spk_ver/v11/v1118	SES177	0.537025	-64.4313	-64.9684
spk_ver/v11/v1119	SES177	-3.98459	-67.3593	-63.3747
spk_ver/v11/v1120	SES180	-5.67852	-70.2658	-64.5873
spk_ver/v11/v1121	SES189	5.39854	-63.909	-69.3075
spk_ver/v11/v1122	SES117	5.09681	-66.0802	-71.177
spk_ver/v11/v1123	SES129	2.71909	-60.8632	-63.5823
spk_ver/v11/v1124	SES180	-0.707451	-66.6307	-65.9233
spk_ver/v11/v1125	SES180	0.417809	-63.4492	-63.867
spk_ver/v11/v1126	SES180	0.775764	-64.4185	-65.1943
spk_ver/v11/v1127	SES180	-1.29128	-65.5346	-64.2433
spk_ver/v11/v1128	SES016	1.51429	-64.305	-65.8193
spk_ver/v11/v1129	SES158	2.08891	-61.2808	-63.3697
spk_ver/v11/v1130	SES180	-2.13008	-66.2992	-64.1692
spk_ver/v11/v1131	SES180	-3.19343	-65.3078	-62.1144
spk_ver/v11/v1132	SES180	-0.692802	-66.6929	-66.0001
spk_ver/v11/v1133	SES180	-3.44179	-66.1509	-62.7091
spk_ver/v11/v1134	SES180	-2.78816	-67.3541	-64.566
spk_ver/v11/v1135	SES180	-0.329693	-63.7571	-63.4274
spk_ver/v11/v1136	SES180	-4.66112	-69.2716	-64.6104
spk_ver/v11/v1137	SES148	2.106	-62.5422	-64.6482
spk_ver/v11/v1138	SES104	3.50517	-59.089	-62.5941
spk_ver/v11/v1139	SES180	-6.22318	-70.6197	-64.3965
spk_ver/v11/v1140	SES083	1.56334	-62.6837	-64.247
spk_ver/v11/v1141	SES180	-4.44986	-67.911	-63.4611
spk_ver/v11/v1142	SES180	-0.434402	-66.2654	-65.831
spk_ver/v11/v1143	SES180	-1.23606	-68.1403	-66.9042
spk_ver/v11/v1144	SES099	2.82035	-61.3175	-64.1379
spk_ver/v11/v1145	SES180	0.386574	-65.69	-66.0766
spk_ver/v11/v1146	SES183	-2.33195	-67.0158	-64.6838
spk_ver/v11/v1147	SES183	-0.465118	-64.3682	-63.903
spk_ver/v11/v1148	SES183	-5.06449	-70.3691	-65.3046
spk_ver/v11/v1149	SES183	-4.82772	-68.345	-63.5172
spk_ver/v11/v1150	SES183	-4.05769	-67.4438	-63.3861
spk_ver/v11/v1151	SES082	2.17068	-61.2797	-63.4504
spk_ver/v11/v1152	SES183	-1.89621	-67.7536	-65.8574
spk_ver/v11/v1153	SES183	-1.23338	-66.0746	-64.8412
spk_ver/v11/v1154	SES002	2.87455	-59.1902	-62.0647
spk_ver/v11/v1155	SES183	-2.11224	-67.9185	-65.8063
spk_ver/v11/v1156	SES183	-5.48392	-70.9648	-65.4808
spk_ver/v11/v1157	SES183	-3.20872	-64.2467	-61.0379
spk_ver/v11/v1158	SES183	-0.0101624	-64.0535	-64.0434
spk_ver/v11/v1159	SES183	-1.27663	-65.9049	-64.6283
spk_ver/v11/v1160	SES183	-4.38977	-67.3858	-62.9961
spk_ver/v11/v1161	SES183	-5.44626	-70.5425	-65.0963
spk_ver/v11/v1162	SES105	2.31507	-62.0496	-64.3646
spk_ver/v11/v1163	SES183	-5.47273	-69.0239	-63.5512
spk_ver/v11/v1164	SES259	2.48285	-60.6541	-63.1369
spk_ver/v11/v1165	SES183	-2.30862	-67.6241	-65.3155
spk_ver/v11/v1166	SES183	-4.43028	-67.6439	-63.2136
spk_ver/v11/v1167	SES183	-1.83736	-66.4112	-64.5739
spk_ver/v11/v1168	SES183	-0.922924	-64.8708	-63.9479
spk_ver/v11/v1169	SES183	-5.93195	-69.4884	-63.5565
spk_ver/v11/v1170	SES183	-2.51275	-67.6832	-65.1704
spk_ver/v11/v1171	SES183	-7.14967	-72.4009	-65.2512
spk_ver/v11/v1172	SES187	-4.63979	-69.2768	-64.637
spk_ver/v11/v1173	SES019	3.6467	-61.9012	-65.5479
spk_ver/v11/v1174	SES187	-6.01346	-70.9022	-64.8887
spk_ver/v11/v1175	SES187	0.259911	-66.9729	-67.2328
spk_ver/v11/v1176	SES083	1.71076	-62.0403	-63.7511
spk_ver/v11/v1177	SES187	-6.15075	-71.9708	-65.8201
spk_ver/v11/v1178	SES187	-4.55715	-67.9041	-63.3469
spk_ver/v11/v1179	SES187	-1.03487	-65.8005	-64.7656
spk_ver/v11/v1180	SES187	0.787544	-64.4595	-65.247
spk_ver/v11/v1181	SES187	-6.21697	-70.1276	-63.9106
spk_ver/v11/v1182	SES187	-0.425995	-64.6146	-64.1886
spk_ver/v11/v1183	SES187	-5.61771	-69.7893	-64.1716
spk_ver/v11/v1184	SES187	1.01788	-63.9133	-64.9312
spk_ver/v11/v1185	SES127	2.98131	-61.9859	-64.9672
spk_ver/v11/v1186	SES187	-0.068985	-64.0919	-64.023
spk_ver/v11/v1187	SES187	-0.837124	-64.4503	-63.6132
spk_ver/v11/v1188	SES187	0.102226	-66.4405	-66.5427
spk_ver/v11/v1189	SES042	2.74679	-59.8456	-62.5924
spk_ver/v11/v1190	SES187	0.438133	-64.0834	-64.5215
spk_ver/v11/v1191	SES187	-5.58915	-71.3161	-65.727
spk_ver/v11/v1192	SES187	-4.62429	-68.35	-63.7257
spk_ver/v11/v1193	SES183	2.07012	-63.4419	-65.512
spk_ver/v11/v1194	SES187	0.0973969	-66.5679	-66.6653
spk_ver/v11/v1195	SES187	-6.0022	-70.1861	-64.1839
spk_ver/v11/v1196	SES146	2.05439	-63.5213	-65.5757
spk_ver/v11/v1197	SES189	-3.8459	-66.8759	-63.03
spk_ver/v11/v1198	SES175	3.28648	-63.0016	-66.2881
spk_ver/v11/v1199	SES189	-3.75665	-69.0997	-65.343
spk_ver/v12/v1200	SES189	-0.618294	-64.1882	-63.5699
spk_ver/v12/v1201	SES177	1.95343	-62.3178	-64.2712
spk_ver/v12/v1202	SES189	-0.539894	-66.3545	-65.8146
spk_ver/v12/v1203	SES143	1.9412	-63.7728	-65.714
spk_ver/v12/v1204	SES189	-0.800758	-65.6818	-64.8811
spk_ver/v12/v1205	SES189	-0.390541	-64.7607	-64.3701
spk_ver/v12/v1206	SES189	-4.61581	-69.2286	-64.6128
spk_ver/v12/v1207	SES189	-2.84496	-66.9551	-64.1102
spk_ver/v12/v1208	SES189	-1.90678	-65.4208	-63.514
spk_ver/v12/v1209	SES189	-4.24928	-68.7802	-64.531
spk_ver/v12/v1210	SES189	2.98817	-63.8465	-66.8347
spk_ver/v12/v1211	SES062	2.68877	-61.4137	-64.1025
spk_ver/v12/v1212	SES189	-0.235687	-65.1746	-64.9389
spk_ver/v12/v1213	SES048	1.99678	-61.8097	-63.8065
spk_ver/v12/v1214	SES042	3.71766	-58.7094	-62.4271
spk_ver/v12/v1215	SES008	3.009	-60.8078	-63.8168
spk_ver/v12/v1216	SES202	-3.55748	-66.2123	-62.6548
spk_ver/v12/v1217	SES202	-1.81161	-68.4268	-66.6152
spk_ver/v12/v1218	SES085	2.13454	-60.8401	-62.9746
spk_ver/v12/v1219	SES202	-2.17095	-66.2554	-64.0844
spk_ver/v12/v1220	SES202	-2.46204	-66.7217	-64.2596
spk_ver/v12/v1221	SES202	-0.388908	-65.9699	-65.581
spk_ver/v12/v1222	SES202	-8.31097	-72.9397	-64.6287
spk_ver/v12/v1223	SES158	2.20222	-61.7203	-63.9225
spk_ver/v12/v1224	SES202	-1.35873	-66.8997	-65.541
spk_ver/v12/v1225	SES202	-5.96647	-69.6321	-63.6656
spk_ver/v12/v1226	SES202	-4.69399	-69.7929	-65.0989
spk_ver/v12/v1227	SES202	-3.38459	-68.0657	-64.6811
spk_ver/v12/v1228	SES177	2.42965	-62.4666	-64.8963
spk_ver/v12/v1229	SES202	-4.36022	-68.606	-64.2458
spk_ver/v12/v1230	SES202	-0.336258	-65.5947	-65.2585
spk_ver/v12/v1231	SES202	-3.6622	-69.3389	-65.6767
spk_ver/v12/v1232	SES202	0.837997	-67.4974	-68.3354
spk_ver/v12/v1233	SES206	2.56288	-59.5802	-62.1431
spk_ver/v12/v1234	SES202	-5.86488	-69.5917	-63.7268
spk_ver/v12/v1235	SES202	-3.66438	-67.8816	-64.2172
spk_ver/v12/v1236	SES125	3.22581	-61.0703	-64.2962
spk_ver/v12/v1237	SES127	2.73719	-61.4695	-64.2066
spk_ver/v12/v1238	SES202	4.44613	-61.2636	-65.7098
spk_ver/v12/v1239	SES167	3.37614	-61.7971	-65.1733
spk_ver/v12/v1240	SES206	-10.1766	-77.9225	-67.7459
spk_ver/v12/v1241	SES206	-12.5299	-78.9411	-66.4111
spk_ver/v12/v1242	SES206	-0.531292	-63.0056	-62.4743
spk_ver/v12/v1243	SES206	-1.64618	-65.8613	-64.2151
spk_ver/v12/v1244	SES259	2.24015	-61.0347	-63.2748
spk_ver/v12/v1245	SES206	-6.49969	-70.5447	-64.045
spk_ver/v12/v1246	SES206	-6.56964	-70.6933	-64.1237
spk_ver/v12/v1247	SES206	0.309238	-62.8584	-63.1676
spk_ver/v12/v1248	SES206	-13.4824	-80.8295	-67.3471
spk_ver/v12/v1249	SES270	2.21927	-61.488	-63.7072
spk_ver/v12/v1250	SES206	-10.7899	-76.5377	-65.7478
spk_ver/v12/v1251	SES206	-6.36246	-69.5679	-63.2054
spk_ver/v12/v1252	SES206	-5.39499	-69.8288	-64.4338
spk_ver/v12/v1253	SES206	0.334946	-62.8399	-63.1749
spk_ver/v12/v1254	SES206	-0.180794	-63.2774	-63.0966
spk_ver/v12/v1255	SES125	2.50427	-60.9556	-63.4599
spk_ver/v12/v1256	SES206	-15.3212	-80.7216	-65.4003
spk_ver/v12/v1257	SES206	-8.16075	-71.6738	-63.513
spk_ver/v12/v1258	SES206	-1.69756	-65.4958	-63.7982
spk_ver/v12/v1259	SES206	-14.3196	-80.1187	-65.7991
spk_ver/v12/v1260	SES206	-15.9112	-84.0453	-68.1341
spk_ver/v12/v1261	SES206	-10.6624	-75.1831	-64.5206
spk_ver/v12/v1262	SES206	-12.2991	-78.4461	-66.147
spk_ver/v12/v1263	SES206	-8.61031	-72.3275	-63.7172
spk_ver/v12/v1264	SES149	1.45493	-62.6663	-64.1212
spk_ver/v12/v1265	SES206	-0.879822	-65.5299	-64.6501
spk_ver/v12/v1266	SES206	-15.0849	-81.9166	-66.8317
spk_ver/v12/v1267	SES206	-1.06882	-66.7163	-65.6475
spk_ver/v12/v1268	SES206	-6.40093	-71.137	-64.7361
spk_ver/v12/v1269	SES206	-12.9755	-84.2262	-71.2507
spk_ver/v12/v1270	SES206	-17.2654	-87.6715	-70.4061
spk_ver/v12/v1271	SES226	-18.9671	-86.2341	-67.267
spk_ver/v12/v1272	SES226	0.982327	-62.0509	-63.0332
spk_ver/v12/v1273	SES226	-11.749	-76.4212	-64.6722
spk_ver/v12/v1274	SES226	-12.5603	-77.8379	-65.2775
spk_ver/v12/v1275	SES226	0.342754	-63.6188	-63.9615
spk_ver/v12/v1276	SES226	-10.5294	-75.8382	-65.3088
spk_ver/v12/v1277	SES226	-0.102543	-64.0756	-63.9731
spk_ver/v12/v1278	SES226	0.441689	-63.0481	-63.4898
spk_ver/v12/v1279	SES226	-11.339	-75.061	-63.7221
spk_ver/v12/v1280	SES226	-2.5086	-65.6729	-63.1643
spk_ver/v12/v1281	SES226	-0.38649	-64.7721	-64.3856
spk_ver/v12/v1282	SES226	-2.75772	-66.6876	-63.9299
spk_ver/v12/v1283	SES143	2.69827	-62.9674	-65.6657
spk_ver/v12/v1284	SES226	-6.79537	-69.6918	-62.8964
spk_ver/v12/v1285	SES226	0.301891	-63.1994	-63.5013
spk_ver/v12/v1286	SES226	-1.63229	-66.2085	-64.5762
spk_ver/v12/v1287	SES226	-6.20187	-69.8045	-63.6027
spk_ver/v12/v1288	SES226	-9.80602	-74.2271	-64.421
spk_ver/v12/v1289	SES104	1.53779	-62.2154	-63.7532
spk_ver/v12/v1290	SES008	3.42987	-62.0667	-65.4966
spk_ver/v12/v1291	SES226	-0.743378	-63.1968	-62.4535
spk_ver/v12/v1292	SES259	-3.20014	-67.8978	-64.6977
spk_ver/v12/v1293	SES062	1.94238	-62.2971	-64.2395
spk_ver/v12/v1294	SES099	2.61202	-62.1157	-64.7277
spk_ver/v12/v1295	SES158	1.35959	-62.5302	-63.8898
spk_ver/v12/v1296	SES259	-8.80358	-72.3888	-63.5852
spk_ver/v12/v1297	SES259	-5.27982	-70.1652	-64.8854
spk_ver/v12/v1298	SES259	-1.12243	-64.3188	-63.1963
spk_ver/v12/v1299	SES259	-8.71281	-74.358	-65.6452
spk_ver/v13/v1300	SES120	2.21235	-63.2995	-65.5118
spk_ver/v13/v1301	SES259	-12.134	-77.4637	-65.3297
spk_ver/v13/v1302	SES259	-11.4759	-77.3063	-65.8304
spk_ver/v13/v1303	SES129	1.93959	-62.4894	-64.429
spk_ver/v13/v1304	SES259	-10.3753	-75.3514	-64.9761
spk_ver/v13/v1305	SES259	-7.58447	-73.542	-65.9575
spk_ver/v13/v1306	SES106	1.53749	-61.7087	-63.2461
spk_ver/v13/v1307	SES259	-8.75676	-74.4702	-65.7135
spk_ver/v13/v1308	SES259	-1.04582	-64.627	-63.5812
spk_ver/v13/v1309	SES259	-9.73862	-74.3411	-64.6024
spk_ver/v13/v1310	SES259	-6.17088	-70.3241	-64.1533
spk_ver/v13/v1311	SES259	-8.14361	-72.8304	-64.6868
spk_ver/v13/v1312	SES259	-1.47304	-63.899	-62.426
spk_ver/v13/v1313	SES144	1.43457	-62.9825	-64.4171
spk_ver/v13/v1314	SES259	-11.4473	-76.7043	-65.257
spk_ver/v13/v1315	SES162	3.04174	-62.3962	-65.438
spk_ver/v13/v1316	SES206	2.65586	-60.1502	-62.8061
spk_ver/v13/v1317	SES175	2.52781	-63.559	-66.0868
spk_ver/v13/v1318	SES259	-11.5811	-78.0521	-66.471
spk_ver/v13/v1319	SES259	-11.1378	-77.3529	-66.215
spk_ver/v13/v1320	SES270	0.438679	-62.9754	-63.4141
spk_ver/v13/v1321	SES101	1.45591	-62.9536	-64.4095
spk_ver/v13/v1322	SES177	2.42367	-61.9467	-64.3704
spk_ver/v13/v1323	SES127	3.1581	-60.5857	-63.7438
spk_ver/v13/v1324	SES270	-14.0926	-79.4659	-65.3733
spk_ver/v13/v1325	SES062	1.8243	-62.4708	-64.2951
spk_ver/v13/v1326	SES270	0.349079	-63.8834	-64.2325
spk_ver/v13/v1327	SES120	1.27681	-64.5885	-65.8653
spk_ver/v13/v1328	SES270	-4.80332	-70.2849	-65.4816
spk_ver/v13/v1329	SES270	-7.87753	-70.9907	-63.1132
spk_ver/v13/v1330	SES270	-0.114616	-64.6407	-64.5261
spk_ver/v13/v1331	SES270	-7.05005	-70.4009	-63.3508
spk_ver/v13/v1332	SES270	0.524597	-62.4332	-62.9578
spk_ver/v13/v1333	SES270	-1.073	-66.0016	-64.9286
spk_ver/v13/v1334	SES270	-2.12982	-65.447	-63.3172
spk_ver/v13/v1335	SES270	0.064476	-62.9202	-62.9847
spk_ver/v13/v1336	SES270	-0.0555763	-63.1323	-63.0767
spk_ver/v13/v1337	SES016	2.89899	-62.3879	-65.2869
spk_ver/v13/v1338	SES270	-7.43927	-70.9188	-63.4795
spk_ver/v13/v1339	SES002	2.48081	-59.4965	-61.9773
spk_ver/v13/v1340	SES105	2.69532	-62.4825	-65.1778
spk_ver/v13/v1341	SES275	-1.20535	-67.9965	-66.7911
spk_ver/v13/v1342	SES187	3.396	-64.4076	-67.8036
spk_ver/v13/v1343	SES275	-0.612434	-67.3703	-66.7579
spk_ver/v13/v1344	SES275	-3.85005	-68.9019	-65.0519
spk_ver/v13/v1345	SES275	-2.71745	-66.1012	-63.3838
spk_ver/v13/v1346	SES275	-3.83217	-67.1443	-63.3121
spk_ver/v13/v1347	SES275	-3.20679	-69.535	-66.3282
spk_ver/v13/v1348	SES180	1.20451	-63.894	-65.0985
spk_ver/v13/v1349	SES275	-2.86577	-71.116	-68.2503
spk_ver/v13/v1350	SES275	-0.871586	-63.72	-62.8484
spk_ver/v13/v1351	SES275	-2.35264	-72.4385	-70.0858
spk_ver/v13/v1352	SES275	-1.05155	-65.1984	-64.1469
spk_ver/v13/v1353	SES275	-3.4985	-68.81	-65.3115
spk_ver/v13/v1354	SES189	5.67117	-63.7632	-69.4344
spk_ver/v13/v1355	SES068	1.10162	-62.0824	-63.184
spk_ver/v13/v1356	SES275	-3.43887	-68.3314	-64.8926
spk_ver/v13/v1357	SES048	1.31471	-62.6068	-63.9215
spk_ver/v13/v1358	SES226	3.20122	-59.6761	-62.8773
spk_ver/v13/v1359	SES016	1.11104	-62.9345	-64.0455
spk_ver/v13/v1360	SES275	-1.22056	-67.5319	-66.3113
spk_ver/v13/v1361	SES068	2.54581	-61.1973	-63.7431
spk_ver/v13/v1362	SES275	-4.04566	-67.5704	-63.5247
spk_ver/v13/v1363	SES275	-3.3484	-67.6673	-64.3189
spk_ver/v13/v1364	SES275	-3.49306	-71.7529	-68.2598
spk_ver/v13/v1365	SES275	-1.09775	-66.216	-65.1183
spk_ver/v13/v1366	SES187	2.62504	-62.4167	-65.0418
spk_ver/v13/v1367	SES275	-5.07734	-70.0662	-64.9889
spk_ver/v13/v1368	SES125	2.11272	-60.9589	-63.0716
spk_ver/v13/v1369	SES275	-2.70922	-67.4533	-64.7441
spk_ver/v13/v1370	SES292	-3.9328	-67.4914	-63.5586
spk_ver/v13/v1371	SES292	-2.7737	-66.477	-63.7033
spk_ver/v13/v1372	SES292	-3.02341	-68.2045	-65.1811
spk_ver/v13/v1373	SES292	-1.20274	-66.2886	-65.0859
spk_ver/v13/v1374	SES101	1.39959	-63.3046	-64.7042
spk_ver/v13/v1375	SES292	-0.651802	-66.6128	-65.961
spk_ver/v13/v1376	SES292	-0.820938	-64.9301	-64.1092
spk_ver/v13/v1377	SES292	-2.59144	-70.7301	-68.1387
spk_ver/v13/v1378	SES292	0.0169449	-64.1044	-64.1214
spk_ver/v13/v1379	SES292	-0.811104	-65.2786	-64.4675
spk_ver/v13/v1380	SES292	-1.35504	-65.573	-64.218
spk_ver/v13/v1381	SES292	-2.24583	-64.1971	-61.9513
spk_ver/v13/v1382	SES292	-1.97134	-69.4323	-67.4609
spk_ver/v13/v1383	SES292	-1.66175	-65.923	-64.2613
spk_ver/v13/v1384	SES292	-0.796928	-65.647	-64.85
spk_ver/v13/v1385	SES292	-1.10784	-65.8027	-64.6949
spk_ver/v13/v1386	SES292	-0.738586	-66.2151	-65.4765
spk_ver/v13/v1387	SES158	1.60447	-63.4737	-65.0782
spk_ver/v13/v1388	SES292	1.20842	-63.0822	-64.2906
spk_ver/v13/v1389	SES292	0.561523	-62.295	-62.8565
spk_ver/v13/v1390	SES292	-2.3304	-66.1678	-63.8374
spk_ver/v13/v1391	SES292	-0.184059	-65.0345	-64.8505
spk_ver/v13/v1392	SES292	-2.65168	-68.6157	-65.964
spk_ver/v13/v1393	SES292	-3.01494	-65.9409	-62.926
spk_ver/v13/v1394	SES292	-0.369217	-68.3603	-67.9911
spk_ver/v13/v1395	SES292	-2.99941	-65.6729	-62.6735
spk_ver/v13/v1396	SES117	3.23272	-63.9305	-67.1632
spk_ver/v13/v1397	SES292	-2.48479	-64.7898	-62.305
spk_ver/v13/v1398	SES292	-1.66619	-67.7415	-66.0753
spk_ver/v13/v1399	SES292	-0.718922	-64.3734	-63.6544
