BLOCK00/SES002/SA002S12	SES002	2.30519	-60.2419	-62.5471
BLOCK00/SES002/SA002S13	SES002	3.31993	-60.2233	-63.5432
BLOCK00/SES002/SA002S23	SES002	3.20752	-59.511	-62.7185
BLOCK00/SES002/SA002S26	SES002	3.27689	-59.0964	-62.3733
BLOCK00/SES002/SA002S28	SES002	2.08457	-61.4593	-63.5439
BLOCK00/SES007/SA007S14	SES007	3.0108	-60.8488	-63.8596
BLOCK00/SES007/SA007S15	SES007	1.67526	-63.1376	-64.8129
BLOCK00/SES007/SA007S24	SES007	1.86187	-62.4433	-64.3052
BLOCK00/SES007/SA007S27	SES007	1.63078	-62.7726	-64.4033
BLOCK00/SES007/SA007S29	SES007	1.707	-61.9264	-63.6334
BLOCK00/SES008/SA008S11	SES008	2.10665	-62.4837	-64.5903
BLOCK00/SES008/SA008S12	SES008	1.46828	-62.9145	-64.3827
BLOCK00/SES008/SA008S19	SES008	3.09604	-61.2357	-64.3318
BLOCK00/SES008/SA008S22	SES008	2.2412	-63.4511	-65.6923
BLOCK00/SES008/SA008S29	SES008	2.74455	-61.6698	-64.4143
BLOCK01/SES014/SA014S10	SES014	3.20243	-60.8916	-64.094
BLOCK01/SES014/SA014S12	SES014	3.91738	-58.477	-62.3943
BLOCK01/SES014/SA014S24	SES014	2.55605	-60.7716	-63.3277
BLOCK01/SES014/SA014S26	SES014	4.00503	-57.5806	-61.5856
BLOCK01/SES014/SA014S28	SES014	4.45683	-58.5047	-62.9615
BLOCK01/SES016/SA016S12	SES016	2.09953	-65.0917	-67.1912
BLOCK01/SES016/SA016S13	SES016	2.49265	-63.6902	-66.1828
BLOCK01/SES016/SA016S22	SES016	2.28347	-63.8036	-66.0871
BLOCK01/SES016/SA016S25	SES016	2.79529	-61.021	-63.8162
BLOCK01/SES016/SA016S27	SES016	2.98685	-61.5233	-64.5101
BLOCK01/SES019/SA019S13	SES019	3.13639	-61.3413	-64.4777
BLOCK01/SES019/SA019S14	SES019	2.90555	-61.1782	-64.0838
BLOCK01/SES019/SA019S22	SES019	2.42389	-61.8069	-64.2308
BLOCK01/SES019/SA019S25	SES019	3.21189	-61.1704	-64.3823
BLOCK01/SES019/SA019S29	SES019	3.67236	-61.1996	-64.8719
BLOCK02/SES029/SA029S11	SES029	2.48433	-62.2446	-64.729
BLOCK02/SES029/SA029S12	SES029	1.19608	-62.801	-63.9971
BLOCK02/SES029/SA029S20	SES029	1.85907	-63.5167	-65.3758
BLOCK02/SES029/SA029S25	SES029	1.95469	-62.5018	-64.4565
BLOCK02/SES029/SA029S28	SES029	1.53471	-62.7713	-64.306
BLOCK04/SES042/SA042S12	SES042	4.28941	-58.871	-63.1604
BLOCK04/SES042/SA042S15	SES042	3.05241	-60.2606	-63.313
BLOCK04/SES042/SA042S22	SES042	5.03727	-57.4073	-62.4445
BLOCK04/SES042/SA042S25	SES042	2.9908	-60.4098	-63.4006
BLOCK04/SES042/SA042S27	SES042	3.48861	-59.3304	-62.819
BLOCK04/SES048/SA048S11	SES048	1.68396	-61.3864	-63.0703
BLOCK04/SES048/SA048S12	SES048	1.75967	-62.0514	-63.8111
BLOCK04/SES048/SA048S20	SES048	1.92445	-61.5223	-63.4467
BLOCK04/SES048/SA048S23	SES048	2.67593	-61.1856	-63.8615
BLOCK04/SES048/SA048S27	SES048	2.4715	-60.7211	-63.1926
BLOCK06/SES060/SA060S11	SES060	2.18098	-63.0115	-65.1925
BLOCK06/SES060/SA060S12	SES060	2.27669	-64.7502	-67.0269
BLOCK06/SES060/SA060S22	SES060	0.755302	-64.6084	-65.3637
BLOCK06/SES060/SA060S24	SES060	1.75837	-62.2616	-64.02
BLOCK06/SES060/SA060S28	SES060	2.704	-60.4018	-63.1058
BLOCK06/SES062/SA062S10	SES062	2.87536	-61.6273	-64.5026
BLOCK06/SES062/SA062S11	SES062	3.09161	-62.533	-65.6246
BLOCK06/SES062/SA062S21	SES062	4.40254	-58.5032	-62.9057
BLOCK06/SES062/SA062S26	SES062	2.96693	-61.3224	-64.2893
BLOCK06/SES062/SA062S29	SES062	3.08884	-60.7393	-63.8281
BLOCK06/SES068/SA068S14	SES068	2.41564	-62.4838	-64.8995
BLOCK06/SES068/SA068S15	SES068	2.94886	-61.0516	-64.0005
BLOCK06/SES068/SA068S23	SES068	1.50872	-63.1451	-64.6538
BLOCK06/SES068/SA068S27	SES068	4.03246	-61.2739	-65.3064
BLOCK06/SES068/SA068S29	SES068	2.14452	-61.8154	-63.9599
BLOCK08/SES082/SA082S12	SES082	1.99053	-61.7848	-63.7753
BLOCK08/SES082/SA082S14	SES082	1.13391	-63.5232	-64.6571
BLOCK08/SES082/SA082S21	SES082	1.58062	-62.8249	-64.4055
BLOCK08/SES082/SA082S24	SES082	2.4602	-61.7335	-64.1937
BLOCK08/SES082/SA082S28	SES082	1.4558	-63.0233	-64.4791
BLOCK08/SES083/SA083S14	SES083	1.17496	-63.4107	-64.5857
BLOCK08/SES083/SA083S15	SES083	1.72926	-62.6404	-64.3697
BLOCK08/SES083/SA083S24	SES083	1.67906	-63.0329	-64.7119
BLOCK08/SES083/SA083S26	SES083	1.0299	-63.1648	-64.1947
BLOCK08/SES083/SA083S29	SES083	1.3674	-62.4756	-63.843
BLOCK08/SES085/SA085S10	SES085	1.17365	-62.7467	-63.9203
BLOCK08/SES085/SA085S13	SES085	1.9521	-63.5895	-65.5416
BLOCK08/SES085/SA085S22	SES085	-0.11116	-66.5692	-66.4581
BLOCK08/SES085/SA085S26	SES085	2.12831	-63.335	-65.4633
BLOCK08/SES085/SA085S28	SES085	2.09769	-61.8544	-63.9521
BLOCK08/SES087/SA087S15	SES087	2.38815	-61.2308	-63.6189
BLOCK08/SES087/SA087S16	SES087	2.50753	-61.4509	-63.9584
BLOCK08/SES087/SA087S24	SES087	2.69909	-60.7138	-63.4128
BLOCK08/SES087/SA087S26	SES087	2.88419	-59.8722	-62.7564
BLOCK08/SES087/SA087S29	SES087	2.49693	-61.2687	-63.7656
BLOCK09/SES099/SA099S15	SES099	2.61799	-61.4601	-64.078
BLOCK09/SES099/SA099S16	SES099	2.66312	-60.8565	-63.5197
BLOCK09/SES099/SA099S24	SES099	2.45998	-60.8703	-63.3303
BLOCK09/SES099/SA099S26	SES099	2.64886	-60.5988	-63.2477
BLOCK09/SES099/SA099S29	SES099	2.72849	-60.9393	-63.6678
BLOCK10/SES101/SA101S11	SES101	1.1949	-62.3831	-63.578
BLOCK10/SES101/SA101S13	SES101	2.10543	-61.5915	-63.6969
BLOCK10/SES101/SA101S22	SES101	1.89982	-63.9057	-65.8055
BLOCK10/SES101/SA101S24	SES101	1.45137	-62.7629	-64.2143
BLOCK10/SES101/SA101S28	SES101	1.96949	-63.9227	-65.8922
BLOCK10/SES104/SA104S11	SES104	2.26838	-60.6254	-62.8938
BLOCK10/SES104/SA104S12	SES104	2.54464	-60.9319	-63.4765
BLOCK10/SES104/SA104S21	SES104	2.72403	-61.1512	-63.8753
BLOCK10/SES104/SA104S24	SES104	2.22989	-61.2575	-63.4874
BLOCK10/SES104/SA104S28	SES104	3.06953	-60.9613	-64.0308
BLOCK10/SES105/SA105S12	SES105	1.6518	-63.448	-65.0998
BLOCK10/SES105/SA105S13	SES105	1.69855	-62.8215	-64.5201
BLOCK10/SES105/SA105S22	SES105	1.10665	-63.4378	-64.5444
BLOCK10/SES105/SA105S26	SES105	2.23582	-62.9598	-65.1956
BLOCK10/SES105/SA105S29	SES105	1.79628	-62.846	-64.6423
BLOCK10/SES106/SA106S09	SES106	2.04008	-62.2101	-64.2502
BLOCK10/SES106/SA106S11	SES106	2.25221	-60.8102	-63.0624
BLOCK10/SES106/SA106S22	SES106	3.88984	-60.6583	-64.5481
BLOCK10/SES106/SA106S27	SES106	2.21334	-61.8627	-64.076
BLOCK10/SES106/SA106S29	SES106	1.41207	-61.6516	-63.0637
BLOCK11/SES117/SA117S12	SES117	1.79805	-64.1515	-65.9495
BLOCK11/SES117/SA117S13	SES117	2.23672	-63.0351	-65.2718
BLOCK11/SES117/SA117S23	SES117	3.49683	-64.9027	-68.3995
BLOCK11/SES117/SA117S25	SES117	2.49883	-63.628	-66.1268
BLOCK11/SES117/SA117S28	SES117	3.19244	-64.4053	-67.5977
BLOCK12/SES120/SA120S08	SES120	1.74702	-63.8487	-65.5957
BLOCK12/SES120/SA120S11	SES120	0.600975	-65.8883	-66.4893
BLOCK12/SES120/SA120S22	SES120	1.30621	-62.5378	-63.844
BLOCK12/SES120/SA120S24	SES120	1.39285	-63.5798	-64.9726
BLOCK12/SES120/SA120S28	SES120	1.54768	-64.4902	-66.0378
BLOCK12/SES125/SA125S13	SES125	3.21764	-60.3752	-63.5929
BLOCK12/SES125/SA125S14	SES125	2.23112	-61.5335	-63.7646
BLOCK12/SES125/SA125S25	SES125	3.02937	-60.538	-63.5674
BLOCK12/SES125/SA125S27	SES125	3.73247	-59.4398	-63.1723
BLOCK12/SES125/SA125S29	SES125	2.73122	-60.9098	-63.641
BLOCK12/SES127/SA127S11	SES127	2.09862	-62.9563	-65.0549
BLOCK12/SES127/SA127S12	SES127	0.856213	-63.3242	-64.1804
BLOCK12/SES127/SA127S23	SES127	1.93683	-62.8782	-64.815
BLOCK12/SES127/SA127S25	SES127	1.82307	-63.0913	-64.9144
BLOCK12/SES127/SA127S27	SES127	3.17973	-62.4134	-65.5932
BLOCK12/SES129/SA129S11	SES129	2.22248	-61.9697	-64.1922
BLOCK12/SES129/SA129S12	SES129	2.56006	-61.2614	-63.8214
BLOCK12/SES129/SA129S22	SES129	2.18143	-62.0596	-64.241
BLOCK12/SES129/SA129S27	SES129	2.90903	-60.9055	-63.8145
BLOCK12/SES129/SA129S29	SES129	3.13641	-60.6788	-63.8152
BLOCK14/SES142/SA142S11	SES142	3.65959	-62.6905	-66.3501
BLOCK14/SES142/SA142S12	SES142	2.95888	-64.2047	-67.1636
BLOCK14/SES142/SA142S24	SES142	4.6826	-62.1455	-66.8281
BLOCK14/SES142/SA142S27	SES142	3.70695	-62.2102	-65.9171
BLOCK14/SES142/SA142S29	SES142	4.02854	-62.062	-66.0905
BLOCK14/SES143/SA143S12	SES143	1.92244	-63.6221	-65.5446
BLOCK14/SES143/SA143S13	SES143	1.95406	-63.3577	-65.3117
BLOCK14/SES143/SA143S23	SES143	2.60907	-63.2888	-65.8979
BLOCK14/SES143/SA143S25	SES143	3.01976	-63.378	-66.3978
BLOCK14/SES143/SA143S28	SES143	2.59553	-62.4206	-65.0161
BLOCK14/SES144/SA144S09	SES144	1.54449	-62.9105	-64.455
BLOCK14/SES144/SA144S11	SES144	1.76616	-63.7977	-65.5638
BLOCK14/SES144/SA144S21	SES144	1.79165	-63.5488	-65.3405
BLOCK14/SES144/SA144S25	SES144	1.35699	-63.786	-65.143
BLOCK14/SES144/SA144S29	SES144	1.10811	-63.4439	-64.552
BLOCK14/SES146/SA146S14	SES146	1.38507	-63.3151	-64.7001
BLOCK14/SES146/SA146S15	SES146	1.19377	-63.5295	-64.7233
BLOCK14/SES146/SA146S24	SES146	1.46838	-63.7505	-65.2189
BLOCK14/SES146/SA146S26	SES146	2.03732	-63.6595	-65.6969
BLOCK14/SES146/SA146S29	SES146	1.90683	-63.6637	-65.5705
BLOCK14/SES147/SA147S11	SES147	2.51772	-63.5459	-66.0636
BLOCK14/SES147/SA147S13	SES147	2.61806	-62.0732	-64.6913
BLOCK14/SES147/SA147S23	SES147	3.48122	-63.1238	-66.6051
BLOCK14/SES147/SA147S26	SES147	2.48276	-62.7684	-65.2512
BLOCK14/SES147/SA147S28	SES147	2.97662	-62.0612	-65.0378
BLOCK14/SES148/SA148S10	SES148	1.79865	-62.305	-64.1037
BLOCK14/SES148/SA148S12	SES148	1.22725	-63.4533	-64.6806
BLOCK14/SES148/SA148S22	SES148	2.44534	-61.2765	-63.7218
BLOCK14/SES148/SA148S26	SES148	2.70321	-62.0628	-64.766
BLOCK14/SES148/SA148S29	SES148	1.70167	-62.7678	-64.4695
BLOCK14/SES149/SA149S13	SES149	0.882233	-62.2981	-63.1803
BLOCK14/SES149/SA149S14	SES149	0.882732	-62.3958	-63.2786
BLOCK14/SES149/SA149S24	SES149	1.87075	-62.1027	-63.9735
BLOCK14/SES149/SA149S26	SES149	2.65278	-61.2121	-63.8649
BLOCK14/SES149/SA149S28	SES149	3.07865	-60.5231	-63.6017
BLOCK15/SES158/SA158S13	SES158	1.69807	-62.447	-64.1451
BLOCK15/SES158/SA158S14	SES158	2.88837	-62.0196	-64.908
BLOCK15/SES158/SA158S23	SES158	1.92707	-61.8491	-63.7762
BLOCK15/SES158/SA158S26	SES158	3.13418	-61.7129	-64.8471
BLOCK15/SES158/SA158S28	SES158	1.72302	-62.586	-64.3091
BLOCK16/SES162/SA162S10	SES162	2.05208	-63.9289	-65.981
BLOCK16/SES162/SA162S11	SES162	2.28149	-62.5164	-64.7979
BLOCK16/SES162/SA162S21	SES162	2.8436	-62.5625	-65.4061
BLOCK16/SES162/SA162S24	SES162	2.42955	-62.8334	-65.2629
BLOCK16/SES162/SA162S27	SES162	3.23389	-62.9359	-66.1698
BLOCK16/SES167/SA167S14	SES167	2.51789	-61.8582	-64.3761
BLOCK16/SES167/SA167S15	SES167	3.27547	-62.8013	-66.0767
BLOCK16/SES167/SA167S21	SES167	2.84946	-61.794	-64.6434
BLOCK16/SES167/SA167S25	SES167	3.26905	-62.7477	-66.0167
BLOCK16/SES167/SA167S29	SES167	3.81193	-60.8936	-64.7055
BLOCK17/SES172/SA172S12	SES172	2.6673	-62.77	-65.4373
BLOCK17/SES172/SA172S13	SES172	2.96243	-63.3855	-66.348
BLOCK17/SES172/SA172S23	SES172	2.264	-62.307	-64.571
BLOCK17/SES172/SA172S27	SES172	2.45592	-63.0764	-65.5323
BLOCK17/SES172/SA172S29	SES172	2.9031	-62.3779	-65.281
BLOCK17/SES175/SA175S11	SES175	2.9435	-62.8139	-65.7574
BLOCK17/SES175/SA175S13	SES175	1.83715	-62.084	-63.9212
BLOCK17/SES175/SA175S23	SES175	3.1415	-62.6282	-65.7697
BLOCK17/SES175/SA175S25	SES175	1.83447	-64.2272	-66.0616
BLOCK17/SES175/SA175S28	SES175	2.46322	-62.6955	-65.1587
BLOCK17/SES177/SA177S15	SES177	1.63924	-62.7833	-64.4225
BLOCK17/SES177/SA177S17	SES177	1.99615	-62.3872	-64.3833
BLOCK17/SES177/SA177S23	SES177	1.253	-63.9154	-65.1684
BLOCK17/SES177/SA177S26	SES177	2.14917	-61.2017	-63.3508
BLOCK17/SES177/SA177S28	SES177	2.31918	-61.9564	-64.2756
BLOCK18/SES180/SA180S13	SES180	2.67445	-63.0832	-65.7577
BLOCK18/SES180/SA180S15	SES180	1.68592	-63.3721	-65.058
BLOCK18/SES180/SA180S24	SES180	3.02347	-61.3464	-64.3699
BLOCK18/SES180/SA180S26	SES180	2.70243	-61.9759	-64.6783
BLOCK18/SES180/SA180S29	SES180	2.3393	-63.3354	-65.6747
BLOCK18/SES183/SA183S13	SES183	1.86755	-63.3356	-65.2031
BLOCK18/SES183/SA183S14	SES183	1.16862	-63.6704	-64.839
BLOCK18/SES183/SA183S24	SES183	2.40001	-63.4302	-65.8302
BLOCK18/SES183/SA183S27	SES183	2.18479	-62.8352	-65.02
BLOCK18/SES183/SA183S29	SES183	2.03001	-62.3702	-64.4002
BLOCK18/SES187/SA187S13	SES187	2.76949	-63.906	-66.6755
BLOCK18/SES187/SA187S14	SES187	2.62106	-64.0743	-66.6954
BLOCK18/SES187/SA187S24	SES187	3.27084	-63.2577	-66.5285
BLOCK18/SES187/SA187S27	SES187	2.68346	-63.1177	-65.8012
BLOCK18/SES187/SA187S29	SES187	3.40346	-63.0737	-66.4771
BLOCK18/SES189/SA189S10	SES189	6.26027	-64.6873	-70.9476
BLOCK18/SES189/SA189S13	SES189	8.17825	-64.3118	-72.4901
BLOCK18/SES189/SA189S24	SES189	8.15154	-64.0016	-72.1532
BLOCK18/SES189/SA189S26	SES189	5.36908	-63.5817	-68.9508
BLOCK18/SES189/SA189S29	SES189	6.68178	-63.2485	-69.9303
BLOCK20/SES202/SA202S12	SES202	3.18081	-63.6634	-66.8442
BLOCK20/SES202/SA202S14	SES202	4.76255	-61.2774	-66.0399
BLOCK20/SES202/SA202S24	SES202	3.35898	-62.527	-65.886
BLOCK20/SES202/SA202S27	SES202	4.10582	-61.2478	-65.3537
BLOCK20/SES202/SA202S29	SES202	4.71684	-61.0713	-65.7881
BLOCK20/SES206/SA206S15	SES206	1.01365	-61.4868	-62.5005
BLOCK20/SES206/SA206S17	SES206	3.26871	-59.7578	-63.0265
BLOCK20/SES206/SA206S24	SES206	3.14816	-59.643	-62.7911
BLOCK20/SES206/SA206S27	SES206	2.82727	-60.3034	-63.1307
BLOCK20/SES206/SA206S29	SES206	2.63546	-59.1864	-61.8219
BLOCK22/SES226/SA226S12	SES226	2.34652	-62.1958	-64.5423
BLOCK22/SES226/SA226S13	SES226	0.0596161	-63.2246	-63.2842
BLOCK22/SES226/SA226S20	SES226	2.12613	-62.1894	-64.3155
BLOCK22/SES226/SA226S23	SES226	2.45453	-61.3056	-63.7602
BLOCK22/SES226/SA226S28	SES226	2.5605	-61.1006	-63.6611
BLOCK25/SES259/SA259S13	SES259	3.44221	-59.7481	-63.1903
BLOCK25/SES259/SA259S14	SES259	2.02357	-60.5468	-62.5704
BLOCK25/SES259/SA259S22	SES259	1.95711	-60.6868	-62.6439
BLOCK25/SES259/SA259S24	SES259	2.58469	-59.563	-62.1477
BLOCK25/SES259/SA259S28	SES259	2.20252	-60.557	-62.7595
BLOCK27/SES270/SA270S14	SES270	2.90492	-61.6544	-64.5593
BLOCK27/SES270/SA270S16	SES270	1.53846	-62.0652	-63.6037
BLOCK27/SES270/SA270S22	SES270	3.14136	-61.2631	-64.4044
BLOCK27/SES270/SA270S26	SES270	1.85718	-62.7018	-64.559
BLOCK27/SES270/SA270S28	SES270	2.34434	-61.4326	-63.7769
BLOCK27/SES275/SA275S17	SES275	1.66563	-63.5599	-65.2255
BLOCK27/SES275/SA275S18	SES275	2.26717	-63.5554	-65.8226
BLOCK27/SES275/SA275S24	SES275	1.48252	-64.1898	-65.6723
BLOCK27/SES275/SA275S26	SES275	2.23196	-62.3841	-64.6161
BLOCK27/SES275/SA275S28	SES275	1.69004	-62.7335	-64.4236
BLOCK29/SES292/SA292S10	SES292	0.978188	-63.7926	-64.7708
BLOCK29/SES292/SA292S12	SES292	0.974182	-64.9699	-65.9441
BLOCK29/SES292/SA292S22	SES292	2.57255	-62.2444	-64.8169
BLOCK29/SES292/SA292S24	SES292	1.03894	-63.3523	-64.3913
BLOCK29/SES292/SA292S27	SES292	1.71048	-62.5911	-64.3016
BLOCK00/SES001/SA001S14	SES062	-1.0721	-65.6747	-64.6026
BLOCK00/SES001/SA001S14	SES082	-2.74526	-67.3479	-64.6026
BLOCK00/SES001/SA001S14	SES106	-3.1371	-67.7397	-64.6026
BLOCK00/SES001/SA001S14	SES206	-3.44798	-68.0506	-64.6026
BLOCK00/SES001/SA001S15	SES062	-1.38768	-65.072	-63.6843
BLOCK00/SES001/SA001S15	SES104	-3.64224	-67.3265	-63.6843
BLOCK00/SES001/SA001S15	SES106	-2.39823	-66.0825	-63.6843
BLOCK00/SES001/SA001S15	SES206	-2.64074	-66.325	-63.6843
BLOCK00/SES001/SA001S24	SES062	-2.46854	-67.6143	-65.1458
BLOCK00/SES001/SA001S24	SES082	-2.51754	-67.6633	-65.1458
BLOCK00/SES001/SA001S24	SES087	-3.97211	-69.1179	-65.1458
BLOCK00/SES001/SA001S24	SES206	-2.72643	-67.8722	-65.1458
BLOCK00/SES001/SA001S27	SES062	-1.23062	-64.3607	-63.1301
BLOCK00/SES001/SA001S27	SES082	-2.67487	-65.805	-63.1301
BLOCK00/SES001/SA001S27	SES087	-3.75436	-66.8845	-63.1301
BLOCK00/SES001/SA001S27	SES206	-2.9717	-66.1018	-63.1301
BLOCK00/SES001/SA001S29	SES062	-2.28378	-67.0546	-64.7708
BLOCK00/SES001/SA001S29	SES082	-1.85255	-66.6234	-64.7708
BLOCK00/SES001/SA001S29	SES158	-1.55759	-66.3284	-64.7708
BLOCK00/SES001/SA001S29	SES206	-3.32929	-68.1001	-64.7708
BLOCK00/SES003/SA003S11	SES002	-1.46807	-65.5654	-64.0973
BLOCK00/SES003/SA003S11	SES019	-1.21042	-65.3077	-64.0973
BLOCK00/SES003/SA003S11	SES082	0.545658	-63.5517	-64.0973
BLOCK00/SES003/SA003S11	SES125	-0.812874	-64.9102	-64.0973
BLOCK00/SES003/SA003S15	SES016	-4.28653	-67.8846	-63.5981
BLOCK00/SES003/SA003S15	SES019	-1.37466	-64.9727	-63.5981
BLOCK00/SES003/SA003S15	SES062	-2.20141	-65.7995	-63.5981
BLOCK00/SES003/SA003S15	SES206	-0.987316	-64.5854	-63.5981
BLOCK00/SES003/SA003S22	SES002	-2.16517	-65.9098	-63.7447
BLOCK00/SES003/SA003S22	SES062	-1.63848	-65.3831	-63.7447
BLOCK00/SES003/SA003S22	SES082	-0.357742	-64.1024	-63.7447
BLOCK00/SES003/SA003S22	SES087	-2.05248	-65.7971	-63.7447
BLOCK00/SES003/SA003S25	SES062	-2.02972	-67.223	-65.1933
BLOCK00/SES003/SA003S25	SES082	0.986084	-64.2072	-65.1933
BLOCK00/SES003/SA003S25	SES087	-1.46503	-66.6583	-65.1933
BLOCK00/SES003/SA003S25	SES206	-1.06484	-66.2581	-65.1933
BLOCK00/SES003/SA003S29	SES002	-2.81591	-66.3973	-63.5814
BLOCK00/SES003/SA003S29	SES062	-1.99435	-65.5758	-63.5814
BLOCK00/SES003/SA003S29	SES082	-0.746082	-64.3275	-63.5814
BLOCK00/SES003/SA003S29	SES087	-2.11635	-65.6978	-63.5814
BLOCK00/SES004/SA004S12	SES083	-1.21294	-66.9422	-65.7292
BLOCK00/SES004/SA004S12	SES148	-0.724785	-66.454	-65.7292
BLOCK00/SES004/SA004S12	SES172	-0.665268	-66.3945	-65.7292
BLOCK00/SES004/SA004S12	SES292	-0.520866	-66.2501	-65.7292
BLOCK00/SES004/SA004S17	SES083	-1.04095	-66.7552	-65.7142
BLOCK00/SES004/SA004S17	SES162	-0.507919	-66.2221	-65.7142
BLOCK00/SES004/SA004S17	SES172	-0.84388	-66.5581	-65.7142
BLOCK00/SES004/SA004S17	SES292	-0.696167	-66.4104	-65.7142
BLOCK00/SES004/SA004S24	SES083	-0.592567	-65.9881	-65.3955
BLOCK00/SES004/SA004S24	SES148	-0.707123	-66.1026	-65.3955
BLOCK00/SES004/SA004S24	SES172	-0.316643	-65.7122	-65.3955
BLOCK00/SES004/SA004S24	SES292	-0.274406	-65.6699	-65.3955
BLOCK00/SES004/SA004S26	SES083	0.372955	-65.2101	-65.5831
BLOCK00/SES004/SA004S26	SES127	0.292953	-65.2901	-65.5831
BLOCK00/SES004/SA004S26	SES148	-0.846916	-66.43	-65.5831
BLOCK00/SES004/SA004S26	SES292	-0.0235138	-65.6066	-65.5831
BLOCK00/SES004/SA004S28	SES083	-0.297234	-65.4045	-65.1073
BLOCK00/SES004/SA004S28	SES127	0.0573349	-65.05	-65.1073
BLOCK00/SES004/SA004S28	SES187	-0.00249481	-65.1098	-65.1073
BLOCK00/SES004/SA004S28	SES292	-0.392899	-65.5002	-65.1073
BLOCK00/SES006/SA006S10	SES014	-3.36964	-68.6609	-65.2913
BLOCK00/SES006/SA006S10	SES158	-1.01803	-66.3093	-65.2913
BLOCK00/SES006/SA006S10	SES226	-3.24754	-68.5388	-65.2913
BLOCK00/SES006/SA006S10	SES270	-0.864105	-66.1554	-65.2913
BLOCK00/SES006/SA006S11	SES158	-1.37399	-66.7047	-65.3308
BLOCK00/SES006/SA006S11	SES226	-2.72131	-68.0521	-65.3308
BLOCK00/SES006/SA006S11	SES270	-0.916168	-66.2469	-65.3308
BLOCK00/SES006/SA006S11	SES275	-3.68079	-69.0115	-65.3308
BLOCK00/SES006/SA006S23	SES062	-2.07409	-65.8352	-63.7611
BLOCK00/SES006/SA006S23	SES105	-2.74096	-66.5021	-63.7611
BLOCK00/SES006/SA006S23	SES158	-1.21535	-64.9764	-63.7611
BLOCK00/SES006/SA006S23	SES275	-2.99668	-66.7578	-63.7611
BLOCK00/SES006/SA006S26	SES104	-2.88535	-66.829	-63.9436
BLOCK00/SES006/SA006S26	SES158	-0.851551	-64.7952	-63.9436
BLOCK00/SES006/SA006S26	SES270	-0.61478	-64.5584	-63.9436
BLOCK00/SES006/SA006S26	SES275	-4.15491	-68.0985	-63.9436
BLOCK00/SES006/SA006S28	SES007	-2.57668	-67.6022	-65.0255
BLOCK00/SES006/SA006S28	SES105	-2.66287	-67.6883	-65.0255
BLOCK00/SES006/SA006S28	SES158	-1.35653	-66.382	-65.0255
BLOCK00/SES006/SA006S28	SES275	-3.71068	-68.7362	-65.0255
BLOCK00/SES009/SA009S12	SES083	-0.878937	-65.3272	-64.4482
BLOCK00/SES009/SA009S12	SES148	-0.680725	-65.129	-64.4482
BLOCK00/SES009/SA009S12	SES177	-1.45728	-65.9055	-64.4482
BLOCK00/SES009/SA009S12	SES292	0.404762	-64.0435	-64.4482
BLOCK00/SES009/SA009S15	SES007	1.91748	-61.9465	-63.864
BLOCK00/SES009/SA009S15	SES099	-5.7663	-69.6303	-63.864
BLOCK00/SES009/SA009S15	SES148	-0.851139	-64.7151	-63.864
BLOCK00/SES009/SA009S15	SES172	-0.0628586	-63.9268	-63.864
BLOCK00/SES009/SA009S24	SES146	0.734875	-63.6069	-64.3418
BLOCK00/SES009/SA009S24	SES148	-0.193604	-64.5354	-64.3418
BLOCK00/SES009/SA009S24	SES177	-0.645111	-64.9869	-64.3418
BLOCK00/SES009/SA009S24	SES292	0.44207	-63.8997	-64.3418
BLOCK00/SES009/SA009S26	SES083	-0.451836	-64.8885	-64.4367
BLOCK00/SES009/SA009S26	SES101	-0.373825	-64.8105	-64.4367
BLOCK00/SES009/SA009S26	SES120	-0.287918	-64.7246	-64.4367
BLOCK00/SES009/SA009S26	SES177	-1.17239	-65.6091	-64.4367
BLOCK00/SES009/SA009S29	SES083	0.29821	-63.4066	-63.7048
BLOCK00/SES009/SA009S29	SES101	0.124191	-63.5806	-63.7048
BLOCK00/SES009/SA009S29	SES177	-0.882122	-64.5869	-63.7048
BLOCK00/SES009/SA009S29	SES292	0.403397	-63.3014	-63.7048
BLOCK01/SES011/SA011S10	SES019	-0.0465622	-64.2321	-64.1856
BLOCK01/SES011/SA011S10	SES042	0.556099	-63.6295	-64.1856
BLOCK01/SES011/SA011S10	SES082	-0.272011	-64.4576	-64.1856
BLOCK01/SES011/SA011S10	SES206	0.173889	-64.0117	-64.1856
BLOCK01/SES011/SA011S11	SES019	0.420456	-64.7438	-65.1642
BLOCK01/SES011/SA011S11	SES042	-0.166138	-65.3304	-65.1642
BLOCK01/SES011/SA011S11	SES082	-0.772636	-65.9369	-65.1642
BLOCK01/SES011/SA011S11	SES206	0.281082	-64.8831	-65.1642
BLOCK01/SES011/SA011S22	SES019	-0.194481	-64.7124	-64.5179
BLOCK01/SES011/SA011S22	SES042	-0.0224686	-64.5404	-64.5179
BLOCK01/SES011/SA011S22	SES082	-0.485695	-65.0036	-64.5179
BLOCK01/SES011/SA011S22	SES206	-0.1604	-64.6783	-64.5179
BLOCK01/SES011/SA011S24	SES019	-0.37962	-64.0972	-63.7175
BLOCK01/SES011/SA011S24	SES042	0.212139	-63.5054	-63.7175
BLOCK01/SES011/SA011S24	SES104	-1.50491	-65.2225	-63.7175
BLOCK01/SES011/SA011S24	SES206	0.431118	-63.2864	-63.7175
BLOCK01/SES011/SA011S27	SES082	1.26936	-62.8901	-64.1595
BLOCK01/SES011/SA011S27	SES087	-0.794044	-64.9535	-64.1595
BLOCK01/SES011/SA011S27	SES125	0.400497	-63.759	-64.1595
BLOCK01/SES011/SA011S27	SES206	0.367088	-63.7924	-64.1595
BLOCK01/SES012/SA012S11	SES007	-1.57421	-63.8889	-62.3147
BLOCK01/SES012/SA012S11	SES082	-0.948002	-63.2627	-62.3147
BLOCK01/SES012/SA012S11	SES083	-2.01632	-64.331	-62.3147
BLOCK01/SES012/SA012S11	SES206	-0.146313	-62.461	-62.3147
BLOCK01/SES012/SA012S14	SES082	-0.586945	-63.5902	-63.0033
BLOCK01/SES012/SA012S14	SES087	-1.02476	-64.028	-63.0033
BLOCK01/SES012/SA012S14	SES206	0.0280304	-62.9753	-63.0033
BLOCK01/SES012/SA012S14	SES292	-2.95002	-65.9533	-63.0033
BLOCK01/SES012/SA012S24	SES082	0.434341	-63.241	-63.6754
BLOCK01/SES012/SA012S24	SES087	-0.591179	-64.2666	-63.6754
BLOCK01/SES012/SA012S24	SES120	-3.60213	-67.2775	-63.6754
BLOCK01/SES012/SA012S24	SES206	0.0565224	-63.6189	-63.6754
BLOCK01/SES012/SA012S26	SES019	-1.78565	-64.6697	-62.884
BLOCK01/SES012/SA012S26	SES082	-1.23403	-64.1181	-62.884
BLOCK01/SES012/SA012S26	SES206	0.294086	-62.5899	-62.884
BLOCK01/SES012/SA012S26	SES292	-2.5817	-65.4657	-62.884
BLOCK01/SES012/SA012S29	SES062	-1.61517	-64.19	-62.5749
BLOCK01/SES012/SA012S29	SES082	-0.0646782	-62.6395	-62.5749
BLOCK01/SES012/SA012S29	SES083	-1.7011	-64.276	-62.5749
BLOCK01/SES012/SA012S29	SES206	0.00748062	-62.5674	-62.5749
BLOCK01/SES013/SA013S16	SES062	-3.00892	-66.6838	-63.6749
BLOCK01/SES013/SA013S16	SES106	-0.252808	-63.9277	-63.6749
BLOCK01/SES013/SA013S16	SES206	-0.284412	-63.9593	-63.6749
BLOCK01/SES013/SA013S16	SES226	0.483315	-63.1916	-63.6749
BLOCK01/SES013/SA013S17	SES062	-2.761	-65.6815	-62.9205
BLOCK01/SES013/SA013S17	SES106	-0.965595	-63.8861	-62.9205
BLOCK01/SES013/SA013S17	SES206	0.717583	-62.2029	-62.9205
BLOCK01/SES013/SA013S17	SES226	0.900063	-62.0205	-62.9205
BLOCK01/SES013/SA013S23	SES104	-0.919487	-64.8943	-63.9748
BLOCK01/SES013/SA013S23	SES106	-0.425728	-64.4005	-63.9748
BLOCK01/SES013/SA013S23	SES206	-0.47274	-64.4475	-63.9748
BLOCK01/SES013/SA013S23	SES270	0.149498	-63.8253	-63.9748
BLOCK01/SES013/SA013S25	SES042	-0.876923	-63.8245	-62.9476
BLOCK01/SES013/SA013S25	SES104	-0.504074	-63.4517	-62.9476
BLOCK01/SES013/SA013S25	SES106	-0.236053	-63.1837	-62.9476
BLOCK01/SES013/SA013S25	SES206	0.0250244	-62.9226	-62.9476
BLOCK01/SES013/SA013S29	SES062	-3.38356	-67.2077	-63.8241
BLOCK01/SES013/SA013S29	SES104	-0.953014	-64.7771	-63.8241
BLOCK01/SES013/SA013S29	SES106	-0.0851059	-63.9092	-63.8241
BLOCK01/SES013/SA013S29	SES206	-0.080349	-63.9045	-63.8241
BLOCK02/SES021/SA021S13	SES016	-5.20124	-68.5721	-63.3708
BLOCK02/SES021/SA021S13	SES029	-3.15171	-66.5225	-63.3708
BLOCK02/SES021/SA021S13	SES087	-1.47708	-64.8479	-63.3708
BLOCK02/SES021/SA021S13	SES206	-0.543247	-63.9141	-63.3708
BLOCK02/SES021/SA021S15	SES087	-0.569443	-62.7576	-62.1881
BLOCK02/SES021/SA021S15	SES125	0.390457	-61.7977	-62.1881
BLOCK02/SES021/SA021S15	SES206	0.386124	-61.802	-62.1881
BLOCK02/SES021/SA021S15	SES226	-0.316162	-62.5043	-62.1881
BLOCK02/SES021/SA021S23	SES062	-2.418	-67.0463	-64.6283
BLOCK02/SES021/SA021S23	SES087	-1.67387	-66.3022	-64.6283
BLOCK02/SES021/SA021S23	SES206	-0.83506	-65.4634	-64.6283
BLOCK02/SES021/SA021S23	SES226	-0.151588	-64.7799	-64.6283
BLOCK02/SES021/SA021S27	SES002	-1.35464	-64.5704	-63.2158
BLOCK02/SES021/SA021S27	SES016	-4.05109	-67.2669	-63.2158
BLOCK02/SES021/SA021S27	SES019	-0.98526	-64.201	-63.2158
BLOCK02/SES021/SA021S27	SES062	-0.530125	-63.7459	-63.2158
BLOCK02/SES021/SA021S29	SES087	-0.531033	-63.8205	-63.2895
BLOCK02/SES021/SA021S29	SES125	0.478073	-62.8114	-63.2895
BLOCK02/SES021/SA021S29	SES206	0.213139	-63.0763	-63.2895
BLOCK02/SES021/SA021S29	SES226	0.0466156	-63.2429	-63.2895
BLOCK04/SES043/SA043S09	SES083	-0.0297318	-66.4405	-66.4107
BLOCK04/SES043/SA043S09	SES101	-0.655197	-67.0659	-66.4107
BLOCK04/SES043/SA043S09	SES144	1.17622	-65.2345	-66.4107
BLOCK04/SES043/SA043S09	SES172	-2.33876	-68.7495	-66.4107
BLOCK04/SES043/SA043S11	SES083	-0.0263977	-64.4119	-64.3855
BLOCK04/SES043/SA043S11	SES101	-0.51194	-64.8975	-64.3855
BLOCK04/SES043/SA043S11	SES144	0.533787	-63.8517	-64.3855
BLOCK04/SES043/SA043S11	SES172	-0.918877	-65.3044	-64.3855
BLOCK04/SES043/SA043S23	SES083	0.599258	-64.4115	-65.0107
BLOCK04/SES043/SA043S23	SES144	1.56245	-63.4483	-65.0107
BLOCK04/SES043/SA043S23	SES177	-1.58851	-66.5992	-65.0107
BLOCK04/SES043/SA043S23	SES275	0.718506	-64.2922	-65.0107
BLOCK04/SES043/SA043S26	SES083	0.0619049	-64.66	-64.7219
BLOCK04/SES043/SA043S26	SES101	-0.529678	-65.2516	-64.7219
BLOCK04/SES043/SA043S26	SES144	0.512718	-64.2092	-64.7219
BLOCK04/SES043/SA043S26	SES177	-1.17255	-65.8944	-64.7219
BLOCK04/SES043/SA043S28	SES016	-0.263702	-64.2355	-63.9718
BLOCK04/SES043/SA043S28	SES083	0.0556755	-63.9161	-63.9718
BLOCK04/SES043/SA043S28	SES101	-0.134697	-64.1065	-63.9718
BLOCK04/SES043/SA043S28	SES144	0.420231	-63.5516	-63.9718
BLOCK04/SES044/SA044S10	SES127	-2.65951	-69.6746	-67.0151
BLOCK04/SES044/SA044S10	SES144	-0.362206	-67.3773	-67.0151
BLOCK04/SES044/SA044S10	SES147	-3.1601	-70.1752	-67.0151
BLOCK04/SES044/SA044S10	SES148	-1.75867	-68.7738	-67.0151
BLOCK04/SES044/SA044S11	SES101	-0.117226	-66.5727	-66.4554
BLOCK04/SES044/SA044S11	SES144	1.00044	-65.455	-66.4554
BLOCK04/SES044/SA044S11	SES147	-1.54514	-68.0006	-66.4554
BLOCK04/SES044/SA044S11	SES177	-1.00452	-67.46	-66.4554
BLOCK04/SES044/SA044S24	SES007	-0.900551	-66.7688	-65.8683
BLOCK04/SES044/SA044S24	SES101	-0.132164	-66.0004	-65.8683
BLOCK04/SES044/SA044S24	SES147	-2.94142	-68.8097	-65.8683
BLOCK04/SES044/SA044S24	SES177	-1.55811	-67.4264	-65.8683
BLOCK04/SES044/SA044S26	SES007	-0.972	-66.3179	-65.3459
BLOCK04/SES044/SA044S26	SES016	0.119904	-65.226	-65.3459
BLOCK04/SES044/SA044S26	SES101	-0.101036	-65.447	-65.3459
BLOCK04/SES044/SA044S26	SES147	-0.704117	-66.05	-65.3459
BLOCK04/SES044/SA044S29	SES007	-0.283997	-65.0607	-64.7767
BLOCK04/SES044/SA044S29	SES101	0.849339	-63.9274	-64.7767
BLOCK04/SES044/SA044S29	SES147	-0.847961	-65.6247	-64.7767
BLOCK04/SES044/SA044S29	SES177	-0.708069	-65.4848	-64.7767
BLOCK04/SES046/SA046S13	SES101	-0.234505	-67.418	-67.1835
BLOCK04/SES046/SA046S13	SES144	1.7635	-65.42	-67.1835
BLOCK04/SES046/SA046S13	SES147	0.0887451	-67.0948	-67.1835
BLOCK04/SES046/SA046S13	SES177	1.25148	-65.932	-67.1835
BLOCK04/SES046/SA046S15	SES048	-1.33317	-65.2261	-63.893
BLOCK04/SES046/SA046S15	SES083	0.272976	-63.62	-63.893
BLOCK04/SES046/SA046S15	SES120	-1.25943	-65.1524	-63.893
BLOCK04/SES046/SA046S15	SES148	-0.141689	-64.0347	-63.893
BLOCK04/SES046/SA046S22	SES101	0.424332	-65.1622	-65.5865
BLOCK04/SES046/SA046S22	SES144	0.848602	-64.7379	-65.5865
BLOCK04/SES046/SA046S22	SES147	-0.287804	-65.8743	-65.5865
BLOCK04/SES046/SA046S22	SES172	-0.582443	-66.169	-65.5865
BLOCK04/SES046/SA046S25	SES083	-0.379807	-65.0142	-64.6343
BLOCK04/SES046/SA046S25	SES127	-0.240776	-64.8751	-64.6343
BLOCK04/SES046/SA046S25	SES144	-0.266518	-64.9009	-64.6343
BLOCK04/SES046/SA046S25	SES148	-0.379128	-65.0135	-64.6343
BLOCK04/SES046/SA046S28	SES007	-0.360268	-66.8373	-66.477
BLOCK04/SES046/SA046S28	SES105	-0.467339	-66.9444	-66.477
BLOCK04/SES046/SA046S28	SES147	-0.389748	-66.8668	-66.477
BLOCK04/SES046/SA046S28	SES148	1.3292	-65.1478	-66.477
BLOCK04/SES049/SA049S16	SES104	-0.730637	-65.6781	-64.9474
BLOCK04/SES049/SA049S16	SES106	-0.774605	-65.722	-64.9474
BLOCK04/SES049/SA049S16	SES120	-2.71903	-67.6665	-64.9474
BLOCK04/SES049/SA049S16	SES206	-0.0364685	-64.9839	-64.9474
BLOCK04/SES049/SA049S18	SES099	0.183884	-65.5369	-65.7208
BLOCK04/SES049/SA049S18	SES104	-1.36246	-67.0833	-65.7208
BLOCK04/SES049/SA049S18	SES125	-1.35764	-67.0785	-65.7208
BLOCK04/SES049/SA049S18	SES206	-0.987221	-66.708	-65.7208
BLOCK04/SES049/SA049S25	SES087	-0.0436096	-64.7493	-64.7057
BLOCK04/SES049/SA049S25	SES104	0.4319	-64.2738	-64.7057
BLOCK04/SES049/SA049S25	SES125	-0.378891	-65.0846	-64.7057
BLOCK04/SES049/SA049S25	SES206	0.415176	-64.2906	-64.7057
BLOCK04/SES049/SA049S27	SES099	-0.405617	-64.4334	-64.0278
BLOCK04/SES049/SA049S27	SES104	0.0963554	-63.9314	-64.0278
BLOCK04/SES049/SA049S27	SES125	-1.1677	-65.1955	-64.0278
BLOCK04/SES049/SA049S27	SES206	-0.587997	-64.6158	-64.0278
BLOCK04/SES049/SA049S29	SES099	0.367455	-63.1281	-63.4955
BLOCK04/SES049/SA049S29	SES104	0.822361	-62.6732	-63.4955
BLOCK04/SES049/SA049S29	SES125	0.407009	-63.0885	-63.4955
BLOCK04/SES049/SA049S29	SES206	0.90049	-62.595	-63.4955
BLOCK06/SES063/SA063S09	SES068	-0.287506	-65.2177	-64.9302
BLOCK06/SES063/SA063S09	SES083	0.943943	-63.9862	-64.9302
BLOCK06/SES063/SA063S09	SES177	0.707672	-64.2225	-64.9302
BLOCK06/SES063/SA063S09	SES187	0.340332	-64.5899	-64.9302
BLOCK06/SES063/SA063S10	SES068	-1.26112	-66.4743	-65.2132
BLOCK06/SES063/SA063S10	SES083	0.904884	-64.3083	-65.2132
BLOCK06/SES063/SA063S10	SES172	0.910988	-64.3022	-65.2132
BLOCK06/SES063/SA063S10	SES187	-0.123413	-65.3366	-65.2132
BLOCK06/SES063/SA063S20	SES068	-2.13836	-67.5428	-65.4044
BLOCK06/SES063/SA063S20	SES083	0.213249	-65.1912	-65.4044
BLOCK06/SES063/SA063S20	SES172	0.171776	-65.2327	-65.4044
BLOCK06/SES063/SA063S20	SES187	0.586426	-64.818	-65.4044
BLOCK06/SES063/SA063S24	SES029	-0.702454	-65.1667	-64.4642
BLOCK06/SES063/SA063S24	SES083	1.2303	-63.2339	-64.4642
BLOCK06/SES063/SA063S24	SES177	0.441475	-64.0227	-64.4642
BLOCK06/SES063/SA063S24	SES189	0.470009	-63.9942	-64.4642
BLOCK06/SES063/SA063S27	SES083	0.0126877	-65.6184	-65.6311
BLOCK06/SES063/SA063S27	SES172	0.325455	-65.3056	-65.6311
BLOCK06/SES063/SA063S27	SES187	0.0422287	-65.5889	-65.6311
BLOCK06/SES063/SA063S27	SES292	-0.791748	-66.4229	-65.6311
BLOCK06/SES067/SA067S12	SES083	-1.21648	-65.6043	-64.3878
BLOCK06/SES067/SA067S12	SES172	-2.609	-66.9968	-64.3878
BLOCK06/SES067/SA067S12	SES202	0.514622	-63.8732	-64.3878
BLOCK06/SES067/SA067S12	SES292	-1.03805	-65.4259	-64.3878
BLOCK06/SES067/SA067S14	SES085	-0.80904	-64.1353	-63.3262
BLOCK06/SES067/SA067S14	SES177	-0.343624	-63.6699	-63.3262
BLOCK06/SES067/SA067S14	SES183	-0.687717	-64.0139	-63.3262
BLOCK06/SES067/SA067S14	SES202	0.363987	-62.9622	-63.3262
BLOCK06/SES067/SA067S21	SES144	0.0407181	-65.5089	-65.5496
BLOCK06/SES067/SA067S21	SES177	0.661705	-64.8879	-65.5496
BLOCK06/SES067/SA067S21	SES183	-2.02679	-67.5764	-65.5496
BLOCK06/SES067/SA067S21	SES189	1.13198	-64.4176	-65.5496
BLOCK06/SES067/SA067S25	SES085	-0.536095	-65.151	-64.6149
BLOCK06/SES067/SA067S25	SES177	0.183907	-64.431	-64.6149
BLOCK06/SES067/SA067S25	SES183	-1.04044	-65.6554	-64.6149
BLOCK06/SES067/SA067S25	SES202	0.400452	-64.2145	-64.6149
BLOCK06/SES067/SA067S29	SES085	-0.49015	-65.8979	-65.4077
BLOCK06/SES067/SA067S29	SES177	0.485916	-64.9218	-65.4077
BLOCK06/SES067/SA067S29	SES183	-0.475143	-65.8829	-65.4077
BLOCK06/SES067/SA067S29	SES202	1.05138	-64.3564	-65.4077
BLOCK06/SES069/SA069S12	SES029	-2.29942	-65.8288	-63.5293
BLOCK06/SES069/SA069S12	SES082	-0.0718727	-63.6012	-63.5293
BLOCK06/SES069/SA069S12	SES087	-1.68961	-65.219	-63.5293
BLOCK06/SES069/SA069S12	SES206	-0.923538	-64.4529	-63.5293
BLOCK06/SES069/SA069S13	SES029	-2.67903	-65.9985	-63.3195
BLOCK06/SES069/SA069S13	SES087	-1.64125	-64.9607	-63.3195
BLOCK06/SES069/SA069S13	SES206	-1.19868	-64.5182	-63.3195
BLOCK06/SES069/SA069S13	SES226	-1.01374	-64.3332	-63.3195
BLOCK06/SES069/SA069S23	SES029	-1.27202	-63.1492	-61.8771
BLOCK06/SES069/SA069S23	SES087	-1.83072	-63.7079	-61.8771
BLOCK06/SES069/SA069S23	SES206	-0.920185	-62.7973	-61.8771
BLOCK06/SES069/SA069S23	SES226	-0.104095	-61.9812	-61.8771
BLOCK06/SES069/SA069S25	SES087	-1.33368	-63.575	-62.2413
BLOCK06/SES069/SA069S25	SES206	-1.24538	-63.4867	-62.2413
BLOCK06/SES069/SA069S25	SES226	-0.530869	-62.7722	-62.2413
BLOCK06/SES069/SA069S25	SES270	-0.97084	-63.2122	-62.2413
BLOCK06/SES069/SA069S27	SES087	-1.84881	-64.5901	-62.7413
BLOCK06/SES069/SA069S27	SES206	-0.138371	-62.8796	-62.7413
BLOCK06/SES069/SA069S27	SES226	0.79213	-61.9491	-62.7413
BLOCK06/SES069/SA069S27	SES270	-0.504406	-63.2457	-62.7413
BLOCK08/SES081/SA081S11	SES060	-0.848793	-65.6357	-64.7869
BLOCK08/SES081/SA081S11	SES062	-2.0245	-66.8114	-64.7869
BLOCK08/SES081/SA081S11	SES117	0.167633	-64.6193	-64.7869
BLOCK08/SES081/SA081S11	SES162	-0.106644	-64.8936	-64.7869
BLOCK08/SES081/SA081S13	SES016	0.449154	-63.7122	-64.1613
BLOCK08/SES081/SA081S13	SES060	0.554878	-63.6064	-64.1613
BLOCK08/SES081/SA081S13	SES068	1.09619	-63.0651	-64.1613
BLOCK08/SES081/SA081S13	SES129	-0.717468	-64.8788	-64.1613
BLOCK08/SES081/SA081S24	SES060	0.454079	-64.1107	-64.5647
BLOCK08/SES081/SA081S24	SES068	-0.0643387	-64.6291	-64.5647
BLOCK08/SES081/SA081S24	SES117	-0.0724335	-64.6372	-64.5647
BLOCK08/SES081/SA081S24	SES275	-0.821274	-65.386	-64.5647
BLOCK08/SES081/SA081S27	SES007	-0.144753	-65.2013	-65.0566
BLOCK08/SES081/SA081S27	SES060	-0.169945	-65.2265	-65.0566
BLOCK08/SES081/SA081S27	SES117	1.01981	-64.0368	-65.0566
BLOCK08/SES081/SA081S27	SES275	-0.802689	-65.8593	-65.0566
BLOCK08/SES081/SA081S29	SES007	-0.029892	-64.5645	-64.5346
BLOCK08/SES081/SA081S29	SES060	0.19664	-64.338	-64.5346
BLOCK08/SES081/SA081S29	SES117	0.429886	-64.1047	-64.5346
BLOCK08/SES081/SA081S29	SES275	-0.709824	-65.2444	-64.5346
BLOCK08/SES086/SA086S11	SES029	-4.34335	-69.5965	-65.2532
BLOCK08/SES086/SA086S11	SES082	-1.83286	-67.086	-65.2532
BLOCK08/SES086/SA086S11	SES087	-0.764549	-66.0177	-65.2532
BLOCK08/SES086/SA086S11	SES206	-1.38533	-66.6385	-65.2532
BLOCK08/SES086/SA086S12	SES029	-3.24998	-67.5515	-64.3015
BLOCK08/SES086/SA086S12	SES082	-0.14933	-64.4509	-64.3015
BLOCK08/SES086/SA086S12	SES087	1.47508	-62.8265	-64.3015
BLOCK08/SES086/SA086S12	SES206	0.062294	-64.2393	-64.3015
BLOCK08/SES086/SA086S20	SES029	-3.8993	-67.1777	-63.2785
BLOCK08/SES086/SA086S20	SES082	-0.400589	-63.679	-63.2785
BLOCK08/SES086/SA086S20	SES087	0.677555	-62.6009	-63.2785
BLOCK08/SES086/SA086S20	SES206	0.518826	-62.7596	-63.2785
BLOCK08/SES086/SA086S24	SES087	1.02998	-63.0447	-64.0747
BLOCK08/SES086/SA086S24	SES104	-0.51545	-64.5901	-64.0747
BLOCK08/SES086/SA086S24	SES120	-3.83162	-67.9063	-64.0747
BLOCK08/SES086/SA086S24	SES206	0.602386	-63.4723	-64.0747
BLOCK08/SES086/SA086S28	SES029	-2.71062	-65.7527	-63.0421
BLOCK08/SES086/SA086S28	SES082	-0.605251	-63.6474	-63.0421
BLOCK08/SES086/SA086S28	SES087	0.932018	-62.1101	-63.0421
BLOCK08/SES086/SA086S28	SES206	0.210789	-62.8313	-63.0421
BLOCK08/SES089/SA089S13	SES087	-1.36093	-65.75	-64.3891
BLOCK08/SES089/SA089S13	SES206	-1.42533	-65.8144	-64.3891
BLOCK08/SES089/SA089S13	SES226	-0.599617	-64.9887	-64.3891
BLOCK08/SES089/SA089S13	SES270	-2.49534	-66.8844	-64.3891
BLOCK08/SES089/SA089S14	SES062	-1.65173	-65.1531	-63.5014
BLOCK08/SES089/SA089S14	SES087	-0.650635	-64.152	-63.5014
BLOCK08/SES089/SA089S14	SES206	-1.00096	-64.5023	-63.5014
BLOCK08/SES089/SA089S14	SES226	-0.282349	-63.7837	-63.5014
BLOCK08/SES089/SA089S23	SES087	-1.79219	-66.8979	-65.1057
BLOCK08/SES089/SA089S23	SES206	-1.97784	-67.0835	-65.1057
BLOCK08/SES089/SA089S23	SES226	-0.934982	-66.0407	-65.1057
BLOCK08/SES089/SA089S23	SES270	-2.74427	-67.8499	-65.1057
BLOCK08/SES089/SA089S25	SES062	-2.13092	-66.2827	-64.1518
BLOCK08/SES089/SA089S25	SES087	-0.528763	-64.6806	-64.1518
BLOCK08/SES089/SA089S25	SES206	-1.03454	-65.1864	-64.1518
BLOCK08/SES089/SA089S25	SES226	0.729519	-63.4223	-64.1518
BLOCK08/SES089/SA089S28	SES062	-1.45419	-65.8638	-64.4096
BLOCK08/SES089/SA089S28	SES087	-0.511086	-64.9207	-64.4096
BLOCK08/SES089/SA089S28	SES206	-0.364334	-64.7739	-64.4096
BLOCK08/SES089/SA089S28	SES226	0.517406	-63.8922	-64.4096
BLOCK09/SES097/SA097S11	SES099	1.31564	-63.6084	-64.924
BLOCK09/SES097/SA097S11	SES125	-0.683594	-65.6076	-64.924
BLOCK09/SES097/SA097S11	SES206	0.0693893	-64.8546	-64.924
BLOCK09/SES097/SA097S11	SES226	0.7136	-64.2104	-64.924
BLOCK09/SES097/SA097S14	SES062	-2.06894	-66.0759	-64.0069
BLOCK09/SES097/SA097S14	SES099	-0.640831	-64.6478	-64.0069
BLOCK09/SES097/SA097S14	SES104	-0.693329	-64.7003	-64.0069
BLOCK09/SES097/SA097S14	SES206	-1.08878	-65.0957	-64.0069
BLOCK09/SES097/SA097S22	SES099	0.61113	-63.9203	-64.5314
BLOCK09/SES097/SA097S22	SES206	-0.620453	-65.1519	-64.5314
BLOCK09/SES097/SA097S22	SES226	-0.351028	-64.8824	-64.5314
BLOCK09/SES097/SA097S22	SES270	0.576515	-63.9549	-64.5314
BLOCK09/SES097/SA097S26	SES099	0.675484	-63.3483	-64.0238
BLOCK09/SES097/SA097S26	SES120	-2.93478	-66.9585	-64.0238
BLOCK09/SES097/SA097S26	SES206	-0.366783	-64.3905	-64.0238
BLOCK09/SES097/SA097S26	SES226	-0.660271	-64.684	-64.0238
BLOCK09/SES097/SA097S28	SES099	-0.133762	-64.1251	-63.9913
BLOCK09/SES097/SA097S28	SES120	-2.61638	-66.6077	-63.9913
BLOCK09/SES097/SA097S28	SES206	-1.37536	-65.3667	-63.9913
BLOCK09/SES097/SA097S28	SES226	-0.962315	-64.9536	-63.9913
BLOCK09/SES098/SA098S11	SES127	-1.42745	-68.5901	-67.1627
BLOCK09/SES098/SA098S11	SES144	0.11528	-67.0474	-67.1627
BLOCK09/SES098/SA098S11	SES147	0.837067	-66.3256	-67.1627
BLOCK09/SES098/SA098S11	SES148	-1.06202	-68.2247	-67.1627
BLOCK09/SES098/SA098S12	SES127	-2.16246	-71.0322	-68.8697
BLOCK09/SES098/SA098S12	SES144	0.346954	-68.5228	-68.8697
BLOCK09/SES098/SA098S12	SES147	0.974464	-67.8953	-68.8697
BLOCK09/SES098/SA098S12	SES189	1.63144	-67.2383	-68.8697
BLOCK09/SES098/SA098S20	SES127	-2.21124	-69.7695	-67.5583
BLOCK09/SES098/SA098S20	SES147	1.32157	-66.2367	-67.5583
BLOCK09/SES098/SA098S20	SES148	-1.38552	-68.9438	-67.5583
BLOCK09/SES098/SA098S20	SES292	-1.75876	-69.317	-67.5583
BLOCK09/SES098/SA098S23	SES127	-0.49971	-67.1882	-66.6885
BLOCK09/SES098/SA098S23	SES147	1.19518	-65.4934	-66.6885
BLOCK09/SES098/SA098S23	SES187	0.609314	-66.0792	-66.6885
BLOCK09/SES098/SA098S23	SES292	-0.829079	-67.5176	-66.6885
BLOCK09/SES098/SA098S27	SES127	-1.02715	-68.1297	-67.1025
BLOCK09/SES098/SA098S27	SES147	0.262535	-66.84	-67.1025
BLOCK09/SES098/SA098S27	SES148	-1.97919	-69.0817	-67.1025
BLOCK09/SES098/SA098S27	SES292	-0.480202	-67.5827	-67.1025
BLOCK10/SES102/SA102S13	SES101	0.410873	-64.9705	-65.3814
BLOCK10/SES102/SA102S13	SES105	-0.715729	-66.0971	-65.3814
BLOCK10/SES102/SA102S13	SES120	-0.870811	-66.2522	-65.3814
BLOCK10/SES102/SA102S13	SES158	-6.86459	-72.2459	-65.3814
BLOCK10/SES102/SA102S14	SES007	1.11641	-63.0538	-64.1702
BLOCK10/SES102/SA102S14	SES101	1.03928	-63.131	-64.1702
BLOCK10/SES102/SA102S14	SES105	0.655628	-63.5146	-64.1702
BLOCK10/SES102/SA102S14	SES147	-1.30629	-65.4765	-64.1702
BLOCK10/SES102/SA102S22	SES007	-0.546833	-64.5145	-63.9676
BLOCK10/SES102/SA102S22	SES101	0.429398	-63.5382	-63.9676
BLOCK10/SES102/SA102S22	SES105	-0.0298424	-63.9975	-63.9676
BLOCK10/SES102/SA102S22	SES158	-3.90286	-67.8705	-63.9676
BLOCK10/SES102/SA102S25	SES007	0.596729	-63.8941	-64.4909
BLOCK10/SES102/SA102S25	SES101	0.0889511	-64.4019	-64.4909
BLOCK10/SES102/SA102S25	SES105	0.275665	-64.2152	-64.4909
BLOCK10/SES102/SA102S25	SES147	-3.18871	-67.6796	-64.4909
BLOCK10/SES102/SA102S27	SES007	0.0304718	-64.8632	-64.8936
BLOCK10/SES102/SA102S27	SES101	0.660973	-64.2327	-64.8936
BLOCK10/SES102/SA102S27	SES105	0.445206	-64.4484	-64.8936
BLOCK10/SES102/SA102S27	SES147	-1.66682	-66.5605	-64.8936
BLOCK10/SES103/SA103S14	SES105	-3.25398	-68.085	-64.831
BLOCK10/SES103/SA103S14	SES106	-0.722908	-65.5539	-64.831
BLOCK10/SES103/SA103S14	SES120	-4.27202	-69.103	-64.831
BLOCK10/SES103/SA103S14	SES206	-1.17605	-66.007	-64.831
BLOCK10/SES103/SA103S15	SES099	-1.03206	-66.5372	-65.5052
BLOCK10/SES103/SA103S15	SES101	-4.79757	-70.3027	-65.5052
BLOCK10/SES103/SA103S15	SES104	-1.4304	-66.9356	-65.5052
BLOCK10/SES103/SA103S15	SES125	-1.08365	-66.5888	-65.5052
BLOCK10/SES103/SA103S24	SES104	-2.11188	-65.8175	-63.7056
BLOCK10/SES103/SA103S24	SES125	-1.73363	-65.4392	-63.7056
BLOCK10/SES103/SA103S24	SES148	-3.24849	-66.9541	-63.7056
BLOCK10/SES103/SA103S24	SES158	-0.556282	-64.2619	-63.7056
BLOCK10/SES103/SA103S26	SES104	-2.45635	-67.2546	-64.7982
BLOCK10/SES103/SA103S26	SES106	-1.68517	-66.4834	-64.7982
BLOCK10/SES103/SA103S26	SES125	-1.63818	-66.4364	-64.7982
BLOCK10/SES103/SA103S26	SES148	-3.60329	-68.4015	-64.7982
BLOCK10/SES103/SA103S28	SES104	-2.39211	-68.2253	-65.8332
BLOCK10/SES103/SA103S28	SES106	-1.24004	-67.0733	-65.8332
BLOCK10/SES103/SA103S28	SES125	-2.23155	-68.0648	-65.8332
BLOCK10/SES103/SA103S28	SES206	-2.69051	-68.5237	-65.8332
BLOCK12/SES121/SA121S12	SES042	-2.92555	-68.6097	-65.6841
BLOCK12/SES121/SA121S12	SES087	-1.99374	-67.6779	-65.6841
BLOCK12/SES121/SA121S12	SES105	-2.01594	-67.7001	-65.6841
BLOCK12/SES121/SA121S12	SES206	-1.32812	-67.0122	-65.6841
BLOCK12/SES121/SA121S14	SES007	-3.36312	-69.64	-66.2769
BLOCK12/SES121/SA121S14	SES105	-3.48887	-69.7657	-66.2769
BLOCK12/SES121/SA121S14	SES106	-2.20003	-68.4769	-66.2769
BLOCK12/SES121/SA121S14	SES206	-2.13176	-68.4086	-66.2769
BLOCK12/SES121/SA121S23	SES105	-2.79216	-69.0247	-66.2325
BLOCK12/SES121/SA121S23	SES106	-1.33324	-67.5657	-66.2325
BLOCK12/SES121/SA121S23	SES120	-3.93236	-70.1649	-66.2325
BLOCK12/SES121/SA121S23	SES206	-1.55554	-67.788	-66.2325
BLOCK12/SES121/SA121S25	SES007	-3.31326	-69.9062	-66.5929
BLOCK12/SES121/SA121S25	SES105	-3.66112	-70.254	-66.5929
BLOCK12/SES121/SA121S25	SES106	-2.30444	-68.8973	-66.5929
BLOCK12/SES121/SA121S25	SES206	-2.39105	-68.984	-66.5929
BLOCK12/SES121/SA121S27	SES087	-1.168	-66.7352	-65.5672
BLOCK12/SES121/SA121S27	SES105	-3.94752	-69.5147	-65.5672
BLOCK12/SES121/SA121S27	SES120	-4.21659	-69.7838	-65.5672
BLOCK12/SES121/SA121S27	SES206	-1.52789	-67.0951	-65.5672
BLOCK12/SES124/SA124S16	SES042	-0.488083	-64.0609	-63.5728
BLOCK12/SES124/SA124S16	SES082	-0.811234	-64.3841	-63.5728
BLOCK12/SES124/SA124S16	SES183	-4.76859	-68.3414	-63.5728
BLOCK12/SES124/SA124S16	SES206	-1.57568	-65.1485	-63.5728
BLOCK12/SES124/SA124S17	SES105	-2.72233	-67.3645	-64.6422
BLOCK12/SES124/SA124S17	SES149	-1.67583	-66.318	-64.6422
BLOCK12/SES124/SA124S17	SES158	-1.79697	-66.4392	-64.6422
BLOCK12/SES124/SA124S17	SES275	-3.41127	-68.0535	-64.6422
BLOCK12/SES124/SA124S23	SES105	-2.51326	-65.2808	-62.7676
BLOCK12/SES124/SA124S23	SES125	0.842388	-61.9252	-62.7676
BLOCK12/SES124/SA124S23	SES129	-2.85981	-65.6274	-62.7676
BLOCK12/SES124/SA124S23	SES158	0.0642662	-62.7033	-62.7676
BLOCK12/SES124/SA124S26	SES105	-3.85151	-67.6808	-63.8293
BLOCK12/SES124/SA124S26	SES125	0.768993	-63.0603	-63.8293
BLOCK12/SES124/SA124S26	SES129	-3.9996	-67.8289	-63.8293
BLOCK12/SES124/SA124S26	SES158	-0.581413	-64.4107	-63.8293
BLOCK12/SES124/SA124S28	SES104	0.050209	-63.3899	-63.4401
BLOCK12/SES124/SA124S28	SES106	0.362312	-63.0778	-63.4401
BLOCK12/SES124/SA124S28	SES125	0.55088	-62.8892	-63.4401
BLOCK12/SES124/SA124S28	SES275	-3.22766	-66.6678	-63.4401
BLOCK12/SES126/SA126S13	SES007	-1.3342	-68.4293	-67.0951
BLOCK12/SES126/SA126S13	SES162	-0.950272	-68.0454	-67.0951
BLOCK12/SES126/SA126S13	SES177	-0.749878	-67.845	-67.0951
BLOCK12/SES126/SA126S13	SES180	-0.919922	-68.015	-67.0951
BLOCK12/SES126/SA126S14	SES144	-0.136665	-65.3474	-65.2107
BLOCK12/SES126/SA126S14	SES148	-0.683434	-65.8941	-65.2107
BLOCK12/SES126/SA126S14	SES177	0.628647	-64.5821	-65.2107
BLOCK12/SES126/SA126S14	SES180	0.152916	-65.0578	-65.2107
BLOCK12/SES126/SA126S20	SES007	-1.07391	-66.694	-65.6201
BLOCK12/SES126/SA126S20	SES162	-0.411301	-66.0314	-65.6201
BLOCK12/SES126/SA126S20	SES172	-4.09437	-69.7145	-65.6201
BLOCK12/SES126/SA126S20	SES180	0.185745	-65.4344	-65.6201
BLOCK12/SES126/SA126S24	SES120	-0.058342	-65.1076	-65.0493
BLOCK12/SES126/SA126S24	SES162	-0.0585709	-65.1078	-65.0493
BLOCK12/SES126/SA126S24	SES177	0.0672913	-64.982	-65.0493
BLOCK12/SES126/SA126S24	SES180	0.921692	-64.1276	-65.0493
BLOCK12/SES126/SA126S26	SES120	-0.510544	-66.2508	-65.7403
BLOCK12/SES126/SA126S26	SES177	-0.130348	-65.8706	-65.7403
BLOCK12/SES126/SA126S26	SES180	-0.487206	-66.2275	-65.7403
BLOCK12/SES126/SA126S26	SES202	-1.40739	-67.1477	-65.7403
BLOCK12/SES128/SA128S10	SES087	-2.38216	-66.2964	-63.9143
BLOCK12/SES128/SA128S10	SES206	-1.06454	-64.9788	-63.9143
BLOCK12/SES128/SA128S10	SES226	-0.511551	-64.4258	-63.9143
BLOCK12/SES128/SA128S10	SES270	-0.707375	-64.6216	-63.9143
BLOCK12/SES128/SA128S12	SES120	-2.92692	-67.1008	-64.1739
BLOCK12/SES128/SA128S12	SES158	-0.816994	-64.9909	-64.1739
BLOCK12/SES128/SA128S12	SES206	-0.725197	-64.8991	-64.1739
BLOCK12/SES128/SA128S12	SES226	-0.695282	-64.8692	-64.1739
BLOCK12/SES128/SA128S21	SES106	-3.41582	-68.8385	-65.4227
BLOCK12/SES128/SA128S21	SES120	-2.45387	-67.8766	-65.4227
BLOCK12/SES128/SA128S21	SES206	-2.90226	-68.325	-65.4227
BLOCK12/SES128/SA128S21	SES226	-1.72694	-67.1496	-65.4227
BLOCK12/SES128/SA128S24	SES087	-3.96677	-69.2905	-65.3238
BLOCK12/SES128/SA128S24	SES120	-1.81809	-67.1419	-65.3238
BLOCK12/SES128/SA128S24	SES206	-2.3025	-67.6263	-65.3238
BLOCK12/SES128/SA128S24	SES226	-1.94547	-67.2692	-65.3238
BLOCK12/SES128/SA128S27	SES099	-1.21324	-65.0976	-63.8844
BLOCK12/SES128/SA128S27	SES120	-2.10997	-65.9943	-63.8844
BLOCK12/SES128/SA128S27	SES206	-2.10714	-65.9915	-63.8844
BLOCK12/SES128/SA128S27	SES226	-0.964703	-64.8491	-63.8844
BLOCK13/SES130/SA130S13	SES143	-0.519691	-67.9275	-67.4078
BLOCK13/SES130/SA130S13	SES144	1.21664	-66.1912	-67.4078
BLOCK13/SES130/SA130S13	SES146	0.805077	-66.6027	-67.4078
BLOCK13/SES130/SA130S13	SES275	-1.20345	-68.6112	-67.4078
BLOCK13/SES130/SA130S15	SES143	-0.776009	-66.4791	-65.7031
BLOCK13/SES130/SA130S15	SES144	0.863678	-64.8394	-65.7031
BLOCK13/SES130/SA130S15	SES146	0.392418	-65.3106	-65.7031
BLOCK13/SES130/SA130S15	SES275	0.15239	-65.5507	-65.7031
BLOCK13/SES130/SA130S23	SES127	-1.94899	-68.7795	-66.8305
BLOCK13/SES130/SA130S23	SES144	0.0309067	-66.7996	-66.8305
BLOCK13/SES130/SA130S23	SES146	0.742012	-66.0885	-66.8305
BLOCK13/SES130/SA130S23	SES162	-0.206993	-67.0375	-66.8305
BLOCK13/SES130/SA130S25	SES127	-1.56746	-66.6415	-65.074
BLOCK13/SES130/SA130S25	SES144	1.13286	-63.9411	-65.074
BLOCK13/SES130/SA130S25	SES146	0.399452	-64.6746	-65.074
BLOCK13/SES130/SA130S25	SES275	0.65361	-64.4204	-65.074
BLOCK13/SES130/SA130S28	SES127	-0.116478	-66.0002	-65.8837
BLOCK13/SES130/SA130S28	SES144	1.05181	-64.8319	-65.8837
BLOCK13/SES130/SA130S28	SES146	0.59433	-65.2894	-65.8837
BLOCK13/SES130/SA130S28	SES275	1.03431	-64.8494	-65.8837
BLOCK13/SES131/SA131S13	SES002	-3.01963	-68.9682	-65.9486
BLOCK13/SES131/SA131S13	SES007	-3.57774	-69.5263	-65.9486
BLOCK13/SES131/SA131S13	SES099	-2.0281	-67.9767	-65.9486
BLOCK13/SES131/SA131S13	SES105	-3.15504	-69.1036	-65.9486
BLOCK13/SES131/SA131S14	SES104	-1.24869	-64.8013	-63.5526
BLOCK13/SES131/SA131S14	SES106	-0.906693	-64.4593	-63.5526
BLOCK13/SES131/SA131S14	SES125	-1.3902	-64.9428	-63.5526
BLOCK13/SES131/SA131S14	SES148	-2.1142	-65.6668	-63.5526
BLOCK13/SES131/SA131S20	SES104	-1.9469	-66.9074	-64.9605
BLOCK13/SES131/SA131S20	SES106	-1.05494	-66.0154	-64.9605
BLOCK13/SES131/SA131S20	SES125	-1.93456	-66.8951	-64.9605
BLOCK13/SES131/SA131S20	SES148	-3.64322	-68.6037	-64.9605
BLOCK13/SES131/SA131S22	SES099	-1.35577	-65.7157	-64.3599
BLOCK13/SES131/SA131S22	SES104	-1.34611	-65.706	-64.3599
BLOCK13/SES131/SA131S22	SES125	-1.42655	-65.7864	-64.3599
BLOCK13/SES131/SA131S22	SES206	-1.63776	-65.9977	-64.3599
BLOCK13/SES131/SA131S29	SES087	-2.03732	-66.7089	-64.6716
BLOCK13/SES131/SA131S29	SES104	-2.52435	-67.1959	-64.6716
BLOCK13/SES131/SA131S29	SES125	-2.20761	-66.8792	-64.6716
BLOCK13/SES131/SA131S29	SES206	-1.97547	-66.6471	-64.6716
BLOCK13/SES132/SA132S11	SES083	-0.60981	-64.8814	-64.2716
BLOCK13/SES132/SA132S11	SES120	0.526829	-63.7448	-64.2716
BLOCK13/SES132/SA132S11	SES127	0.120384	-64.1512	-64.2716
BLOCK13/SES132/SA132S11	SES275	-0.348412	-64.62	-64.2716
BLOCK13/SES132/SA132S12	SES083	-0.478661	-64.8051	-64.3265
BLOCK13/SES132/SA132S12	SES143	-0.019783	-64.3463	-64.3265
BLOCK13/SES132/SA132S12	SES144	-0.196724	-64.5232	-64.3265
BLOCK13/SES132/SA132S12	SES148	-0.102966	-64.4294	-64.3265
BLOCK13/SES132/SA132S22	SES062	-0.091095	-64.4007	-64.3096
BLOCK13/SES132/SA132S22	SES083	-0.0161057	-64.3257	-64.3096
BLOCK13/SES132/SA132S22	SES127	0.147835	-64.1618	-64.3096
BLOCK13/SES132/SA132S22	SES275	-0.189857	-64.4995	-64.3096
BLOCK13/SES132/SA132S24	SES007	0.42263	-63.9164	-64.339
BLOCK13/SES132/SA132S24	SES083	-0.504616	-64.8436	-64.339
BLOCK13/SES132/SA132S24	SES127	0.204018	-64.135	-64.339
BLOCK13/SES132/SA132S24	SES275	-0.28019	-64.6192	-64.339
BLOCK13/SES132/SA132S27	SES083	-1.07619	-65.8422	-64.766
BLOCK13/SES132/SA132S27	SES120	0.37912	-64.3869	-64.766
BLOCK13/SES132/SA132S27	SES127	-0.649132	-65.4151	-64.766
BLOCK13/SES132/SA132S27	SES275	-0.602753	-65.3688	-64.766
BLOCK14/SES141/SA141S09	SES143	0.313751	-64.5628	-64.8766
BLOCK14/SES141/SA141S09	SES144	-0.118195	-64.9948	-64.8766
BLOCK14/SES141/SA141S09	SES162	-0.0076828	-64.8843	-64.8766
BLOCK14/SES141/SA141S09	SES180	-0.162727	-65.0393	-64.8766
BLOCK14/SES141/SA141S15	SES127	-0.403702	-65.8059	-65.4022
BLOCK14/SES141/SA141S15	SES144	-0.549728	-65.9519	-65.4022
BLOCK14/SES141/SA141S15	SES162	-0.260757	-65.6629	-65.4022
BLOCK14/SES141/SA141S15	SES180	0.139259	-65.2629	-65.4022
BLOCK14/SES141/SA141S24	SES127	0.901306	-64.5881	-65.4894
BLOCK14/SES141/SA141S24	SES144	-0.487167	-65.9766	-65.4894
BLOCK14/SES141/SA141S24	SES162	1.00945	-64.48	-65.4894
BLOCK14/SES141/SA141S24	SES183	-0.936172	-66.4256	-65.4894
BLOCK14/SES141/SA141S26	SES142	-0.604935	-66.4786	-65.8736
BLOCK14/SES141/SA141S26	SES144	-0.187569	-66.0612	-65.8736
BLOCK14/SES141/SA141S26	SES172	-0.897202	-66.7709	-65.8736
BLOCK14/SES141/SA141S26	SES180	0.311165	-65.5625	-65.8736
BLOCK14/SES141/SA141S29	SES127	0.864807	-64.1567	-65.0215
BLOCK14/SES141/SA141S29	SES142	0.545952	-64.4756	-65.0215
BLOCK14/SES141/SA141S29	SES144	-0.364113	-65.3856	-65.0215
BLOCK14/SES141/SA141S29	SES180	0.777184	-64.2443	-65.0215
BLOCK15/SES157/SA157S08	SES083	-1.88846	-66.9358	-65.0473
BLOCK15/SES157/SA157S08	SES127	-1.28342	-66.3308	-65.0473
BLOCK15/SES157/SA157S08	SES148	-0.585243	-65.6326	-65.0473
BLOCK15/SES157/SA157S08	SES292	-1.19451	-66.2419	-65.0473
BLOCK15/SES157/SA157S11	SES083	-0.733337	-65.8443	-65.1109
BLOCK15/SES157/SA157S11	SES127	-1.51822	-66.6291	-65.1109
BLOCK15/SES157/SA157S11	SES148	-0.234566	-65.3455	-65.1109
BLOCK15/SES157/SA157S11	SES292	-0.530846	-65.6418	-65.1109
BLOCK15/SES157/SA157S21	SES127	-1.95802	-66.2832	-64.3252
BLOCK15/SES157/SA157S21	SES148	-0.48011	-64.8053	-64.3252
BLOCK15/SES157/SA157S21	SES158	-4.60583	-68.931	-64.3252
BLOCK15/SES157/SA157S21	SES292	-1.00851	-65.3337	-64.3252
BLOCK15/SES157/SA157S24	SES127	-0.871964	-66.1328	-65.2609
BLOCK15/SES157/SA157S24	SES148	0.327209	-64.9336	-65.2609
BLOCK15/SES157/SA157S24	SES183	-0.558159	-65.819	-65.2609
BLOCK15/SES157/SA157S24	SES292	-0.59494	-65.8558	-65.2609
BLOCK15/SES157/SA157S26	SES007	0.495476	-64.4675	-64.963
BLOCK15/SES157/SA157S26	SES127	-0.0403214	-65.0033	-64.963
BLOCK15/SES157/SA157S26	SES147	-2.31702	-67.28	-64.963
BLOCK15/SES157/SA157S26	SES148	0.2547	-64.7083	-64.963
BLOCK16/SES161/SA161S10	SES007	-2.1856	-67.8935	-65.7079
BLOCK16/SES161/SA161S10	SES105	-1.57053	-67.2784	-65.7079
BLOCK16/SES161/SA161S10	SES158	-2.51396	-68.2219	-65.7079
BLOCK16/SES161/SA161S10	SES275	-2.26714	-67.975	-65.7079
BLOCK16/SES161/SA161S12	SES007	-1.41682	-66.4005	-64.9837
BLOCK16/SES161/SA161S12	SES105	-2.41528	-67.399	-64.9837
BLOCK16/SES161/SA161S12	SES158	-1.77258	-66.7563	-64.9837
BLOCK16/SES161/SA161S12	SES275	-1.71928	-66.703	-64.9837
BLOCK16/SES161/SA161S20	SES007	-2.44971	-68.8713	-66.4216
BLOCK16/SES161/SA161S20	SES105	-2.86077	-69.2824	-66.4216
BLOCK16/SES161/SA161S20	SES158	-2.20146	-68.6231	-66.4216
BLOCK16/SES161/SA161S20	SES275	-2.44144	-68.8631	-66.4216
BLOCK16/SES161/SA161S23	SES007	-2.09854	-66.875	-64.7764
BLOCK16/SES161/SA161S23	SES105	-1.60177	-66.3782	-64.7764
BLOCK16/SES161/SA161S23	SES148	-2.71001	-67.4864	-64.7764
BLOCK16/SES161/SA161S23	SES158	-1.48241	-66.2588	-64.7764
BLOCK16/SES161/SA161S28	SES007	-2.28918	-67.4491	-65.1599
BLOCK16/SES161/SA161S28	SES105	-2.52849	-67.6884	-65.1599
BLOCK16/SES161/SA161S28	SES158	-0.856216	-66.0161	-65.1599
BLOCK16/SES161/SA161S28	SES206	-1.98927	-67.1492	-65.1599
BLOCK16/SES164/SA164S11	SES104	-1.81805	-64.9273	-63.1093
BLOCK16/SES164/SA164S11	SES125	-0.454285	-63.5636	-63.1093
BLOCK16/SES164/SA164S11	SES158	-0.0892258	-63.1985	-63.1093
BLOCK16/SES164/SA164S11	SES206	-1.11409	-64.2234	-63.1093
BLOCK16/SES164/SA164S13	SES099	-0.85849	-65.0259	-64.1674
BLOCK16/SES164/SA164S13	SES104	-1.84019	-66.0076	-64.1674
BLOCK16/SES164/SA164S13	SES125	-1.47963	-65.647	-64.1674
BLOCK16/SES164/SA164S13	SES206	-1.05145	-65.2188	-64.1674
BLOCK16/SES164/SA164S24	SES002	0.114681	-63.9179	-64.0326
BLOCK16/SES164/SA164S24	SES099	0.0489311	-63.9837	-64.0326
BLOCK16/SES164/SA164S24	SES125	-1.03796	-65.0705	-64.0326
BLOCK16/SES164/SA164S24	SES226	-0.387299	-64.4199	-64.0326
BLOCK16/SES164/SA164S27	SES087	-2.47625	-66.8154	-64.3392
BLOCK16/SES164/SA164S27	SES125	-1.77097	-66.1101	-64.3392
BLOCK16/SES164/SA164S27	SES206	-1.10162	-65.4408	-64.3392
BLOCK16/SES164/SA164S27	SES226	-1.36115	-65.7003	-64.3392
BLOCK16/SES164/SA164S29	SES002	0.417843	-62.9019	-63.3197
BLOCK16/SES164/SA164S29	SES019	-1.34887	-64.6686	-63.3197
BLOCK16/SES164/SA164S29	SES125	-1.0387	-64.3584	-63.3197
BLOCK16/SES164/SA164S29	SES226	-0.894672	-64.2144	-63.3197
BLOCK16/SES169/SA169S13	SES117	-0.823997	-66.2183	-65.3943
BLOCK16/SES169/SA169S13	SES144	0.0616684	-65.3327	-65.3943
BLOCK16/SES169/SA169S13	SES146	0.269897	-65.1244	-65.3943
BLOCK16/SES169/SA169S13	SES162	-1.19355	-66.5879	-65.3943
BLOCK16/SES169/SA169S14	SES144	-0.182243	-64.2752	-64.0929
BLOCK16/SES169/SA169S14	SES148	-0.569939	-64.6628	-64.0929
BLOCK16/SES169/SA169S14	SES177	-0.93911	-65.032	-64.0929
BLOCK16/SES169/SA169S14	SES180	-2.2229	-66.3158	-64.0929
BLOCK16/SES169/SA169S24	SES117	0.172813	-65.9657	-66.1385
BLOCK16/SES169/SA169S24	SES144	0.253159	-65.8854	-66.1385
BLOCK16/SES169/SA169S24	SES146	0.36924	-65.7693	-66.1385
BLOCK16/SES169/SA169S24	SES162	-0.774132	-66.9127	-66.1385
BLOCK16/SES169/SA169S27	SES127	-0.453957	-65.6673	-65.2133
BLOCK16/SES169/SA169S27	SES129	-0.355133	-65.5685	-65.2133
BLOCK16/SES169/SA169S27	SES144	-0.38768	-65.601	-65.2133
BLOCK16/SES169/SA169S27	SES146	0.67202	-64.5413	-65.2133
BLOCK16/SES169/SA169S29	SES144	-0.130104	-64.8592	-64.7291
BLOCK16/SES169/SA169S29	SES162	-0.957283	-65.6864	-64.7291
BLOCK16/SES169/SA169S29	SES177	-1.70927	-66.4384	-64.7291
BLOCK16/SES169/SA169S29	SES180	-1.07236	-65.8015	-64.7291
BLOCK17/SES171/SA171S12	SES083	-0.627068	-66.0035	-65.3764
BLOCK17/SES171/SA171S12	SES148	-0.465988	-65.8424	-65.3764
BLOCK17/SES171/SA171S12	SES172	-1.01276	-66.3892	-65.3764
BLOCK17/SES171/SA171S12	SES292	-1.1445	-66.5209	-65.3764
BLOCK17/SES171/SA171S15	SES148	-0.118431	-66.6623	-66.5439
BLOCK17/SES171/SA171S15	SES177	0.375908	-66.168	-66.5439
BLOCK17/SES171/SA171S15	SES180	-1.28523	-67.8291	-66.5439
BLOCK17/SES171/SA171S15	SES292	-2.15652	-68.7004	-66.5439
BLOCK17/SES171/SA171S22	SES007	-1.04059	-65.0537	-64.0131
BLOCK17/SES171/SA171S22	SES148	-0.68795	-64.701	-64.0131
BLOCK17/SES171/SA171S22	SES177	-0.272408	-64.2855	-64.0131
BLOCK17/SES171/SA171S22	SES180	-1.27494	-65.288	-64.0131
BLOCK17/SES171/SA171S25	SES101	-0.213882	-67.7145	-67.5006
BLOCK17/SES171/SA171S25	SES120	-1.74487	-69.2455	-67.5006
BLOCK17/SES171/SA171S25	SES177	1.31826	-66.1824	-67.5006
BLOCK17/SES171/SA171S25	SES180	0.0799866	-67.4206	-67.5006
BLOCK17/SES171/SA171S27	SES177	0.38195	-65.0188	-65.4007
BLOCK17/SES171/SA171S27	SES180	-0.483963	-65.8847	-65.4007
BLOCK17/SES171/SA171S27	SES189	0.335083	-65.0657	-65.4007
BLOCK17/SES171/SA171S27	SES292	-1.3661	-66.7668	-65.4007
BLOCK17/SES173/SA173S13	SES162	-1.41241	-68.5583	-67.1459
BLOCK17/SES173/SA173S13	SES177	-0.0944214	-67.2403	-67.1459
BLOCK17/SES173/SA173S13	SES180	-0.632408	-67.7783	-67.1459
BLOCK17/SES173/SA173S13	SES292	-0.73053	-67.8764	-67.1459
BLOCK17/SES173/SA173S14	SES007	-1.97824	-68.6734	-66.6952
BLOCK17/SES173/SA173S14	SES162	-1.31089	-68.0061	-66.6952
BLOCK17/SES173/SA173S14	SES177	-0.34333	-67.0385	-66.6952
BLOCK17/SES173/SA173S14	SES180	-1.74754	-68.4427	-66.6952
BLOCK17/SES173/SA173S24	SES144	-0.0879364	-67.3751	-67.2872
BLOCK17/SES173/SA173S24	SES162	-1.50401	-68.7912	-67.2872
BLOCK17/SES173/SA173S24	SES177	-0.0411148	-67.3283	-67.2872
BLOCK17/SES173/SA173S24	SES180	-1.02775	-68.3149	-67.2872
BLOCK17/SES173/SA173S27	SES162	-2.28281	-69.0618	-66.779
BLOCK17/SES173/SA173S27	SES177	0.289238	-66.4898	-66.779
BLOCK17/SES173/SA173S27	SES180	-1.05237	-67.8314	-66.779
BLOCK17/SES173/SA173S27	SES292	-1.66168	-68.4407	-66.779
BLOCK17/SES173/SA173S29	SES162	-0.982704	-67.9667	-66.984
BLOCK17/SES173/SA173S29	SES175	0.868935	-66.1151	-66.984
BLOCK17/SES173/SA173S29	SES177	0.403671	-66.5803	-66.984
BLOCK17/SES173/SA173S29	SES292	-2.20508	-69.1891	-66.984
BLOCK18/SES182/SA182S10	SES144	-0.158989	-65.1776	-65.0186
BLOCK18/SES182/SA182S10	SES177	0.074028	-64.9445	-65.0186
BLOCK18/SES182/SA182S10	SES180	-1.15235	-66.1709	-65.0186
BLOCK18/SES182/SA182S10	SES275	-0.121277	-65.1398	-65.0186
BLOCK18/SES182/SA182S12	SES144	0.387054	-64.2976	-64.6846
BLOCK18/SES182/SA182S12	SES177	0.196716	-64.4879	-64.6846
BLOCK18/SES182/SA182S12	SES180	0.416985	-64.2677	-64.6846
BLOCK18/SES182/SA182S12	SES275	-0.344841	-65.0295	-64.6846
BLOCK18/SES182/SA182S21	SES117	0.299507	-65.925	-66.2245
BLOCK18/SES182/SA182S21	SES144	-0.576271	-66.8007	-66.2245
BLOCK18/SES182/SA182S21	SES162	0.498123	-65.7263	-66.2245
BLOCK18/SES182/SA182S21	SES180	-0.378571	-66.603	-66.2245
BLOCK18/SES182/SA182S23	SES117	0.103806	-65.5203	-65.6241
BLOCK18/SES182/SA182S23	SES144	-0.604286	-66.2284	-65.6241
BLOCK18/SES182/SA182S23	SES180	-0.576408	-66.2005	-65.6241
BLOCK18/SES182/SA182S23	SES275	-0.705353	-66.3295	-65.6241
BLOCK18/SES182/SA182S25	SES007	0.502098	-64.9993	-65.5014
BLOCK18/SES182/SA182S25	SES162	0.77507	-64.7263	-65.5014
BLOCK18/SES182/SA182S25	SES177	0.565971	-64.9354	-65.5014
BLOCK18/SES182/SA182S25	SES180	0.0415649	-65.4598	-65.5014
BLOCK18/SES184/SA184S12	SES177	-0.731705	-65.854	-65.1223
BLOCK18/SES184/SA184S12	SES180	-0.0496445	-65.172	-65.1223
BLOCK18/SES184/SA184S12	SES189	-1.44453	-66.5668	-65.1223
BLOCK18/SES184/SA184S12	SES292	-1.00905	-66.1314	-65.1223
BLOCK18/SES184/SA184S13	SES101	-0.306244	-65.7341	-65.4279
BLOCK18/SES184/SA184S13	SES177	-0.221939	-65.6498	-65.4279
BLOCK18/SES184/SA184S13	SES180	-0.58567	-66.0135	-65.4279
BLOCK18/SES184/SA184S13	SES292	-0.421143	-65.849	-65.4279
BLOCK18/SES184/SA184S22	SES177	0.171593	-64.8605	-65.0321
BLOCK18/SES184/SA184S22	SES180	0.0486069	-64.9835	-65.0321
BLOCK18/SES184/SA184S22	SES189	-0.907761	-65.9398	-65.0321
BLOCK18/SES184/SA184S22	SES292	0.0199966	-65.0121	-65.0321
BLOCK18/SES184/SA184S25	SES101	0.237045	-64.5554	-64.7924
BLOCK18/SES184/SA184S25	SES177	-0.613617	-65.4061	-64.7924
BLOCK18/SES184/SA184S25	SES180	-0.118683	-64.9111	-64.7924
BLOCK18/SES184/SA184S25	SES292	0.582565	-64.2099	-64.7924
BLOCK18/SES184/SA184S27	SES083	-0.907326	-65.6375	-64.7301
BLOCK18/SES184/SA184S27	SES177	-0.426575	-65.1567	-64.7301
BLOCK18/SES184/SA184S27	SES202	-2.17102	-66.9012	-64.7301
BLOCK18/SES184/SA184S27	SES292	-0.738266	-65.4684	-64.7301
BLOCK20/SES204/SA204S12	SES062	-1.71419	-65.209	-63.4948
BLOCK20/SES204/SA204S12	SES083	-2.47026	-65.9651	-63.4948
BLOCK20/SES204/SA204S12	SES206	-0.369812	-63.8647	-63.4948
BLOCK20/SES204/SA204S12	SES226	-1.06663	-64.5615	-63.4948
BLOCK20/SES204/SA204S14	SES068	-3.10021	-65.6394	-62.5392
BLOCK20/SES204/SA204S14	SES087	-0.233238	-62.7724	-62.5392
BLOCK20/SES204/SA204S14	SES206	-0.446674	-62.9859	-62.5392
BLOCK20/SES204/SA204S14	SES226	-1.0183	-63.5575	-62.5392
BLOCK20/SES204/SA204S22	SES068	-3.40457	-66.8743	-63.4698
BLOCK20/SES204/SA204S22	SES082	-2.0099	-65.4797	-63.4698
BLOCK20/SES204/SA204S22	SES083	-2.79375	-66.2635	-63.4698
BLOCK20/SES204/SA204S22	SES206	-0.244438	-63.7142	-63.4698
BLOCK20/SES204/SA204S25	SES062	-2.81284	-66.4507	-63.6378
BLOCK20/SES204/SA204S25	SES083	-2.79584	-66.4337	-63.6378
BLOCK20/SES204/SA204S25	SES206	0.143398	-63.4944	-63.6378
BLOCK20/SES204/SA204S25	SES226	-0.857185	-64.495	-63.6378
BLOCK20/SES204/SA204S27	SES068	-3.77096	-68.0637	-64.2928
BLOCK20/SES204/SA204S27	SES082	-1.49004	-65.7828	-64.2928
BLOCK20/SES204/SA204S27	SES087	-0.537201	-64.83	-64.2928
BLOCK20/SES204/SA204S27	SES206	-0.234688	-64.5275	-64.2928
BLOCK20/SES207/SA207S10	SES127	-0.157616	-65.2294	-65.0718
BLOCK20/SES207/SA207S10	SES183	-0.601349	-65.6732	-65.0718
BLOCK20/SES207/SA207S10	SES189	-0.458839	-65.5307	-65.0718
BLOCK20/SES207/SA207S10	SES292	-0.968849	-66.0407	-65.0718
BLOCK20/SES207/SA207S11	SES127	-0.914711	-65.7876	-64.8729
BLOCK20/SES207/SA207S11	SES183	-0.740875	-65.6138	-64.8729
BLOCK20/SES207/SA207S11	SES187	0.091156	-64.7818	-64.8729
BLOCK20/SES207/SA207S11	SES292	-0.491943	-65.3649	-64.8729
BLOCK20/SES207/SA207S25	SES068	-0.951912	-66.7952	-65.8433
BLOCK20/SES207/SA207S25	SES083	-0.879631	-66.723	-65.8433
BLOCK20/SES207/SA207S25	SES127	0.302231	-65.5411	-65.8433
BLOCK20/SES207/SA207S25	SES187	0.425499	-65.4178	-65.8433
BLOCK20/SES207/SA207S27	SES127	-0.356537	-65.9925	-65.6359
BLOCK20/SES207/SA207S27	SES183	-0.387558	-66.0235	-65.6359
BLOCK20/SES207/SA207S27	SES187	-0.183479	-65.8194	-65.6359
BLOCK20/SES207/SA207S27	SES292	-0.631126	-66.2671	-65.6359
BLOCK20/SES207/SA207S29	SES083	-0.568291	-65.8559	-65.2876
BLOCK20/SES207/SA207S29	SES085	-0.0488205	-65.3364	-65.2876
BLOCK20/SES207/SA207S29	SES172	-0.965187	-66.2527	-65.2876
BLOCK20/SES207/SA207S29	SES189	-0.056015	-65.3436	-65.2876
BLOCK22/SES221/SA221S12	SES068	-0.0221939	-66.4877	-66.4655
BLOCK22/SES221/SA221S12	SES143	1.13053	-65.335	-66.4655
BLOCK22/SES221/SA221S12	SES175	1.42302	-65.0425	-66.4655
BLOCK22/SES221/SA221S12	SES202	1.41029	-65.0553	-66.4655
BLOCK22/SES221/SA221S15	SES085	-1.39069	-68.9221	-67.5314
BLOCK22/SES221/SA221S15	SES143	-0.0113449	-67.5427	-67.5314
BLOCK22/SES221/SA221S15	SES175	0.661278	-66.8701	-67.5314
BLOCK22/SES221/SA221S15	SES187	0.770088	-66.7613	-67.5314
BLOCK22/SES221/SA221S23	SES068	-0.54409	-67.6261	-67.082
BLOCK22/SES221/SA221S23	SES143	0.791672	-66.2904	-67.082
BLOCK22/SES221/SA221S23	SES175	2.0297	-65.0523	-67.082
BLOCK22/SES221/SA221S23	SES189	3.38422	-63.6978	-67.082
BLOCK22/SES221/SA221S27	SES085	-1.42847	-68.9738	-67.5453
BLOCK22/SES221/SA221S27	SES143	1.62044	-65.9249	-67.5453
BLOCK22/SES221/SA221S27	SES175	2.0669	-65.4784	-67.5453
BLOCK22/SES221/SA221S27	SES189	4.13691	-63.4084	-67.5453
BLOCK22/SES221/SA221S29	SES085	-2.21839	-71.8634	-69.645
BLOCK22/SES221/SA221S29	SES143	1.12173	-68.5233	-69.645
BLOCK22/SES221/SA221S29	SES175	1.46048	-68.1846	-69.645
BLOCK22/SES221/SA221S29	SES187	3.19293	-66.4521	-69.645
BLOCK22/SES223/SA223S11	SES143	0.24369	-66.2338	-66.4775
BLOCK22/SES223/SA223S11	SES144	-0.334045	-66.8115	-66.4775
BLOCK22/SES223/SA223S11	SES175	0.281998	-66.1955	-66.4775
BLOCK22/SES223/SA223S11	SES187	0.409119	-66.0683	-66.4775
BLOCK22/SES223/SA223S13	SES068	-1.29908	-68.7946	-67.4955
BLOCK22/SES223/SA223S13	SES143	-0.359451	-67.855	-67.4955
BLOCK22/SES223/SA223S13	SES146	-0.489861	-67.9854	-67.4955
BLOCK22/SES223/SA223S13	SES202	-0.388786	-67.8843	-67.4955
BLOCK22/SES223/SA223S22	SES143	0.702744	-66.418	-67.1208
BLOCK22/SES223/SA223S22	SES144	0.130501	-66.9903	-67.1208
BLOCK22/SES223/SA223S22	SES175	0.76416	-66.3566	-67.1208
BLOCK22/SES223/SA223S22	SES187	0.818436	-66.3023	-67.1208
BLOCK22/SES223/SA223S25	SES068	-1.1212	-67.9135	-66.7923
BLOCK22/SES223/SA223S25	SES143	0.11705	-66.6752	-66.7923
BLOCK22/SES223/SA223S25	SES175	0.733772	-66.0585	-66.7923
BLOCK22/SES223/SA223S25	SES187	0.669029	-66.1232	-66.7923
BLOCK22/SES223/SA223S27	SES143	1.26266	-66.3951	-67.6577
BLOCK22/SES223/SA223S27	SES146	0.987526	-66.6702	-67.6577
BLOCK22/SES223/SA223S27	SES187	1.33337	-66.3244	-67.6577
BLOCK22/SES223/SA223S27	SES292	-0.804237	-68.462	-67.6577
BLOCK27/SES273/SA273S12	SES099	0.612408	-61.738	-62.3504
BLOCK27/SES273/SA273S12	SES104	0.881813	-61.4686	-62.3504
BLOCK27/SES273/SA273S12	SES125	0.444294	-61.9061	-62.3504
BLOCK27/SES273/SA273S12	SES206	0.829803	-61.5206	-62.3504
BLOCK27/SES273/SA273S13	SES099	0.184414	-62.0773	-62.2617
BLOCK27/SES273/SA273S13	SES104	0.278748	-61.9829	-62.2617
BLOCK27/SES273/SA273S13	SES206	0.892208	-61.3695	-62.2617
BLOCK27/SES273/SA273S13	SES292	-2.59557	-64.8573	-62.2617
BLOCK27/SES273/SA273S21	SES099	0.411652	-62.0187	-62.4304
BLOCK27/SES273/SA273S21	SES148	-2.25755	-64.6879	-62.4304
BLOCK27/SES273/SA273S21	SES149	-0.0422974	-62.4726	-62.4304
BLOCK27/SES273/SA273S21	SES177	-3.01147	-65.4418	-62.4304
BLOCK27/SES273/SA273S25	SES104	0.512661	-62.0054	-62.5181
BLOCK27/SES273/SA273S25	SES125	0.627853	-61.8902	-62.5181
BLOCK27/SES273/SA273S25	SES158	0.773941	-61.7441	-62.5181
BLOCK27/SES273/SA273S25	SES206	1.52748	-60.9906	-62.5181
BLOCK27/SES273/SA273S27	SES099	0.12122	-61.9796	-62.1008
BLOCK27/SES273/SA273S27	SES104	-0.539196	-62.64	-62.1008
BLOCK27/SES273/SA273S27	SES149	-0.488152	-62.5889	-62.1008
BLOCK27/SES273/SA273S27	SES275	-1.65597	-63.7567	-62.1008
BLOCK27/SES274/SA274S10	SES105	-1.82127	-64.4868	-62.6655
BLOCK27/SES274/SA274S10	SES125	-0.378223	-63.0438	-62.6655
BLOCK27/SES274/SA274S10	SES129	-1.61832	-64.2839	-62.6655
BLOCK27/SES274/SA274S10	SES158	-1.56362	-64.2292	-62.6655
BLOCK27/SES274/SA274S11	SES105	-2.32967	-65.3382	-63.0086
BLOCK27/SES274/SA274S11	SES149	-1.16929	-64.1779	-63.0086
BLOCK27/SES274/SA274S11	SES158	-1.038	-64.0466	-63.0086
BLOCK27/SES274/SA274S11	SES275	-1.95291	-64.9615	-63.0086
BLOCK27/SES274/SA274S21	SES105	-1.97062	-65.4596	-63.4889
BLOCK27/SES274/SA274S21	SES129	-2.27157	-65.7605	-63.4889
BLOCK27/SES274/SA274S21	SES149	-0.700676	-64.1896	-63.4889
BLOCK27/SES274/SA274S21	SES158	-2.22116	-65.7101	-63.4889
BLOCK27/SES274/SA274S24	SES105	-2.05465	-65.1061	-63.0514
BLOCK27/SES274/SA274S24	SES129	-2.67387	-65.7253	-63.0514
BLOCK27/SES274/SA274S24	SES149	-1.18717	-64.2386	-63.0514
BLOCK27/SES274/SA274S24	SES158	-2.15054	-65.202	-63.0514
BLOCK27/SES274/SA274S29	SES105	-2.63811	-65.9002	-63.2621
BLOCK27/SES274/SA274S29	SES106	-1.84241	-65.1045	-63.2621
BLOCK27/SES274/SA274S29	SES120	-2.64176	-65.9039	-63.2621
BLOCK27/SES274/SA274S29	SES275	-2.25588	-65.518	-63.2621
BLOCK27/SES276/SA276S16	SES148	-0.252518	-66.227	-65.9745
BLOCK27/SES276/SA276S16	SES172	-0.859444	-66.8339	-65.9745
BLOCK27/SES276/SA276S16	SES180	-1.44059	-67.4151	-65.9745
BLOCK27/SES276/SA276S16	SES292	1.35581	-64.6187	-65.9745
BLOCK27/SES276/SA276S17	SES101	0.431618	-64.9838	-65.4154
BLOCK27/SES276/SA276S17	SES177	-0.743538	-66.159	-65.4154
BLOCK27/SES276/SA276S17	SES180	-0.662964	-66.0784	-65.4154
BLOCK27/SES276/SA276S17	SES292	-0.17057	-65.586	-65.4154
BLOCK27/SES276/SA276S24	SES101	0.712067	-64.064	-64.7761
BLOCK27/SES276/SA276S24	SES177	-0.126297	-64.9024	-64.7761
BLOCK27/SES276/SA276S24	SES180	-0.337486	-65.1136	-64.7761
BLOCK27/SES276/SA276S24	SES292	0.138908	-64.6372	-64.7761
BLOCK27/SES276/SA276S26	SES101	0.08461	-64.6966	-64.7812
BLOCK27/SES276/SA276S26	SES177	0.356392	-64.4249	-64.7812
BLOCK27/SES276/SA276S26	SES180	0.172844	-64.6084	-64.7812
BLOCK27/SES276/SA276S26	SES292	0.50985	-64.2714	-64.7812
BLOCK27/SES276/SA276S28	SES101	0.624001	-64.936	-65.56
BLOCK27/SES276/SA276S28	SES177	0.165916	-65.3941	-65.56
BLOCK27/SES276/SA276S28	SES180	0.327698	-65.2323	-65.56
BLOCK27/SES276/SA276S28	SES292	0.559715	-65.0003	-65.56
BLOCK27/SES277/SA277S12	SES101	0.362297	-65.814	-66.1763
BLOCK27/SES277/SA277S12	SES177	-0.267799	-66.4441	-66.1763
BLOCK27/SES277/SA277S12	SES180	-0.132553	-66.3088	-66.1763
BLOCK27/SES277/SA277S12	SES292	-1.19418	-67.3704	-66.1763
BLOCK27/SES277/SA277S14	SES177	0.137383	-66.1146	-66.2519
BLOCK27/SES277/SA277S14	SES180	-0.29229	-66.5442	-66.2519
BLOCK27/SES277/SA277S14	SES189	0.689682	-65.5623	-66.2519
BLOCK27/SES277/SA277S14	SES292	-1.63676	-67.8887	-66.2519
BLOCK27/SES277/SA277S21	SES177	0.501999	-64.881	-65.383
BLOCK27/SES277/SA277S21	SES180	-0.0213242	-65.4044	-65.383
BLOCK27/SES277/SA277S21	SES189	0.338867	-65.0442	-65.383
BLOCK27/SES277/SA277S21	SES292	-0.950623	-66.3337	-65.383
BLOCK27/SES277/SA277S24	SES144	0.490417	-66.5417	-67.0321
BLOCK27/SES277/SA277S24	SES177	0.10466	-66.9275	-67.0321
BLOCK27/SES277/SA277S24	SES180	-0.0288162	-67.0609	-67.0321
BLOCK27/SES277/SA277S24	SES189	0.778458	-66.2537	-67.0321
BLOCK27/SES277/SA277S29	SES177	-0.00213623	-64.084	-64.0819
BLOCK27/SES277/SA277S29	SES180	0.0582047	-64.0237	-64.0819
BLOCK27/SES277/SA277S29	SES202	-0.743599	-64.8255	-64.0819
BLOCK27/SES277/SA277S29	SES292	-0.542923	-64.6248	-64.0819
BLOCK27/SES279/SA279S09	SES120	-1.73367	-65.4882	-63.7545
BLOCK27/SES279/SA279S09	SES146	-0.617279	-64.3718	-63.7545
BLOCK27/SES279/SA279S09	SES206	-1.84943	-65.6039	-63.7545
BLOCK27/SES279/SA279S09	SES226	-2.24456	-65.999	-63.7545
BLOCK27/SES279/SA279S10	SES099	-1.70469	-65.3033	-63.5986
BLOCK27/SES279/SA279S10	SES206	-1.70414	-65.3027	-63.5986
BLOCK27/SES279/SA279S10	SES226	-1.87462	-65.4732	-63.5986
BLOCK27/SES279/SA279S10	SES292	-0.658798	-64.2574	-63.5986
BLOCK27/SES279/SA279S20	SES099	-2.95929	-67.6852	-64.7259
BLOCK27/SES279/SA279S20	SES206	-1.65652	-66.3824	-64.7259
BLOCK27/SES279/SA279S20	SES226	-2.16195	-66.8879	-64.7259
BLOCK27/SES279/SA279S20	SES292	-0.63932	-65.3652	-64.7259
BLOCK27/SES279/SA279S26	SES099	-2.22681	-66.3049	-64.0781
BLOCK27/SES279/SA279S26	SES206	-0.755913	-64.834	-64.0781
BLOCK27/SES279/SA279S26	SES226	-1.19736	-65.2755	-64.0781
BLOCK27/SES279/SA279S26	SES292	-0.415947	-64.4941	-64.0781
BLOCK27/SES279/SA279S28	SES099	-1.55008	-64.4258	-62.8757
BLOCK27/SES279/SA279S28	SES120	-1.47094	-64.3467	-62.8757
BLOCK27/SES279/SA279S28	SES177	-2.81316	-65.6889	-62.8757
BLOCK27/SES279/SA279S28	SES206	-1.39964	-64.2754	-62.8757
BLOCK29/SES290/SA290S12	SES162	-0.223213	-66.1362	-65.913
BLOCK29/SES290/SA290S12	SES177	0.432396	-65.4806	-65.913
BLOCK29/SES290/SA290S12	SES180	0.0504456	-65.8626	-65.913
BLOCK29/SES290/SA290S12	SES292	-1.61286	-67.5259	-65.913
BLOCK29/SES290/SA290S13	SES007	-1.03754	-67.3769	-66.3393
BLOCK29/SES290/SA290S13	SES162	-0.351135	-66.6905	-66.3393
BLOCK29/SES290/SA290S13	SES177	0.936646	-65.4027	-66.3393
BLOCK29/SES290/SA290S13	SES180	-0.0805435	-66.4199	-66.3393
BLOCK29/SES290/SA290S22	SES177	0.763817	-64.3995	-65.1633
BLOCK29/SES290/SA290S22	SES180	0.707001	-64.4563	-65.1633
BLOCK29/SES290/SA290S22	SES202	0.00547028	-65.1579	-65.1633
BLOCK29/SES290/SA290S22	SES292	-0.873383	-66.0367	-65.1633
BLOCK29/SES290/SA290S25	SES162	-0.115265	-65.7987	-65.6834
BLOCK29/SES290/SA290S25	SES177	0.535049	-65.1484	-65.6834
BLOCK29/SES290/SA290S25	SES180	0.215897	-65.4675	-65.6834
BLOCK29/SES290/SA290S25	SES292	-0.524117	-66.2076	-65.6834
BLOCK29/SES290/SA290S29	SES177	1.01151	-63.6447	-64.6562
BLOCK29/SES290/SA290S29	SES180	0.813671	-63.8425	-64.6562
BLOCK29/SES290/SA290S29	SES275	-1.0239	-65.6801	-64.6562
BLOCK29/SES290/SA290S29	SES292	-0.579643	-65.2359	-64.6562
BLOCK29/SES291/SA291S11	SES105	-3.06667	-67.0144	-63.9477
BLOCK29/SES291/SA291S11	SES125	-0.121101	-64.0688	-63.9477
BLOCK29/SES291/SA291S11	SES158	-0.350426	-64.2982	-63.9477
BLOCK29/SES291/SA291S11	SES275	-3.05058	-66.9983	-63.9477
BLOCK29/SES291/SA291S12	SES158	0.820805	-62.9631	-63.7839
BLOCK29/SES291/SA291S12	SES226	-0.523403	-64.3073	-63.7839
BLOCK29/SES291/SA291S12	SES270	1.3713	-62.4126	-63.7839
BLOCK29/SES291/SA291S12	SES275	-4.28993	-68.0738	-63.7839
BLOCK29/SES291/SA291S22	SES082	-0.446316	-64.0896	-63.6433
BLOCK29/SES291/SA291S22	SES158	0.181858	-63.4614	-63.6433
BLOCK29/SES291/SA291S22	SES259	-0.741749	-64.385	-63.6433
BLOCK29/SES291/SA291S22	SES275	-3.05981	-66.7031	-63.6433
BLOCK29/SES291/SA291S24	SES104	1.11586	-61.6297	-62.7455
BLOCK29/SES291/SA291S24	SES125	0.972424	-61.7731	-62.7455
BLOCK29/SES291/SA291S24	SES158	0.941071	-61.8044	-62.7455
BLOCK29/SES291/SA291S24	SES275	-3.18533	-65.9308	-62.7455
BLOCK29/SES291/SA291S27	SES158	1.38637	-62.0946	-63.481
BLOCK29/SES291/SA291S27	SES172	-4.22751	-67.7085	-63.481
BLOCK29/SES291/SA291S27	SES275	-3.1391	-66.6201	-63.481
BLOCK29/SES291/SA291S27	SES292	-2.23759	-65.7186	-63.481
Threshold search:
THR	-6.86460504284	9	0(0)	1(1000)
THR	-6.7141764924116	8.991	0(0)	0.999(999)
THR	-6.5637479419832	8.991	0(0)	0.999(999)
THR	-6.4133193915548	8.991	0(0)	0.999(999)
THR	-6.2628908411264	8.991	0(0)	0.999(999)
THR	-6.112462290698	8.991	0(0)	0.999(999)
THR	-5.9620337402696	8.991	0(0)	0.999(999)
THR	-5.8116051898412	8.991	0(0)	0.999(999)
THR	-5.6611766394128	8.982	0(0)	0.998(998)
THR	-5.5107480889844	8.982	0(0)	0.998(998)
THR	-5.360319538556	8.982	0(0)	0.998(998)
THR	-5.2098909881276	8.982	0(0)	0.998(998)
THR	-5.0594624376992	8.973	0(0)	0.997(997)
THR	-4.90903388727079	8.973	0(0)	0.997(997)
THR	-4.75860533684239	8.955	0(0)	0.995(995)
THR	-4.60817678641399	8.955	0(0)	0.995(995)
THR	-4.45774823598559	8.946	0(0)	0.994(994)
THR	-4.30731968555719	8.937	0(0)	0.993(993)
THR	-4.15689113512879	8.892	0(0)	0.988(988)
THR	-4.00646258470039	8.865	0(0)	0.985(985)
THR	-3.85603403427199	8.802	0(0)	0.978(978)
THR	-3.70560548384359	8.757	0(0)	0.973(973)
THR	-3.55517693341519	8.694	0(0)	0.966(966)
THR	-3.40474838298679	8.658	0(0)	0.962(962)
THR	-3.25431983255839	8.604	0(0)	0.956(956)
THR	-3.10389128212999	8.496	0(0)	0.944(944)
THR	-2.95346273170159	8.406	0(0)	0.934(934)
THR	-2.80303418127319	8.298	0(0)	0.922(922)
THR	-2.65260563084479	8.127	0(0)	0.903(903)
THR	-2.50217708041639	8.01	0(0)	0.89(890)
THR	-2.35174852998799	7.884	0(0)	0.876(876)
THR	-2.20131997955959	7.659	0(0)	0.851(851)
THR	-2.05089142913119	7.47	0(0)	0.83(830)
THR	-1.90046287870279	7.272	0(0)	0.808(808)
THR	-1.75003432827439	7.101	0(0)	0.789(789)
THR	-1.59960577784599	6.84	0(0)	0.76(760)
THR	-1.44917722741759	6.624	0(0)	0.736(736)
THR	-1.29874867698919	6.291	0(0)	0.699(699)
THR	-1.14832012656079	6.021	0(0)	0.669(669)
THR	-0.997891576132393	5.67	0(0)	0.63(630)
THR	-0.847463025703993	5.229	0(0)	0.581(581)
THR	-0.697034475275593	4.833	0(0)	0.537(537)
THR	-0.546605924847193	4.374	0(0)	0.486(486)
THR	-0.396177374418793	3.87	0(0)	0.43(430)
THR	-0.245748823990393	3.393	0(0)	0.377(377)
THR	-0.0953202735619926	2.929	0.004(1)	0.325(325)
THR	0.0551082768664074	2.443	0.004(1)	0.271(271)
THR	0.205536827294807	1.997	0.008(2)	0.221(221)
THR	0.355965377723207	1.718	0.008(2)	0.19(190)
THR	0.506393928151607	1.223	0.008(2)	0.135(135)
THR	0.656822478580007	0.948	0.012(3)	0.104(104)
THR	0.807251029008407	0.682	0.016(4)	0.074(74)
THR	0.957679579436807	0.478	0.028(7)	0.05(50)
THR	1.10810812986521	0.376	0.052(13)	0.036(36)
THR	1.25853668029361	0.317	0.092(23)	0.025(25)
THR	1.40896523072201	0.247	0.112(28)	0.015(15)
THR	1.55939378115041	0.246	0.156(39)	0.01(10)
THR	1.70982233157881	0.275	0.212(53)	0.007(7)
THR	1.86025088200721	0.33	0.276(69)	0.006(6)
THR	2.01067943243561	0.385	0.34(85)	0.005(5)
THR	2.16110798286401	0.427	0.4(100)	0.003(3)
THR	2.31153653329241	0.507	0.48(120)	0.003(3)
THR	2.46196508372081	0.563	0.536(134)	0.003(3)
THR	2.61239363414921	0.635	0.608(152)	0.003(3)
THR	2.76282218457761	0.711	0.684(171)	0.003(3)
THR	2.91325073500601	0.759	0.732(183)	0.003(3)
THR	3.06367928543441	0.811	0.784(196)	0.003(3)
THR	3.21410783586281	0.87	0.852(213)	0.002(2)
THR	3.36453638629121	0.906	0.888(222)	0.002(2)
THR	3.51496493671961	0.917	0.908(227)	0.001(1)
THR	3.66539348714801	0.921	0.912(228)	0.001(1)
THR	3.81582203757641	0.937	0.928(232)	0.001(1)
THR	3.96625058800481	0.945	0.936(234)	0.001(1)
THR	4.11667913843321	0.961	0.952(238)	0.001(1)
THR	4.26710768886161	0.952	0.952(238)	0(0)
THR	4.41753623929001	0.96	0.96(240)	0(0)
THR	4.56796478971841	0.964	0.964(241)	0(0)
THR	4.71839334014681	0.972	0.972(243)	0(0)
THR	4.86882189057521	0.976	0.976(244)	0(0)
THR	5.01925044100361	0.976	0.976(244)	0(0)
THR	5.16967899143201	0.98	0.98(245)	0(0)
THR	5.32010754186041	0.98	0.98(245)	0(0)
THR	5.47053609228881	0.984	0.984(246)	0(0)
THR	5.62096464271721	0.984	0.984(246)	0(0)
THR	5.77139319314561	0.984	0.984(246)	0(0)
THR	5.92182174357401	0.984	0.984(246)	0(0)
THR	6.07225029400241	0.984	0.984(246)	0(0)
THR	6.22267884443081	0.984	0.984(246)	0(0)
THR	6.37310739485921	0.988	0.988(247)	0(0)
THR	6.52353594528761	0.988	0.988(247)	0(0)
THR	6.67396449571601	0.988	0.988(247)	0(0)
THR	6.82439304614442	0.992	0.992(248)	0(0)
THR	6.97482159657282	0.992	0.992(248)	0(0)
THR	7.12525014700122	0.992	0.992(248)	0(0)
THR	7.27567869742962	0.992	0.992(248)	0(0)
THR	7.42610724785802	0.992	0.992(248)	0(0)
THR	7.57653579828642	0.992	0.992(248)	0(0)
THR	7.72696434871482	0.992	0.992(248)	0(0)
THR	7.87739289914322	0.992	0.992(248)	0(0)
THR	8.02782144957162	0.992	0.992(248)	0(0)
THR	8.17825000000002	1	1(250)	0(0)


==============================================
THR: 1.55939378115041
Missed:     39/250=0.1560
FalseAlarm: 10/1000=0.0100
----------------------------------------------
==> CostDetection: 24.6
==============================================
