BLOCK00/SES002/SA002S12	SES002	3.06263	24.0753	21.0127
BLOCK00/SES002/SA002S13	SES002	4.06501	23.8061	19.7411
BLOCK00/SES002/SA002S23	SES002	2.72051	23.6349	20.9144
BLOCK00/SES002/SA002S26	SES002	3.65369	25.4299	21.7762
BLOCK00/SES002/SA002S28	SES002	2.46268	21.8791	19.4164
BLOCK00/SES007/SA007S14	SES007	3.92888	24.8796	20.9507
BLOCK00/SES007/SA007S15	SES007	2.45564	21.7737	19.3181
BLOCK00/SES007/SA007S24	SES007	2.97857	22.0476	19.069
BLOCK00/SES007/SA007S27	SES007	2.28972	21.3504	19.0607
BLOCK00/SES007/SA007S29	SES007	2.18796	22.3323	20.1443
BLOCK00/SES008/SA008S11	SES008	2.26703	21.6954	19.4284
BLOCK00/SES008/SA008S12	SES008	1.07183	20.8446	19.7727
BLOCK00/SES008/SA008S19	SES008	4.00064	24.0363	20.0357
BLOCK00/SES008/SA008S22	SES008	2.1544	20.9142	18.7598
BLOCK00/SES008/SA008S29	SES008	2.98513	23.7105	20.7254
BLOCK01/SES014/SA014S10	SES014	4.05801	23.8081	19.7501
BLOCK01/SES014/SA014S12	SES014	5.19775	27.3212	22.1234
BLOCK01/SES014/SA014S24	SES014	2.7861	24.5287	21.7426
BLOCK01/SES014/SA014S26	SES014	4.49566	28.5271	24.0314
BLOCK01/SES014/SA014S28	SES014	6.93356	28.8331	21.8996
BLOCK01/SES016/SA016S12	SES016	2.65928	20.6058	17.9465
BLOCK01/SES016/SA016S13	SES016	2.77746	22.6593	19.8818
BLOCK01/SES016/SA016S22	SES016	2.38682	21.982	19.5952
BLOCK01/SES016/SA016S25	SES016	3.40304	24.7826	21.3796
BLOCK01/SES016/SA016S27	SES016	3.7351	25.5952	21.8601
BLOCK01/SES019/SA019S13	SES019	4.24018	22.4336	18.1934
BLOCK01/SES019/SA019S14	SES019	3.70522	22.8606	19.1554
BLOCK01/SES019/SA019S22	SES019	3.68989	22.3587	18.6688
BLOCK01/SES019/SA019S25	SES019	4.38544	23.3244	18.939
BLOCK01/SES019/SA019S29	SES019	5.07594	23.7158	18.6399
BLOCK02/SES029/SA029S11	SES029	3.21704	22.3301	19.1131
BLOCK02/SES029/SA029S12	SES029	2.33346	22.5074	20.1739
BLOCK02/SES029/SA029S20	SES029	2.4612	21.8826	19.4214
BLOCK02/SES029/SA029S25	SES029	2.08573	23.1892	21.1034
BLOCK02/SES029/SA029S28	SES029	1.81717	21.9115	20.0943
BLOCK04/SES042/SA042S12	SES042	3.66182	23.8444	20.1825
BLOCK04/SES042/SA042S15	SES042	3.03058	23.2318	20.2012
BLOCK04/SES042/SA042S22	SES042	4.69448	27.1193	22.4248
BLOCK04/SES042/SA042S25	SES042	3.10488	22.9464	19.8416
BLOCK04/SES042/SA042S27	SES042	2.67581	24.3055	21.6297
BLOCK04/SES048/SA048S11	SES048	3.03555	23.365	20.3294
BLOCK04/SES048/SA048S12	SES048	2.25553	23.0584	20.8029
BLOCK04/SES048/SA048S20	SES048	1.83551	22.48	20.6445
BLOCK04/SES048/SA048S23	SES048	3.20817	22.3135	19.1054
BLOCK04/SES048/SA048S27	SES048	2.97957	24.6557	21.6762
BLOCK06/SES060/SA060S11	SES060	3.39255	23.5845	20.1919
BLOCK06/SES060/SA060S12	SES060	1.1376	18.6158	17.4782
BLOCK06/SES060/SA060S22	SES060	1.12256	19.474	18.3515
BLOCK06/SES060/SA060S24	SES060	2.77107	22.5227	19.7516
BLOCK06/SES060/SA060S28	SES060	2.89649	25.046	22.1496
BLOCK06/SES062/SA062S10	SES062	2.16758	22.7956	20.6281
BLOCK06/SES062/SA062S11	SES062	2.60697	23.0895	20.4826
BLOCK06/SES062/SA062S21	SES062	4.29605	27.0271	22.731
BLOCK06/SES062/SA062S26	SES062	3.01968	24.173	21.1534
BLOCK06/SES062/SA062S29	SES062	3.79654	26.1176	22.3211
BLOCK06/SES068/SA068S14	SES068	2.14906	23.3164	21.1673
BLOCK06/SES068/SA068S15	SES068	3.30482	24.9892	21.6844
BLOCK06/SES068/SA068S23	SES068	1.15392	21.3081	20.1542
BLOCK06/SES068/SA068S27	SES068	3.74182	25.6766	21.9347
BLOCK06/SES068/SA068S29	SES068	2.0454	22.9266	20.8812
BLOCK08/SES082/SA082S12	SES082	1.20558	21.2219	20.0163
BLOCK08/SES082/SA082S14	SES082	1.75125	20.5119	18.7607
BLOCK08/SES082/SA082S21	SES082	1.28317	20.8564	19.5732
BLOCK08/SES082/SA082S24	SES082	2.14043	24.1186	21.9782
BLOCK08/SES082/SA082S28	SES082	2.52165	22.1672	19.6455
BLOCK08/SES083/SA083S14	SES083	1.14265	21.1777	20.0351
BLOCK08/SES083/SA083S15	SES083	1.90056	23.3312	21.4306
BLOCK08/SES083/SA083S24	SES083	1.68731	22.8399	21.1526
BLOCK08/SES083/SA083S26	SES083	1.59924	21.9195	20.3203
BLOCK08/SES083/SA083S29	SES083	2.06285	23.1298	21.0669
BLOCK08/SES085/SA085S10	SES085	1.87813	22.2903	20.4122
BLOCK08/SES085/SA085S13	SES085	2.04342	21.7721	19.7287
BLOCK08/SES085/SA085S22	SES085	1.41714	22.5729	21.1557
BLOCK08/SES085/SA085S26	SES085	1.19117	22.8175	21.6263
BLOCK08/SES085/SA085S28	SES085	2.59239	23.0944	20.502
BLOCK08/SES087/SA087S15	SES087	2.62236	22.8744	20.252
BLOCK08/SES087/SA087S16	SES087	3.04631	23.161	20.1147
BLOCK08/SES087/SA087S24	SES087	2.33167	22.6595	20.3278
BLOCK08/SES087/SA087S26	SES087	2.46365	23.842	21.3784
BLOCK08/SES087/SA087S29	SES087	3.30334	22.8878	19.5845
BLOCK09/SES099/SA099S15	SES099	4.54165	23.2967	18.7551
BLOCK09/SES099/SA099S16	SES099	4.0342	23.1237	19.0895
BLOCK09/SES099/SA099S24	SES099	3.60938	23.4484	19.839
BLOCK09/SES099/SA099S26	SES099	4.21011	23.8738	19.6637
BLOCK09/SES099/SA099S29	SES099	4.97148	24.8158	19.8443
BLOCK10/SES101/SA101S11	SES101	1.66336	21.9385	20.2752
BLOCK10/SES101/SA101S13	SES101	3.31919	24.4248	21.1056
BLOCK10/SES101/SA101S22	SES101	3.16866	22.8179	19.6492
BLOCK10/SES101/SA101S24	SES101	1.58597	22.17	20.5841
BLOCK10/SES101/SA101S28	SES101	2.35392	21.366	19.0121
BLOCK10/SES104/SA104S11	SES104	3.80001	25.563	21.763
BLOCK10/SES104/SA104S12	SES104	3.49837	23.8596	20.3613
BLOCK10/SES104/SA104S21	SES104	3.14301	23.0778	19.9348
BLOCK10/SES104/SA104S24	SES104	2.61463	23.5228	20.9082
BLOCK10/SES104/SA104S28	SES104	3.03004	24.0905	21.0605
BLOCK10/SES105/SA105S12	SES105	2.5819	20.6327	18.0508
BLOCK10/SES105/SA105S13	SES105	2.56015	20.8881	18.328
BLOCK10/SES105/SA105S22	SES105	1.9236	19.8209	17.8973
BLOCK10/SES105/SA105S26	SES105	3.06648	21.0708	18.0044
BLOCK10/SES105/SA105S29	SES105	3.13328	22.0183	18.885
BLOCK10/SES106/SA106S09	SES106	2.99004	21.0263	18.0363
BLOCK10/SES106/SA106S11	SES106	3.8009	23.9494	20.1485
BLOCK10/SES106/SA106S22	SES106	5.7366	25.0019	19.2653
BLOCK10/SES106/SA106S27	SES106	3.30649	22.3129	19.0064
BLOCK10/SES106/SA106S29	SES106	2.74429	22.7091	19.9648
BLOCK11/SES117/SA117S12	SES117	2.0739	21.9384	19.8645
BLOCK11/SES117/SA117S13	SES117	1.61274	21.9904	20.3776
BLOCK11/SES117/SA117S23	SES117	3.35801	20.6264	17.2684
BLOCK11/SES117/SA117S25	SES117	2.23507	20.9061	18.671
BLOCK11/SES117/SA117S28	SES117	2.55036	20.2021	17.6517
BLOCK12/SES120/SA120S08	SES120	1.56851	18.9558	17.3873
BLOCK12/SES120/SA120S11	SES120	1.59857	18.0367	16.4381
BLOCK12/SES120/SA120S22	SES120	1.39738	21.3745	19.9772
BLOCK12/SES120/SA120S24	SES120	1.58381	20.4631	18.8793
BLOCK12/SES120/SA120S28	SES120	0.944857	17.6672	16.7223
BLOCK12/SES125/SA125S13	SES125	3.40545	23.4485	20.043
BLOCK12/SES125/SA125S14	SES125	2.20093	22.3068	20.1058
BLOCK12/SES125/SA125S25	SES125	3.73058	24.4922	20.7616
BLOCK12/SES125/SA125S27	SES125	4.19909	25.6556	21.4565
BLOCK12/SES125/SA125S29	SES125	3.88221	23.9464	20.0642
BLOCK12/SES127/SA127S11	SES127	2.00813	21.7428	19.7347
BLOCK12/SES127/SA127S12	SES127	0.658993	21.3846	20.7256
BLOCK12/SES127/SA127S23	SES127	1.57787	22.0529	20.475
BLOCK12/SES127/SA127S25	SES127	1.13968	20.652	19.5123
BLOCK12/SES127/SA127S27	SES127	2.28228	22.5782	20.2959
BLOCK12/SES129/SA129S11	SES129	2.68897	24.0106	21.3216
BLOCK12/SES129/SA129S12	SES129	2.88164	23.6638	20.7822
BLOCK12/SES129/SA129S22	SES129	2.29333	22.6102	20.3169
BLOCK12/SES129/SA129S27	SES129	2.8703	23.268	20.3977
BLOCK12/SES129/SA129S29	SES129	1.9668	23.2763	21.3095
BLOCK14/SES142/SA142S11	SES142	3.89804	22.6592	18.7612
BLOCK14/SES142/SA142S12	SES142	0.817383	19.4658	18.6484
BLOCK14/SES142/SA142S24	SES142	3.30552	21.8916	18.5861
BLOCK14/SES142/SA142S27	SES142	3.02053	22.4089	19.3884
BLOCK14/SES142/SA142S29	SES142	3.43183	22.6532	19.2214
BLOCK14/SES143/SA143S12	SES143	2.02624	20.8689	18.8427
BLOCK14/SES143/SA143S13	SES143	2.04728	20.6657	18.6184
BLOCK14/SES143/SA143S23	SES143	2.41549	20.7745	18.359
BLOCK14/SES143/SA143S25	SES143	2.1242	20.7846	18.6604
BLOCK14/SES143/SA143S28	SES143	2.02176	20.8667	18.8449
BLOCK14/SES144/SA144S09	SES144	1.86411	22.5172	20.6531
BLOCK14/SES144/SA144S11	SES144	2.75356	21.7312	18.9776
BLOCK14/SES144/SA144S21	SES144	1.47504	21.1584	19.6833
BLOCK14/SES144/SA144S25	SES144	1.5859	20.2378	18.6519
BLOCK14/SES144/SA144S29	SES144	1.2251	21.697	20.4719
BLOCK14/SES146/SA146S14	SES146	1.99383	20.3987	18.4049
BLOCK14/SES146/SA146S15	SES146	1.73398	20.3903	18.6564
BLOCK14/SES146/SA146S24	SES146	2.01739	20.2375	18.2201
BLOCK14/SES146/SA146S26	SES146	2.81076	20.6349	17.8242
BLOCK14/SES146/SA146S29	SES146	2.40494	20.2419	17.8369
BLOCK14/SES147/SA147S11	SES147	3.76435	21.7922	18.0278
BLOCK14/SES147/SA147S13	SES147	3.72215	22.1981	18.476
BLOCK14/SES147/SA147S23	SES147	2.14359	20.5021	18.3585
BLOCK14/SES147/SA147S26	SES147	2.64692	21.149	18.502
BLOCK14/SES147/SA147S28	SES147	3.20908	21.9073	18.6982
BLOCK14/SES148/SA148S10	SES148	2.43247	20.9608	18.5283
BLOCK14/SES148/SA148S12	SES148	1.74649	19.7851	18.0386
BLOCK14/SES148/SA148S22	SES148	3.38261	22.9524	19.5698
BLOCK14/SES148/SA148S26	SES148	2.05635	21.691	19.6346
BLOCK14/SES148/SA148S29	SES148	1.36469	20.9725	19.6078
BLOCK14/SES149/SA149S13	SES149	1.02273	21.4646	20.4418
BLOCK14/SES149/SA149S14	SES149	1.63743	22.385	20.7475
BLOCK14/SES149/SA149S24	SES149	2.96486	23.531	20.5662
BLOCK14/SES149/SA149S26	SES149	3.84534	24.84	20.9947
BLOCK14/SES149/SA149S28	SES149	4.41003	25.9005	21.4904
BLOCK15/SES158/SA158S13	SES158	2.94065	21.1612	18.2205
BLOCK15/SES158/SA158S14	SES158	4.3696	22.3556	17.986
BLOCK15/SES158/SA158S23	SES158	3.22222	21.9711	18.7489
BLOCK15/SES158/SA158S26	SES158	4.32869	22.0338	17.7051
BLOCK15/SES158/SA158S28	SES158	2.80035	20.8546	18.0542
BLOCK16/SES162/SA162S10	SES162	1.21892	19.233	18.0141
BLOCK16/SES162/SA162S11	SES162	2.48216	22.3887	19.9065
BLOCK16/SES162/SA162S21	SES162	3.09096	22.489	19.3981
BLOCK16/SES162/SA162S24	SES162	2.70331	22.0468	19.3435
BLOCK16/SES162/SA162S27	SES162	2.93885	21.7851	18.8462
BLOCK16/SES167/SA167S14	SES167	2.21313	23.6489	21.4358
BLOCK16/SES167/SA167S15	SES167	2.58897	21.9571	19.3682
BLOCK16/SES167/SA167S21	SES167	3.44265	23.4144	19.9718
BLOCK16/SES167/SA167S25	SES167	2.48918	22.0211	19.5319
BLOCK16/SES167/SA167S29	SES167	3.44276	24.2352	20.7924
BLOCK17/SES172/SA172S12	SES172	3.23079	22.9618	19.731
BLOCK17/SES172/SA172S13	SES172	3.39542	22.5093	19.1139
BLOCK17/SES172/SA172S23	SES172	3.07242	23.9199	20.8475
BLOCK17/SES172/SA172S27	SES172	2.61111	23.072	20.4609
BLOCK17/SES172/SA172S29	SES172	3.93224	23.5668	19.6346
BLOCK17/SES175/SA175S11	SES175	2.41032	22.1516	19.7413
BLOCK17/SES175/SA175S13	SES175	2.62527	22.3231	19.6978
BLOCK17/SES175/SA175S23	SES175	2.90554	22.597	19.6915
BLOCK17/SES175/SA175S25	SES175	1.85331	20.1618	18.3085
BLOCK17/SES175/SA175S28	SES175	2.67036	23.1288	20.4584
BLOCK17/SES177/SA177S15	SES177	1.47171	21.344	19.8723
BLOCK17/SES177/SA177S17	SES177	2.18755	22.5417	20.3542
BLOCK17/SES177/SA177S23	SES177	1.32615	21.3464	20.0203
BLOCK17/SES177/SA177S26	SES177	2.74894	24.4085	21.6595
BLOCK17/SES177/SA177S28	SES177	2.10042	22.7763	20.6759
BLOCK18/SES180/SA180S13	SES180	1.26332	21.2786	20.0153
BLOCK18/SES180/SA180S15	SES180	1.85615	21.148	19.2919
BLOCK18/SES180/SA180S24	SES180	2.37092	23.0222	20.6513
BLOCK18/SES180/SA180S26	SES180	1.65664	22.5123	20.8556
BLOCK18/SES180/SA180S29	SES180	2.58788	22.3888	19.8009
BLOCK18/SES183/SA183S13	SES183	2.77067	20.5053	17.7347
BLOCK18/SES183/SA183S14	SES183	0.985048	19.7984	18.8133
BLOCK18/SES183/SA183S24	SES183	3.00101	19.6486	16.6476
BLOCK18/SES183/SA183S27	SES183	2.29599	20.712	18.416
BLOCK18/SES183/SA183S29	SES183	2.28446	21.6157	19.3313
BLOCK18/SES187/SA187S13	SES187	2.18272	21.9774	19.7947
BLOCK18/SES187/SA187S14	SES187	2.31328	21.5032	19.1899
BLOCK18/SES187/SA187S24	SES187	3.34156	22.7682	19.4266
BLOCK18/SES187/SA187S27	SES187	2.25257	22.1216	19.869
BLOCK18/SES187/SA187S29	SES187	2.99637	23.0499	20.0535
BLOCK18/SES189/SA189S10	SES189	5.73856	20.4663	14.7278
BLOCK18/SES189/SA189S13	SES189	6.59315	20.0653	13.4722
BLOCK18/SES189/SA189S24	SES189	7.13289	20.4257	13.2928
BLOCK18/SES189/SA189S26	SES189	3.98172	20.6065	16.6248
BLOCK18/SES189/SA189S29	SES189	6.34581	21.4276	15.0818
BLOCK20/SES202/SA202S12	SES202	2.15245	18.4407	16.2882
BLOCK20/SES202/SA202S14	SES202	4.51548	22.6485	18.133
BLOCK20/SES202/SA202S24	SES202	2.51704	21.1413	18.6242
BLOCK20/SES202/SA202S27	SES202	3.73438	23.1266	19.3922
BLOCK20/SES202/SA202S29	SES202	3.55268	22.1943	18.6416
BLOCK20/SES206/SA206S15	SES206	1.48071	22.3106	20.8299
BLOCK20/SES206/SA206S17	SES206	3.9246	25.4347	21.5101
BLOCK20/SES206/SA206S24	SES206	4.65277	25.3574	20.7046
BLOCK20/SES206/SA206S27	SES206	4.13448	24.2293	20.0949
BLOCK20/SES206/SA206S29	SES206	3.64832	26.0729	22.4246
BLOCK22/SES226/SA226S12	SES226	1.96815	22.2217	20.2535
BLOCK22/SES226/SA226S13	SES226	0.283861	20.0996	19.8157
BLOCK22/SES226/SA226S20	SES226	2.74512	22.8796	20.1345
BLOCK22/SES226/SA226S23	SES226	3.01929	22.8783	19.8591
BLOCK22/SES226/SA226S28	SES226	2.72568	23.5783	20.8527
BLOCK25/SES259/SA259S13	SES259	5.64065	25.7914	20.1508
BLOCK25/SES259/SA259S14	SES259	3.3146	23.0945	19.7799
BLOCK25/SES259/SA259S22	SES259	3.26996	23.2052	19.9352
BLOCK25/SES259/SA259S24	SES259	4.28889	25.8625	21.5736
BLOCK25/SES259/SA259S28	SES259	3.39247	23.8201	20.4276
BLOCK27/SES270/SA270S14	SES270	4.21629	22.8045	18.5882
BLOCK27/SES270/SA270S16	SES270	2.62177	21.8065	19.1848
BLOCK27/SES270/SA270S22	SES270	5.26718	23.6517	18.3845
BLOCK27/SES270/SA270S26	SES270	3.37258	21.1981	17.8255
BLOCK27/SES270/SA270S28	SES270	3.48923	22.4443	18.9551
BLOCK27/SES275/SA275S17	SES275	2.3625	21.663	19.3005
BLOCK27/SES275/SA275S18	SES275	2.22333	21.7314	19.5081
BLOCK27/SES275/SA275S24	SES275	1.71966	20.4326	18.7129
BLOCK27/SES275/SA275S26	SES275	2.52264	21.9558	19.4332
BLOCK27/SES275/SA275S28	SES275	2.3294	21.4287	19.0993
BLOCK29/SES292/SA292S10	SES292	1.0054	20.3692	19.3638
BLOCK29/SES292/SA292S12	SES292	1.97901	21.124	19.145
BLOCK29/SES292/SA292S22	SES292	2.03695	22.7684	20.7315
BLOCK29/SES292/SA292S24	SES292	1.3301	21.9863	20.6562
BLOCK29/SES292/SA292S27	SES292	1.43191	22.3664	20.9345
BLOCK00/SES001/SA001S14	SES062	-1.67348	15.7881	17.4615
BLOCK00/SES001/SA001S14	SES082	-2.82559	14.6359	17.4615
BLOCK00/SES001/SA001S14	SES106	-2.90266	14.5589	17.4615
BLOCK00/SES001/SA001S14	SES206	-2.48503	14.9765	17.4615
BLOCK00/SES001/SA001S15	SES062	-1.95969	18.2066	20.1663
BLOCK00/SES001/SA001S15	SES104	-3.5892	16.5771	20.1663
BLOCK00/SES001/SA001S15	SES106	-2.7914	17.3749	20.1663
BLOCK00/SES001/SA001S15	SES206	-2.65809	17.5082	20.1663
BLOCK00/SES001/SA001S24	SES062	-3.69748	14.0234	17.7209
BLOCK00/SES001/SA001S24	SES082	-3.43803	14.2828	17.7209
BLOCK00/SES001/SA001S24	SES087	-3.55896	14.1619	17.7209
BLOCK00/SES001/SA001S24	SES206	-3.50169	14.2192	17.7209
BLOCK00/SES001/SA001S27	SES062	-1.30067	18.8125	20.1132
BLOCK00/SES001/SA001S27	SES082	-1.95084	18.1623	20.1132
BLOCK00/SES001/SA001S27	SES087	-1.4372	18.676	20.1132
BLOCK00/SES001/SA001S27	SES206	-2.28532	17.8278	20.1132
BLOCK00/SES001/SA001S29	SES062	-3.24716	15.0318	18.279
BLOCK00/SES001/SA001S29	SES082	-1.46875	16.8102	18.279
BLOCK00/SES001/SA001S29	SES158	-1.16515	17.1138	18.279
BLOCK00/SES001/SA001S29	SES206	-2.64975	15.6292	18.279
BLOCK00/SES003/SA003S11	SES002	-0.424219	19.6468	20.0711
BLOCK00/SES003/SA003S11	SES019	-1.7403	18.3308	20.0711
BLOCK00/SES003/SA003S11	SES082	-0.11142	19.9596	20.0711
BLOCK00/SES003/SA003S11	SES125	-1.55019	18.5209	20.0711
BLOCK00/SES003/SA003S15	SES016	-2.49039	18.7838	21.2741
BLOCK00/SES003/SA003S15	SES019	-1.63946	19.6347	21.2741
BLOCK00/SES003/SA003S15	SES062	-1.77483	19.4993	21.2741
BLOCK00/SES003/SA003S15	SES206	-1.68318	19.591	21.2741
BLOCK00/SES003/SA003S22	SES002	-2.07368	18.3805	20.4542
BLOCK00/SES003/SA003S22	SES062	-1.07182	19.3824	20.4542
BLOCK00/SES003/SA003S22	SES082	-1.63781	18.8164	20.4542
BLOCK00/SES003/SA003S22	SES087	-1.6722	18.782	20.4542
BLOCK00/SES003/SA003S25	SES062	-2.59053	16.2059	18.7964
BLOCK00/SES003/SA003S25	SES082	-0.60667	18.1897	18.7964
BLOCK00/SES003/SA003S25	SES087	-0.834074	17.9623	18.7964
BLOCK00/SES003/SA003S25	SES206	-2.48389	16.3125	18.7964
BLOCK00/SES003/SA003S29	SES002	-1.5791	17.6648	19.2439
BLOCK00/SES003/SA003S29	SES062	-2.85023	16.3937	19.2439
BLOCK00/SES003/SA003S29	SES082	-1.38276	17.8612	19.2439
BLOCK00/SES003/SA003S29	SES087	-1.88741	17.3565	19.2439
BLOCK00/SES004/SA004S12	SES083	-1.87497	16.2337	18.1086
BLOCK00/SES004/SA004S12	SES148	-1.15401	16.9546	18.1086
BLOCK00/SES004/SA004S12	SES172	-0.0703068	18.0383	18.1086
BLOCK00/SES004/SA004S12	SES292	-1.33375	16.7749	18.1086
BLOCK00/SES004/SA004S17	SES083	-1.742	16.1635	17.9055
BLOCK00/SES004/SA004S17	SES162	-1.23526	16.6703	17.9055
BLOCK00/SES004/SA004S17	SES172	-1.17459	16.731	17.9055
BLOCK00/SES004/SA004S17	SES292	-1.11735	16.7882	17.9055
BLOCK00/SES004/SA004S24	SES083	-1.51007	16.959	18.4691
BLOCK00/SES004/SA004S24	SES148	-1.58497	16.8841	18.4691
BLOCK00/SES004/SA004S24	SES172	-0.161625	18.3074	18.4691
BLOCK00/SES004/SA004S24	SES292	-0.744129	17.7249	18.4691
BLOCK00/SES004/SA004S26	SES083	-1.49568	16.1256	17.6213
BLOCK00/SES004/SA004S26	SES127	-1.75091	15.8704	17.6213
BLOCK00/SES004/SA004S26	SES148	-2.43889	15.1824	17.6213
BLOCK00/SES004/SA004S26	SES292	-1.83597	15.7853	17.6213
BLOCK00/SES004/SA004S28	SES083	-0.131718	19.2164	19.3482
BLOCK00/SES004/SA004S28	SES127	-0.337288	19.0109	19.3482
BLOCK00/SES004/SA004S28	SES187	0.43424	19.7824	19.3482
BLOCK00/SES004/SA004S28	SES292	-0.843468	18.5047	19.3482
BLOCK00/SES006/SA006S10	SES014	-5.754	10.9696	16.7236
BLOCK00/SES006/SA006S10	SES158	-3.18489	13.5387	16.7236
BLOCK00/SES006/SA006S10	SES226	-5.1733	11.5503	16.7236
BLOCK00/SES006/SA006S10	SES270	-2.78733	13.9363	16.7236
BLOCK00/SES006/SA006S11	SES158	-2.5703	14.3017	16.872
BLOCK00/SES006/SA006S11	SES226	-4.09759	12.7744	16.872
BLOCK00/SES006/SA006S11	SES270	-2.88274	13.9892	16.872
BLOCK00/SES006/SA006S11	SES275	-3.27473	13.5972	16.872
BLOCK00/SES006/SA006S23	SES062	-3.5138	15.6567	19.1705
BLOCK00/SES006/SA006S23	SES105	-4.35068	14.8198	19.1705
BLOCK00/SES006/SA006S23	SES158	-3.39536	15.7751	19.1705
BLOCK00/SES006/SA006S23	SES275	-2.59254	16.578	19.1705
BLOCK00/SES006/SA006S26	SES104	-5.17505	13.3508	18.5258
BLOCK00/SES006/SA006S26	SES158	-2.65889	15.867	18.5258
BLOCK00/SES006/SA006S26	SES270	-2.23159	16.2943	18.5258
BLOCK00/SES006/SA006S26	SES275	-3.01075	15.5151	18.5258
BLOCK00/SES006/SA006S28	SES007	-3.1251	13.4689	16.594
BLOCK00/SES006/SA006S28	SES105	-3.4012	13.1928	16.594
BLOCK00/SES006/SA006S28	SES158	-2.67767	13.9164	16.594
BLOCK00/SES006/SA006S28	SES275	-3.46277	13.1313	16.594
BLOCK00/SES009/SA009S12	SES083	-2.53898	17.8441	20.3831
BLOCK00/SES009/SA009S12	SES148	-2.02954	18.3536	20.3831
BLOCK00/SES009/SA009S12	SES177	-0.968935	19.4142	20.3831
BLOCK00/SES009/SA009S12	SES292	-1.27287	19.1102	20.3831
BLOCK00/SES009/SA009S15	SES007	0.936794	21.9569	21.0201
BLOCK00/SES009/SA009S15	SES099	-3.91928	17.1008	21.0201
BLOCK00/SES009/SA009S15	SES148	-1.09123	19.9289	21.0201
BLOCK00/SES009/SA009S15	SES172	-0.847589	20.1725	21.0201
BLOCK00/SES009/SA009S24	SES146	-0.194101	20.6492	20.8433
BLOCK00/SES009/SA009S24	SES148	-1.71145	19.1319	20.8433
BLOCK00/SES009/SA009S24	SES177	0.457085	21.3004	20.8433
BLOCK00/SES009/SA009S24	SES292	-0.480232	20.3631	20.8433
BLOCK00/SES009/SA009S26	SES083	-2.57246	17.5503	20.1227
BLOCK00/SES009/SA009S26	SES101	-2.12905	17.9937	20.1227
BLOCK00/SES009/SA009S26	SES120	-1.28444	18.8383	20.1227
BLOCK00/SES009/SA009S26	SES177	-0.867554	19.2552	20.1227
BLOCK00/SES009/SA009S29	SES083	-2.03648	19.1601	21.1965
BLOCK00/SES009/SA009S29	SES101	-1.73301	19.4635	21.1965
BLOCK00/SES009/SA009S29	SES177	-0.54598	20.6506	21.1965
BLOCK00/SES009/SA009S29	SES292	-1.1292	20.0673	21.1965
BLOCK01/SES011/SA011S10	SES019	-1.04818	19.4809	20.5291
BLOCK01/SES011/SA011S10	SES042	-0.0677013	20.4614	20.5291
BLOCK01/SES011/SA011S10	SES082	-1.3226	19.2065	20.5291
BLOCK01/SES011/SA011S10	SES206	-1.39141	19.1377	20.5291
BLOCK01/SES011/SA011S11	SES019	-2.21995	16.4243	18.6443
BLOCK01/SES011/SA011S11	SES042	-0.494947	18.1493	18.6443
BLOCK01/SES011/SA011S11	SES082	-1.50234	17.1419	18.6443
BLOCK01/SES011/SA011S11	SES206	-1.7353	16.909	18.6443
BLOCK01/SES011/SA011S22	SES019	-1.52062	18.0925	19.6131
BLOCK01/SES011/SA011S22	SES042	0.0777092	19.6908	19.6131
BLOCK01/SES011/SA011S22	SES082	-2.11539	17.4977	19.6131
BLOCK01/SES011/SA011S22	SES206	-2.26804	17.3451	19.6131
BLOCK01/SES011/SA011S24	SES019	-1.95419	18.4264	20.3806
BLOCK01/SES011/SA011S24	SES042	-0.227507	20.1531	20.3806
BLOCK01/SES011/SA011S24	SES104	-2.23731	18.1433	20.3806
BLOCK01/SES011/SA011S24	SES206	-1.57489	18.8057	20.3806
BLOCK01/SES011/SA011S27	SES082	0.309717	19.5037	19.194
BLOCK01/SES011/SA011S27	SES087	-1.80929	17.3847	19.194
BLOCK01/SES011/SA011S27	SES125	-0.803057	18.391	19.194
BLOCK01/SES011/SA011S27	SES206	-1.89712	17.2969	19.194
BLOCK01/SES012/SA012S11	SES007	-0.108273	21.7677	21.876
BLOCK01/SES012/SA012S11	SES082	-1.06665	20.8093	21.876
BLOCK01/SES012/SA012S11	SES083	-1.4258	20.4502	21.876
BLOCK01/SES012/SA012S11	SES206	-0.979925	20.8961	21.876
BLOCK01/SES012/SA012S14	SES082	0.0872898	21.3867	21.2994
BLOCK01/SES012/SA012S14	SES087	-1.81384	19.4856	21.2994
BLOCK01/SES012/SA012S14	SES206	-0.124949	21.1745	21.2994
BLOCK01/SES012/SA012S14	SES292	-1.30832	19.9911	21.2994
BLOCK01/SES012/SA012S24	SES082	-0.186554	20.4283	20.6149
BLOCK01/SES012/SA012S24	SES087	-1.93342	18.6815	20.6149
BLOCK01/SES012/SA012S24	SES120	-2.57338	18.0415	20.6149
BLOCK01/SES012/SA012S24	SES206	-0.308327	20.3066	20.6149
BLOCK01/SES012/SA012S26	SES019	-4.16917	18.0403	22.2094
BLOCK01/SES012/SA012S26	SES082	-1.98796	20.2215	22.2094
BLOCK01/SES012/SA012S26	SES206	-0.415846	21.7936	22.2094
BLOCK01/SES012/SA012S26	SES292	-1.00032	21.2091	22.2094
BLOCK01/SES012/SA012S29	SES062	-0.542677	21.1801	21.7228
BLOCK01/SES012/SA012S29	SES082	-0.411104	21.3117	21.7228
BLOCK01/SES012/SA012S29	SES083	-1.59334	20.1294	21.7228
BLOCK01/SES012/SA012S29	SES206	-0.293791	21.429	21.7228
BLOCK01/SES013/SA013S16	SES062	-3.12037	17.0987	20.2191
BLOCK01/SES013/SA013S16	SES106	-1.25398	18.9651	20.2191
BLOCK01/SES013/SA013S16	SES206	-1.93866	18.2804	20.2191
BLOCK01/SES013/SA013S16	SES226	-0.775867	19.4432	20.2191
BLOCK01/SES013/SA013S17	SES062	-1.79661	19.395	21.1917
BLOCK01/SES013/SA013S17	SES106	-1.6127	19.579	21.1917
BLOCK01/SES013/SA013S17	SES206	-0.307211	20.8844	21.1917
BLOCK01/SES013/SA013S17	SES226	0.159767	21.3514	21.1917
BLOCK01/SES013/SA013S23	SES104	-1.44665	19.8285	21.2751
BLOCK01/SES013/SA013S23	SES106	-0.891243	20.3839	21.2751
BLOCK01/SES013/SA013S23	SES206	-0.662077	20.6131	21.2751
BLOCK01/SES013/SA013S23	SES270	-1.25657	20.0186	21.2751
BLOCK01/SES013/SA013S25	SES042	-0.835073	21.3946	22.2296
BLOCK01/SES013/SA013S25	SES104	-0.987686	21.242	22.2296
BLOCK01/SES013/SA013S25	SES106	-0.546619	21.683	22.2296
BLOCK01/SES013/SA013S25	SES206	-0.65959	21.5701	22.2296
BLOCK01/SES013/SA013S29	SES062	-3.49627	17.8827	21.379
BLOCK01/SES013/SA013S29	SES104	-2.52438	18.8546	21.379
BLOCK01/SES013/SA013S29	SES106	-0.592228	20.7867	21.379
BLOCK01/SES013/SA013S29	SES206	-1.28327	20.0957	21.379
BLOCK02/SES021/SA021S13	SES016	-3.7215	18.4958	22.2173
BLOCK02/SES021/SA021S13	SES029	-1.29082	20.9264	22.2173
BLOCK02/SES021/SA021S13	SES087	-1.97608	20.2412	22.2173
BLOCK02/SES021/SA021S13	SES206	-1.30405	20.9132	22.2173
BLOCK02/SES021/SA021S15	SES087	-0.548019	22.4734	23.0214
BLOCK02/SES021/SA021S15	SES125	-0.570881	22.4506	23.0214
BLOCK02/SES021/SA021S15	SES206	-0.9163	22.1051	23.0214
BLOCK02/SES021/SA021S15	SES226	-1.54382	21.4776	23.0214
BLOCK02/SES021/SA021S23	SES062	-1.55784	17.934	19.4918
BLOCK02/SES021/SA021S23	SES087	-0.730261	18.7615	19.4918
BLOCK02/SES021/SA021S23	SES206	-0.922272	18.5695	19.4918
BLOCK02/SES021/SA021S23	SES226	-0.831011	18.6608	19.4918
BLOCK02/SES021/SA021S27	SES002	-0.155058	20.4144	20.5695
BLOCK02/SES021/SA021S27	SES016	-3.44622	17.1233	20.5695
BLOCK02/SES021/SA021S27	SES019	-1.05393	19.5156	20.5695
BLOCK02/SES021/SA021S27	SES062	-0.0727081	20.4968	20.5695
BLOCK02/SES021/SA021S29	SES087	-0.287834	20.9813	21.2691
BLOCK02/SES021/SA021S29	SES125	0.331846	21.601	21.2691
BLOCK02/SES021/SA021S29	SES206	0.211061	21.4802	21.2691
BLOCK02/SES021/SA021S29	SES226	-1.45889	19.8102	21.2691
BLOCK04/SES043/SA043S09	SES083	-2.23803	16.2047	18.4427
BLOCK04/SES043/SA043S09	SES101	-2.8067	15.636	18.4427
BLOCK04/SES043/SA043S09	SES144	-0.850742	17.592	18.4427
BLOCK04/SES043/SA043S09	SES172	-3.41212	15.0306	18.4427
BLOCK04/SES043/SA043S11	SES083	-0.348768	19.9112	20.26
BLOCK04/SES043/SA043S11	SES101	-1.18349	19.0765	20.26
BLOCK04/SES043/SA043S11	SES144	-0.617352	19.6427	20.26
BLOCK04/SES043/SA043S11	SES172	-1.29503	18.965	20.26
BLOCK04/SES043/SA043S23	SES083	-1.13316	18.4014	19.5345
BLOCK04/SES043/SA043S23	SES144	-0.224691	19.3098	19.5345
BLOCK04/SES043/SA043S23	SES177	-2.71638	16.8181	19.5345
BLOCK04/SES043/SA043S23	SES275	-0.7131	18.8214	19.5345
BLOCK04/SES043/SA043S26	SES083	-1.21648	17.6373	18.8538
BLOCK04/SES043/SA043S26	SES101	-1.23002	17.6238	18.8538
BLOCK04/SES043/SA043S26	SES144	-0.38447	18.4694	18.8538
BLOCK04/SES043/SA043S26	SES177	-1.82412	17.0297	18.8538
BLOCK04/SES043/SA043S28	SES016	-2.54981	18.341	20.8908
BLOCK04/SES043/SA043S28	SES083	-0.880442	20.0103	20.8908
BLOCK04/SES043/SA043S28	SES101	-1.19482	19.696	20.8908
BLOCK04/SES043/SA043S28	SES144	-1.20112	19.6897	20.8908
BLOCK04/SES044/SA044S10	SES127	-3.76926	13.066	16.8352
BLOCK04/SES044/SA044S10	SES144	-1.52566	15.3096	16.8352
BLOCK04/SES044/SA044S10	SES147	-3.95174	12.8835	16.8352
BLOCK04/SES044/SA044S10	SES148	-3.51022	13.325	16.8352
BLOCK04/SES044/SA044S11	SES101	-2.06204	16.2312	18.2932
BLOCK04/SES044/SA044S11	SES144	-0.616762	17.6764	18.2932
BLOCK04/SES044/SA044S11	SES147	-2.35497	15.9382	18.2932
BLOCK04/SES044/SA044S11	SES177	-3.25765	15.0355	18.2932
BLOCK04/SES044/SA044S24	SES007	-3.12394	15.531	18.6549
BLOCK04/SES044/SA044S24	SES101	-1.25119	17.4037	18.6549
BLOCK04/SES044/SA044S24	SES147	-2.62213	16.0328	18.6549
BLOCK04/SES044/SA044S24	SES177	-2.59942	16.0555	18.6549
BLOCK04/SES044/SA044S26	SES007	-2.44288	17.1118	19.5546
BLOCK04/SES044/SA044S26	SES016	-1.91022	17.6444	19.5546
BLOCK04/SES044/SA044S26	SES101	-1.81989	17.7348	19.5546
BLOCK04/SES044/SA044S26	SES147	-1.74195	17.8127	19.5546
BLOCK04/SES044/SA044S29	SES007	-2.59791	17.091	19.6889
BLOCK04/SES044/SA044S29	SES101	-0.334929	19.3539	19.6889
BLOCK04/SES044/SA044S29	SES147	-2.37498	17.3139	19.6889
BLOCK04/SES044/SA044S29	SES177	-3.06668	16.6222	19.6889
BLOCK04/SES046/SA046S13	SES101	-2.29294	15.9756	18.2685
BLOCK04/SES046/SA046S13	SES144	-1.10366	17.1649	18.2685
BLOCK04/SES046/SA046S13	SES147	-1.70173	16.5668	18.2685
BLOCK04/SES046/SA046S13	SES177	-2.13915	16.1294	18.2685
BLOCK04/SES046/SA046S15	SES048	-0.239229	20.252	20.4912
BLOCK04/SES046/SA046S15	SES083	-0.170061	20.3212	20.4912
BLOCK04/SES046/SA046S15	SES120	-2.66852	17.8227	20.4912
BLOCK04/SES046/SA046S15	SES148	-1.06708	19.4242	20.4912
BLOCK04/SES046/SA046S22	SES101	-0.984306	18.0906	19.075
BLOCK04/SES046/SA046S22	SES144	-0.319672	18.7553	19.075
BLOCK04/SES046/SA046S22	SES147	-1.84807	17.2269	19.075
BLOCK04/SES046/SA046S22	SES172	-1.41487	17.6601	19.075
BLOCK04/SES046/SA046S25	SES083	-1.44579	17.6432	19.089
BLOCK04/SES046/SA046S25	SES127	-1.93008	17.1589	19.089
BLOCK04/SES046/SA046S25	SES144	-2.4894	16.5996	19.089
BLOCK04/SES046/SA046S25	SES148	-2.02253	17.0665	19.089
BLOCK04/SES046/SA046S28	SES007	-2.5451	15.71	18.2551
BLOCK04/SES046/SA046S28	SES105	-1.95332	16.3018	18.2551
BLOCK04/SES046/SA046S28	SES147	-1.94983	16.3053	18.2551
BLOCK04/SES046/SA046S28	SES148	-0.616444	17.6387	18.2551
BLOCK04/SES049/SA049S16	SES104	-1.6419	16.7525	18.3944
BLOCK04/SES049/SA049S16	SES106	-1.03306	17.3613	18.3944
BLOCK04/SES049/SA049S16	SES120	-2.13419	16.2602	18.3944
BLOCK04/SES049/SA049S16	SES206	-1.28736	17.107	18.3944
BLOCK04/SES049/SA049S18	SES099	-0.14327	18.2896	18.4329
BLOCK04/SES049/SA049S18	SES104	-2.19397	16.2389	18.4329
BLOCK04/SES049/SA049S18	SES125	-1.87888	16.554	18.4329
BLOCK04/SES049/SA049S18	SES206	-1.89197	16.5409	18.4329
BLOCK04/SES049/SA049S25	SES087	-0.196674	19.2678	19.4645
BLOCK04/SES049/SA049S25	SES104	0.0348167	19.4993	19.4645
BLOCK04/SES049/SA049S25	SES125	0.479403	19.9439	19.4645
BLOCK04/SES049/SA049S25	SES206	0.356621	19.8211	19.4645
BLOCK04/SES049/SA049S27	SES099	-0.192204	19.0726	19.2648
BLOCK04/SES049/SA049S27	SES104	-0.539665	18.7251	19.2648
BLOCK04/SES049/SA049S27	SES125	-1.04324	18.2215	19.2648
BLOCK04/SES049/SA049S27	SES206	-1.26199	18.0028	19.2648
BLOCK04/SES049/SA049S29	SES099	0.554945	20.8833	20.3284
BLOCK04/SES049/SA049S29	SES104	0.534245	20.8626	20.3284
BLOCK04/SES049/SA049S29	SES125	-0.0916615	20.2367	20.3284
BLOCK04/SES049/SA049S29	SES206	0.153885	20.4823	20.3284
BLOCK06/SES063/SA063S09	SES068	-1.80873	18.9993	20.808
BLOCK06/SES063/SA063S09	SES083	-0.64259	20.1654	20.808
BLOCK06/SES063/SA063S09	SES177	-1.07898	19.729	20.808
BLOCK06/SES063/SA063S09	SES187	-1.40845	19.3996	20.808
BLOCK06/SES063/SA063S10	SES068	-2.30927	18.108	20.4173
BLOCK06/SES063/SA063S10	SES083	-1.35661	19.0607	20.4173
BLOCK06/SES063/SA063S10	SES172	-1.49398	18.9233	20.4173
BLOCK06/SES063/SA063S10	SES187	-1.13992	19.2774	20.4173
BLOCK06/SES063/SA063S20	SES068	-1.93342	17.5667	19.5001
BLOCK06/SES063/SA063S20	SES083	-0.515882	18.9842	19.5001
BLOCK06/SES063/SA063S20	SES172	-0.0742378	19.4259	19.5001
BLOCK06/SES063/SA063S20	SES187	-0.268503	19.2316	19.5001
BLOCK06/SES063/SA063S24	SES029	-1.43975	18.7576	20.1974
BLOCK06/SES063/SA063S24	SES083	-0.369646	19.8277	20.1974
BLOCK06/SES063/SA063S24	SES177	-0.471548	19.7258	20.1974
BLOCK06/SES063/SA063S24	SES189	-0.131357	20.066	20.1974
BLOCK06/SES063/SA063S27	SES083	0.0959587	19.3369	19.2409
BLOCK06/SES063/SA063S27	SES172	-0.453609	18.7873	19.2409
BLOCK06/SES063/SA063S27	SES187	-0.845211	18.3957	19.2409
BLOCK06/SES063/SA063S27	SES292	-1.96316	17.2777	19.2409
BLOCK06/SES067/SA067S12	SES083	-2.08548	18.1127	20.1981
BLOCK06/SES067/SA067S12	SES172	-2.24912	17.949	20.1981
BLOCK06/SES067/SA067S12	SES202	-0.890308	19.3078	20.1981
BLOCK06/SES067/SA067S12	SES292	-1.7983	18.3998	20.1981
BLOCK06/SES067/SA067S14	SES085	-1.78048	18.9803	20.7607
BLOCK06/SES067/SA067S14	SES177	-1.10353	19.6572	20.7607
BLOCK06/SES067/SA067S14	SES183	-0.660374	20.1004	20.7607
BLOCK06/SES067/SA067S14	SES202	-0.597765	20.163	20.7607
BLOCK06/SES067/SA067S21	SES144	-0.685852	18.5755	19.2614
BLOCK06/SES067/SA067S21	SES177	-0.817423	18.444	19.2614
BLOCK06/SES067/SA067S21	SES183	-1.69736	17.564	19.2614
BLOCK06/SES067/SA067S21	SES189	-0.142933	19.1184	19.2614
BLOCK06/SES067/SA067S25	SES085	-1.219	19.416	20.635
BLOCK06/SES067/SA067S25	SES177	-0.807198	19.8278	20.635
BLOCK06/SES067/SA067S25	SES183	-1.399	19.236	20.635
BLOCK06/SES067/SA067S25	SES202	-0.794455	19.8406	20.635
BLOCK06/SES067/SA067S29	SES085	-1.54777	19.2668	20.8146
BLOCK06/SES067/SA067S29	SES177	-1.65057	19.164	20.8146
BLOCK06/SES067/SA067S29	SES183	-1.04798	19.7666	20.8146
BLOCK06/SES067/SA067S29	SES202	-0.848492	19.9661	20.8146
BLOCK06/SES069/SA069S12	SES029	-1.87975	18.9621	20.8419
BLOCK06/SES069/SA069S12	SES082	0.561991	21.4038	20.8419
BLOCK06/SES069/SA069S12	SES087	-0.479233	20.3626	20.8419
BLOCK06/SES069/SA069S12	SES206	0.0377178	20.8796	20.8419
BLOCK06/SES069/SA069S13	SES029	-2.73	18.1977	20.9277
BLOCK06/SES069/SA069S13	SES087	-0.411385	20.5164	20.9277
BLOCK06/SES069/SA069S13	SES206	-0.316526	20.6112	20.9277
BLOCK06/SES069/SA069S13	SES226	0.407085	21.3348	20.9277
BLOCK06/SES069/SA069S23	SES029	0.193447	22.9048	22.7114
BLOCK06/SES069/SA069S23	SES087	0.725706	23.4371	22.7114
BLOCK06/SES069/SA069S23	SES206	-0.432314	22.2791	22.7114
BLOCK06/SES069/SA069S23	SES226	1.25032	23.9617	22.7114
BLOCK06/SES069/SA069S25	SES087	-0.820381	21.0337	21.854
BLOCK06/SES069/SA069S25	SES206	-2.48867	19.3654	21.854
BLOCK06/SES069/SA069S25	SES226	-0.108223	21.7458	21.854
BLOCK06/SES069/SA069S25	SES270	-1.5019	20.3521	21.854
BLOCK06/SES069/SA069S27	SES087	-1.51492	20.1449	21.6599
BLOCK06/SES069/SA069S27	SES206	0.0850735	21.7449	21.6599
BLOCK06/SES069/SA069S27	SES226	1.08701	22.7469	21.6599
BLOCK06/SES069/SA069S27	SES270	-0.391747	21.2681	21.6599
BLOCK08/SES081/SA081S11	SES060	-1.68713	16.9879	18.6751
BLOCK08/SES081/SA081S11	SES062	-2.10805	16.567	18.6751
BLOCK08/SES081/SA081S11	SES117	-1.6785	16.9966	18.6751
BLOCK08/SES081/SA081S11	SES162	-1.44651	17.2286	18.6751
BLOCK08/SES081/SA081S13	SES016	-1.11116	19.3714	20.4826
BLOCK08/SES081/SA081S13	SES060	0.496086	20.9787	20.4826
BLOCK08/SES081/SA081S13	SES068	-0.0204639	20.4621	20.4826
BLOCK08/SES081/SA081S13	SES129	-1.33624	19.1463	20.4826
BLOCK08/SES081/SA081S24	SES060	-0.324621	18.6163	18.9409
BLOCK08/SES081/SA081S24	SES068	-0.461773	18.4791	18.9409
BLOCK08/SES081/SA081S24	SES117	-1.47361	17.4673	18.9409
BLOCK08/SES081/SA081S24	SES275	-1.36069	17.5802	18.9409
BLOCK08/SES081/SA081S27	SES007	-0.648323	18.4591	19.1074
BLOCK08/SES081/SA081S27	SES060	-1.79723	17.3102	19.1074
BLOCK08/SES081/SA081S27	SES117	-0.546579	18.5608	19.1074
BLOCK08/SES081/SA081S27	SES275	-1.4976	17.6098	19.1074
BLOCK08/SES081/SA081S29	SES007	-0.626768	19.5289	20.1557
BLOCK08/SES081/SA081S29	SES060	-0.651892	19.5038	20.1557
BLOCK08/SES081/SA081S29	SES117	-1.02231	19.1333	20.1557
BLOCK08/SES081/SA081S29	SES275	-1.63378	18.5219	20.1557
BLOCK08/SES086/SA086S11	SES029	-3.55149	15.0237	18.5752
BLOCK08/SES086/SA086S11	SES082	-1.30285	17.2723	18.5752
BLOCK08/SES086/SA086S11	SES087	-0.596247	17.9789	18.5752
BLOCK08/SES086/SA086S11	SES206	-2.41627	16.1589	18.5752
BLOCK08/SES086/SA086S12	SES029	-1.93016	17.7419	19.672
BLOCK08/SES086/SA086S12	SES082	-1.31974	18.3523	19.672
BLOCK08/SES086/SA086S12	SES087	1.09829	20.7703	19.672
BLOCK08/SES086/SA086S12	SES206	-0.699276	18.9727	19.672
BLOCK08/SES086/SA086S20	SES029	-2.89887	18.3073	21.2062
BLOCK08/SES086/SA086S20	SES082	-1.91416	19.292	21.2062
BLOCK08/SES086/SA086S20	SES087	1.34299	22.5492	21.2062
BLOCK08/SES086/SA086S20	SES206	-0.527124	20.679	21.2062
BLOCK08/SES086/SA086S24	SES087	0.186447	20.546	20.3596
BLOCK08/SES086/SA086S24	SES104	-1.6969	18.6627	20.3596
BLOCK08/SES086/SA086S24	SES120	-2.75635	17.6032	20.3596
BLOCK08/SES086/SA086S24	SES206	-0.143333	20.2162	20.3596
BLOCK08/SES086/SA086S28	SES029	-2.4259	18.3158	20.7417
BLOCK08/SES086/SA086S28	SES082	-1.75282	18.9889	20.7417
BLOCK08/SES086/SA086S28	SES087	-0.24366	20.4981	20.7417
BLOCK08/SES086/SA086S28	SES206	-0.782682	19.959	20.7417
BLOCK08/SES089/SA089S13	SES087	-0.783815	18.4393	19.2232
BLOCK08/SES089/SA089S13	SES206	-1.60225	17.6209	19.2232
BLOCK08/SES089/SA089S13	SES226	-1.01855	18.2046	19.2232
BLOCK08/SES089/SA089S13	SES270	-2.68765	16.5355	19.2232
BLOCK08/SES089/SA089S14	SES062	-1.54033	18.1942	19.7345
BLOCK08/SES089/SA089S14	SES087	-0.841663	18.8929	19.7345
BLOCK08/SES089/SA089S14	SES206	-2.07655	17.658	19.7345
BLOCK08/SES089/SA089S14	SES226	-1.44268	18.2918	19.7345
BLOCK08/SES089/SA089S23	SES087	-1.02437	16.6664	17.6908
BLOCK08/SES089/SA089S23	SES206	-1.30551	16.3853	17.6908
BLOCK08/SES089/SA089S23	SES226	-0.408028	17.2828	17.6908
BLOCK08/SES089/SA089S23	SES270	-2.19263	15.4982	17.6908
BLOCK08/SES089/SA089S25	SES062	-2.00248	17.5627	19.5652
BLOCK08/SES089/SA089S25	SES087	0.0777512	19.6429	19.5652
BLOCK08/SES089/SA089S25	SES206	-1.86928	17.6959	19.5652
BLOCK08/SES089/SA089S25	SES226	-0.147144	19.418	19.5652
BLOCK08/SES089/SA089S28	SES062	-0.486095	18.9813	19.4674
BLOCK08/SES089/SA089S28	SES087	0.713591	20.181	19.4674
BLOCK08/SES089/SA089S28	SES206	-0.636463	18.8309	19.4674
BLOCK08/SES089/SA089S28	SES226	-0.23502	19.2324	19.4674
BLOCK09/SES097/SA097S11	SES099	1.58628	20.3385	18.7523
BLOCK09/SES097/SA097S11	SES125	-0.44747	18.3048	18.7523
BLOCK09/SES097/SA097S11	SES206	0.260012	19.0123	18.7523
BLOCK09/SES097/SA097S11	SES226	1.00585	19.7581	18.7523
BLOCK09/SES097/SA097S14	SES062	-1.41178	17.3962	18.808
BLOCK09/SES097/SA097S14	SES099	-0.566628	18.2414	18.808
BLOCK09/SES097/SA097S14	SES104	-1.40701	17.401	18.808
BLOCK09/SES097/SA097S14	SES206	-1.824	16.984	18.808
BLOCK09/SES097/SA097S22	SES099	1.38321	21.1101	19.7269
BLOCK09/SES097/SA097S22	SES206	-0.491814	19.2351	19.7269
BLOCK09/SES097/SA097S22	SES226	-1.2282	18.4987	19.7269
BLOCK09/SES097/SA097S22	SES270	0.445625	20.1725	19.7269
BLOCK09/SES097/SA097S26	SES099	0.668383	21.0444	20.376
BLOCK09/SES097/SA097S26	SES120	-1.30093	19.0751	20.376
BLOCK09/SES097/SA097S26	SES206	-0.805981	19.57	20.376
BLOCK09/SES097/SA097S26	SES226	-1.91339	18.4626	20.376
BLOCK09/SES097/SA097S28	SES099	0.1129	19.6909	19.578
BLOCK09/SES097/SA097S28	SES120	-1.20471	18.3733	19.578
BLOCK09/SES097/SA097S28	SES206	-1.67504	17.903	19.578
BLOCK09/SES097/SA097S28	SES226	-2.15445	17.4236	19.578
BLOCK09/SES098/SA098S11	SES127	-2.47377	14.7719	17.2457
BLOCK09/SES098/SA098S11	SES144	-1.61693	15.6288	17.2457
BLOCK09/SES098/SA098S11	SES147	0.185421	17.4311	17.2457
BLOCK09/SES098/SA098S11	SES148	-2.85572	14.39	17.2457
BLOCK09/SES098/SA098S12	SES127	-5.07737	11.9396	17.0169
BLOCK09/SES098/SA098S12	SES144	-2.75696	14.26	17.0169
BLOCK09/SES098/SA098S12	SES147	-0.642744	16.3742	17.0169
BLOCK09/SES098/SA098S12	SES189	-0.249937	16.767	17.0169
BLOCK09/SES098/SA098S20	SES127	-5.01981	12.8995	17.9193
BLOCK09/SES098/SA098S20	SES147	-0.544285	17.375	17.9193
BLOCK09/SES098/SA098S20	SES148	-5.4177	12.5016	17.9193
BLOCK09/SES098/SA098S20	SES292	-4.40012	13.5192	17.9193
BLOCK09/SES098/SA098S23	SES127	-2.5634	16.7103	19.2737
BLOCK09/SES098/SA098S23	SES147	-0.481541	18.7921	19.2737
BLOCK09/SES098/SA098S23	SES187	-0.99148	18.2822	19.2737
BLOCK09/SES098/SA098S23	SES292	-1.68843	17.5852	19.2737
BLOCK09/SES098/SA098S27	SES127	-3.61168	13.8489	17.4606
BLOCK09/SES098/SA098S27	SES147	-1.95359	15.507	17.4606
BLOCK09/SES098/SA098S27	SES148	-3.06926	14.3913	17.4606
BLOCK09/SES098/SA098S27	SES292	-1.96666	15.4939	17.4606
BLOCK10/SES102/SA102S13	SES101	0.0478916	17.7983	17.7504
BLOCK10/SES102/SA102S13	SES105	-0.420059	17.3303	17.7504
BLOCK10/SES102/SA102S13	SES120	-1.79071	15.9597	17.7504
BLOCK10/SES102/SA102S13	SES158	-3.20302	14.5473	17.7504
BLOCK10/SES102/SA102S14	SES007	0.818756	20.429	19.6103
BLOCK10/SES102/SA102S14	SES101	0.967659	20.5779	19.6103
BLOCK10/SES102/SA102S14	SES105	1.31166	20.9219	19.6103
BLOCK10/SES102/SA102S14	SES147	-1.61777	17.9925	19.6103
BLOCK10/SES102/SA102S22	SES007	-0.592276	18.5367	19.129
BLOCK10/SES102/SA102S22	SES101	0.888988	20.018	19.129
BLOCK10/SES102/SA102S22	SES105	0.512053	19.641	19.129
BLOCK10/SES102/SA102S22	SES158	-2.04555	17.0834	19.129
BLOCK10/SES102/SA102S25	SES007	0.151928	20.3047	20.1528
BLOCK10/SES102/SA102S25	SES101	0.850637	21.0034	20.1528
BLOCK10/SES102/SA102S25	SES105	-0.0822601	20.0705	20.1528
BLOCK10/SES102/SA102S25	SES147	-2.37023	17.7825	20.1528
BLOCK10/SES102/SA102S27	SES007	-0.589733	18.5503	19.14
BLOCK10/SES102/SA102S27	SES101	0.817801	19.9578	19.14
BLOCK10/SES102/SA102S27	SES105	-0.21682	18.9232	19.14
BLOCK10/SES102/SA102S27	SES147	-1.6982	17.4418	19.14
BLOCK10/SES103/SA103S14	SES105	-2.29632	15.8856	18.1819
BLOCK10/SES103/SA103S14	SES106	-1.06548	17.1164	18.1819
BLOCK10/SES103/SA103S14	SES120	-2.66709	15.5148	18.1819
BLOCK10/SES103/SA103S14	SES206	-2.64463	15.5373	18.1819
BLOCK10/SES103/SA103S15	SES099	-1.87438	15.3752	17.2496
BLOCK10/SES103/SA103S15	SES101	-4.02892	13.2207	17.2496
BLOCK10/SES103/SA103S15	SES104	-2.41094	14.8386	17.2496
BLOCK10/SES103/SA103S15	SES125	-1.9694	15.2802	17.2496
BLOCK10/SES103/SA103S24	SES104	-2.42079	17.9359	20.3567
BLOCK10/SES103/SA103S24	SES125	-2.3264	18.0303	20.3567
BLOCK10/SES103/SA103S24	SES148	-3.62212	16.7346	20.3567
BLOCK10/SES103/SA103S24	SES158	-2.05106	18.3056	20.3567
BLOCK10/SES103/SA103S26	SES104	-2.71496	14.4229	17.1378
BLOCK10/SES103/SA103S26	SES106	-1.09238	16.0454	17.1378
BLOCK10/SES103/SA103S26	SES125	-2.2605	14.8773	17.1378
BLOCK10/SES103/SA103S26	SES148	-4.75582	12.382	17.1378
BLOCK10/SES103/SA103S28	SES104	-2.691	14.1308	16.8218
BLOCK10/SES103/SA103S28	SES106	-1.28976	15.532	16.8218
BLOCK10/SES103/SA103S28	SES125	-3.08253	13.7392	16.8218
BLOCK10/SES103/SA103S28	SES206	-4.2242	12.5976	16.8218
BLOCK12/SES121/SA121S12	SES042	-2.24599	12.4078	14.6538
BLOCK12/SES121/SA121S12	SES087	-2.05403	12.5998	14.6538
BLOCK12/SES121/SA121S12	SES105	-0.520831	14.133	14.6538
BLOCK12/SES121/SA121S12	SES206	-2.09488	12.5589	14.6538
BLOCK12/SES121/SA121S14	SES007	-2.03628	13.9322	15.9684
BLOCK12/SES121/SA121S14	SES105	-1.68915	14.2793	15.9684
BLOCK12/SES121/SA121S14	SES106	-1.9583	14.0101	15.9684
BLOCK12/SES121/SA121S14	SES206	-3.0052	12.9632	15.9684
BLOCK12/SES121/SA121S23	SES105	-1.18779	13.4964	14.6842
BLOCK12/SES121/SA121S23	SES106	-0.795099	13.8891	14.6842
BLOCK12/SES121/SA121S23	SES120	-1.95237	12.7318	14.6842
BLOCK12/SES121/SA121S23	SES206	-1.68058	13.0036	14.6842
BLOCK12/SES121/SA121S25	SES007	-1.10214	12.9748	14.077
BLOCK12/SES121/SA121S25	SES105	-1.9329	12.1441	14.077
BLOCK12/SES121/SA121S25	SES106	-1.76759	12.3094	14.077
BLOCK12/SES121/SA121S25	SES206	-3.83659	10.2404	14.077
BLOCK12/SES121/SA121S27	SES087	-1.318	14.9182	16.2362
BLOCK12/SES121/SA121S27	SES105	-3.60025	12.6359	16.2362
BLOCK12/SES121/SA121S27	SES120	-1.13252	15.1037	16.2362
BLOCK12/SES121/SA121S27	SES206	-2.95655	13.2796	16.2362
BLOCK12/SES124/SA124S16	SES042	-0.658119	18.3018	18.9599
BLOCK12/SES124/SA124S16	SES082	-2.2651	16.6948	18.9599
BLOCK12/SES124/SA124S16	SES183	-2.70203	16.2578	18.9599
BLOCK12/SES124/SA124S16	SES206	-2.79012	16.1698	18.9599
BLOCK12/SES124/SA124S17	SES105	-2.8986	14.7046	17.6032
BLOCK12/SES124/SA124S17	SES149	-4.45039	13.1528	17.6032
BLOCK12/SES124/SA124S17	SES158	-3.78944	13.8137	17.6032
BLOCK12/SES124/SA124S17	SES275	-2.18749	15.4157	17.6032
BLOCK12/SES124/SA124S23	SES105	-2.08516	18.4369	20.5221
BLOCK12/SES124/SA124S23	SES125	0.337759	20.8598	20.5221
BLOCK12/SES124/SA124S23	SES129	-2.53508	17.987	20.5221
BLOCK12/SES124/SA124S23	SES158	-0.175425	20.3466	20.5221
BLOCK12/SES124/SA124S26	SES105	-2.99297	17.2297	20.2226
BLOCK12/SES124/SA124S26	SES125	-0.914738	19.3079	20.2226
BLOCK12/SES124/SA124S26	SES129	-2.8735	17.3491	20.2226
BLOCK12/SES124/SA124S26	SES158	-1.20967	19.013	20.2226
BLOCK12/SES124/SA124S28	SES104	-0.510811	18.9868	19.4976
BLOCK12/SES124/SA124S28	SES106	-0.641584	18.856	19.4976
BLOCK12/SES124/SA124S28	SES125	0.791904	20.2895	19.4976
BLOCK12/SES124/SA124S28	SES275	-2.0999	17.3977	19.4976
BLOCK12/SES126/SA126S13	SES007	-1.53666	16.3455	17.8822
BLOCK12/SES126/SA126S13	SES162	-2.04487	15.8373	17.8822
BLOCK12/SES126/SA126S13	SES177	-1.21407	16.6681	17.8822
BLOCK12/SES126/SA126S13	SES180	-1.63201	16.2502	17.8822
BLOCK12/SES126/SA126S14	SES144	-0.386986	20.238	20.625
BLOCK12/SES126/SA126S14	SES148	-1.10822	19.5167	20.625
BLOCK12/SES126/SA126S14	SES177	-0.0467205	20.5782	20.625
BLOCK12/SES126/SA126S14	SES180	-1.22937	19.3956	20.625
BLOCK12/SES126/SA126S20	SES007	-3.87252	14.5482	18.4207
BLOCK12/SES126/SA126S20	SES162	-3.8267	14.594	18.4207
BLOCK12/SES126/SA126S20	SES172	-5.28074	13.14	18.4207
BLOCK12/SES126/SA126S20	SES180	-3.47025	14.9505	18.4207
BLOCK12/SES126/SA126S24	SES120	-1.28513	19.4166	20.7018
BLOCK12/SES126/SA126S24	SES162	-1.67519	19.0266	20.7018
BLOCK12/SES126/SA126S24	SES177	-0.740341	19.9614	20.7018
BLOCK12/SES126/SA126S24	SES180	-0.83186	19.8699	20.7018
BLOCK12/SES126/SA126S26	SES120	-0.673803	19.7057	20.3795
BLOCK12/SES126/SA126S26	SES177	-1.21261	19.1669	20.3795
BLOCK12/SES126/SA126S26	SES180	-1.76569	18.6138	20.3795
BLOCK12/SES126/SA126S26	SES202	-2.42384	17.9557	20.3795
BLOCK12/SES128/SA128S10	SES087	-2.6421	17.9745	20.6166
BLOCK12/SES128/SA128S10	SES206	-1.47053	19.146	20.6166
BLOCK12/SES128/SA128S10	SES226	-0.382763	20.2338	20.6166
BLOCK12/SES128/SA128S10	SES270	-0.564398	20.0522	20.6166
BLOCK12/SES128/SA128S12	SES120	-2.01192	17.9516	19.9635
BLOCK12/SES128/SA128S12	SES158	-2.51055	17.453	19.9635
BLOCK12/SES128/SA128S12	SES206	-2.22272	17.7408	19.9635
BLOCK12/SES128/SA128S12	SES226	-1.99457	17.969	19.9635
BLOCK12/SES128/SA128S21	SES106	-4.55892	14.3887	18.9476
BLOCK12/SES128/SA128S21	SES120	-3.4552	15.4924	18.9476
BLOCK12/SES128/SA128S21	SES206	-3.26954	15.6781	18.9476
BLOCK12/SES128/SA128S21	SES226	-2.26181	16.6858	18.9476
BLOCK12/SES128/SA128S24	SES087	-2.22097	16.7609	18.9819
BLOCK12/SES128/SA128S24	SES120	-1.44821	17.5337	18.9819
BLOCK12/SES128/SA128S24	SES206	-1.63659	17.3453	18.9819
BLOCK12/SES128/SA128S24	SES226	-2.02629	16.9556	18.9819
BLOCK12/SES128/SA128S27	SES099	-0.52092	19.7369	20.2578
BLOCK12/SES128/SA128S27	SES120	-0.708435	19.5494	20.2578
BLOCK12/SES128/SA128S27	SES206	-1.57058	18.6873	20.2578
BLOCK12/SES128/SA128S27	SES226	-1.19238	19.0654	20.2578
BLOCK13/SES130/SA130S13	SES143	-0.377092	18.0228	18.3999
BLOCK13/SES130/SA130S13	SES144	0.833824	19.2337	18.3999
BLOCK13/SES130/SA130S13	SES146	-0.900768	17.4991	18.3999
BLOCK13/SES130/SA130S13	SES275	-2.30561	16.0943	18.3999
BLOCK13/SES130/SA130S15	SES143	-0.545513	19.16	19.7055
BLOCK13/SES130/SA130S15	SES144	0.869667	20.5752	19.7055
BLOCK13/SES130/SA130S15	SES146	0.237543	19.9431	19.7055
BLOCK13/SES130/SA130S15	SES275	-0.45866	19.2469	19.7055
BLOCK13/SES130/SA130S23	SES127	-1.41055	16.0591	17.4696
BLOCK13/SES130/SA130S23	SES144	-0.844175	16.6254	17.4696
BLOCK13/SES130/SA130S23	SES146	0.395796	17.8654	17.4696
BLOCK13/SES130/SA130S23	SES162	-0.380955	17.0887	17.4696
BLOCK13/SES130/SA130S25	SES127	-0.467678	19.1177	19.5854
BLOCK13/SES130/SA130S25	SES144	0.148499	19.7339	19.5854
BLOCK13/SES130/SA130S25	SES146	0.608994	20.1944	19.5854
BLOCK13/SES130/SA130S25	SES275	0.187973	19.7733	19.5854
BLOCK13/SES130/SA130S28	SES127	-0.659168	18.3799	19.0391
BLOCK13/SES130/SA130S28	SES144	-0.238113	18.8009	19.0391
BLOCK13/SES130/SA130S28	SES146	0.112453	19.1515	19.0391
BLOCK13/SES130/SA130S28	SES275	0.197166	19.2362	19.0391
BLOCK13/SES131/SA131S13	SES002	-2.67672	14.434	17.1107
BLOCK13/SES131/SA131S13	SES007	-3.12079	13.9899	17.1107
BLOCK13/SES131/SA131S13	SES099	-2.79016	14.3205	17.1107
BLOCK13/SES131/SA131S13	SES105	-2.67089	14.4398	17.1107
BLOCK13/SES131/SA131S14	SES104	-0.817696	17.401	18.2187
BLOCK13/SES131/SA131S14	SES106	-1.79791	16.4208	18.2187
BLOCK13/SES131/SA131S14	SES125	-1.71365	16.5051	18.2187
BLOCK13/SES131/SA131S14	SES148	-1.3168	16.9019	18.2187
BLOCK13/SES131/SA131S20	SES104	-3.69165	13.45	17.1417
BLOCK13/SES131/SA131S20	SES106	-2.44868	14.693	17.1417
BLOCK13/SES131/SA131S20	SES125	-4.25712	12.8846	17.1417
BLOCK13/SES131/SA131S20	SES148	-2.76982	14.3719	17.1417
BLOCK13/SES131/SA131S22	SES099	-2.91228	15.6321	18.5443
BLOCK13/SES131/SA131S22	SES104	-2.99056	15.5538	18.5443
BLOCK13/SES131/SA131S22	SES125	-2.82751	15.7168	18.5443
BLOCK13/SES131/SA131S22	SES206	-3.86492	14.6794	18.5443
BLOCK13/SES131/SA131S29	SES087	-2.9389	14.8063	17.7452
BLOCK13/SES131/SA131S29	SES104	-4.20654	13.5387	17.7452
BLOCK13/SES131/SA131S29	SES125	-4.06759	13.6776	17.7452
BLOCK13/SES131/SA131S29	SES206	-4.30517	13.4401	17.7452
BLOCK13/SES132/SA132S11	SES083	-1.94544	18.8175	20.7629
BLOCK13/SES132/SA132S11	SES120	-0.422537	20.3404	20.7629
BLOCK13/SES132/SA132S11	SES127	-1.67211	19.0908	20.7629
BLOCK13/SES132/SA132S11	SES275	-1.04885	19.7141	20.7629
BLOCK13/SES132/SA132S12	SES083	-2.1204	17.9078	20.0282
BLOCK13/SES132/SA132S12	SES143	-1.12526	18.903	20.0282
BLOCK13/SES132/SA132S12	SES144	-1.04712	18.9811	20.0282
BLOCK13/SES132/SA132S12	SES148	-0.817896	19.2103	20.0282
BLOCK13/SES132/SA132S22	SES062	-1.19982	19.3768	20.5766
BLOCK13/SES132/SA132S22	SES083	-1.36666	19.2099	20.5766
BLOCK13/SES132/SA132S22	SES127	-1.10233	19.4743	20.5766
BLOCK13/SES132/SA132S22	SES275	-0.848776	19.7278	20.5766
BLOCK13/SES132/SA132S24	SES007	-0.743071	20.1014	20.8444
BLOCK13/SES132/SA132S24	SES083	-1.78126	19.0632	20.8444
BLOCK13/SES132/SA132S24	SES127	-1.6056	19.2388	20.8444
BLOCK13/SES132/SA132S24	SES275	-0.67738	20.1671	20.8444
BLOCK13/SES132/SA132S27	SES083	-2.58242	17.6831	20.2655
BLOCK13/SES132/SA132S27	SES120	-0.282463	19.9831	20.2655
BLOCK13/SES132/SA132S27	SES127	-2.2416	18.0239	20.2655
BLOCK13/SES132/SA132S27	SES275	-1.69619	18.5694	20.2655
BLOCK14/SES141/SA141S09	SES143	-0.615316	19.3637	19.979
BLOCK14/SES141/SA141S09	SES144	-0.37697	19.602	19.979
BLOCK14/SES141/SA141S09	SES162	-1.3861	18.5929	19.979
BLOCK14/SES141/SA141S09	SES180	-0.656195	19.3228	19.979
BLOCK14/SES141/SA141S15	SES127	-1.48779	18.127	19.6148
BLOCK14/SES141/SA141S15	SES144	-1.31761	18.2972	19.6148
BLOCK14/SES141/SA141S15	SES162	-1.30949	18.3053	19.6148
BLOCK14/SES141/SA141S15	SES180	-0.957531	18.6573	19.6148
BLOCK14/SES141/SA141S24	SES127	-0.914942	19.2237	20.1386
BLOCK14/SES141/SA141S24	SES144	-1.32602	18.8126	20.1386
BLOCK14/SES141/SA141S24	SES162	-0.87171	19.2669	20.1386
BLOCK14/SES141/SA141S24	SES183	-1.32446	18.8142	20.1386
BLOCK14/SES141/SA141S26	SES142	-0.511265	19.4441	19.9554
BLOCK14/SES141/SA141S26	SES144	-0.956551	18.9989	19.9554
BLOCK14/SES141/SA141S26	SES172	-0.145285	19.8101	19.9554
BLOCK14/SES141/SA141S26	SES180	-0.598379	19.357	19.9554
BLOCK14/SES141/SA141S29	SES127	-0.00613976	19.7827	19.7888
BLOCK14/SES141/SA141S29	SES142	0.285707	20.0745	19.7888
BLOCK14/SES141/SA141S29	SES144	-0.682938	19.1059	19.7888
BLOCK14/SES141/SA141S29	SES180	-0.0987301	19.6901	19.7888
BLOCK15/SES157/SA157S08	SES083	-2.83296	17.3823	20.2153
BLOCK15/SES157/SA157S08	SES127	-1.32861	18.8867	20.2153
BLOCK15/SES157/SA157S08	SES148	-1.50261	18.7127	20.2153
BLOCK15/SES157/SA157S08	SES292	-2.24483	17.9705	20.2153
BLOCK15/SES157/SA157S11	SES083	-2.15766	17.409	19.5667
BLOCK15/SES157/SA157S11	SES127	-1.40808	18.1586	19.5667
BLOCK15/SES157/SA157S11	SES148	-1.42542	18.1413	19.5667
BLOCK15/SES157/SA157S11	SES292	-2.45411	17.1126	19.5667
BLOCK15/SES157/SA157S21	SES127	-0.915056	19.6844	20.5995
BLOCK15/SES157/SA157S21	SES148	-0.0395279	20.5599	20.5995
BLOCK15/SES157/SA157S21	SES158	-4.86123	15.7382	20.5995
BLOCK15/SES157/SA157S21	SES292	-1.31583	19.2836	20.5995
BLOCK15/SES157/SA157S24	SES127	-0.492994	20.3874	20.8804
BLOCK15/SES157/SA157S24	SES148	-1.01511	19.8652	20.8804
BLOCK15/SES157/SA157S24	SES183	-1.49233	19.388	20.8804
BLOCK15/SES157/SA157S24	SES292	-1.77217	19.1082	20.8804
BLOCK15/SES157/SA157S26	SES007	-0.488428	19.3577	19.8461
BLOCK15/SES157/SA157S26	SES127	-0.45447	19.3916	19.8461
BLOCK15/SES157/SA157S26	SES147	-1.77452	18.0716	19.8461
BLOCK15/SES157/SA157S26	SES148	-0.465395	19.3807	19.8461
BLOCK16/SES161/SA161S10	SES007	-1.79015	15.346	17.1361
BLOCK16/SES161/SA161S10	SES105	-0.875425	16.2607	17.1361
BLOCK16/SES161/SA161S10	SES158	-1.58636	15.5498	17.1361
BLOCK16/SES161/SA161S10	SES275	-0.97419	16.162	17.1361
BLOCK16/SES161/SA161S12	SES007	-2.45231	15.4348	17.8871
BLOCK16/SES161/SA161S12	SES105	-2.76605	15.1211	17.8871
BLOCK16/SES161/SA161S12	SES158	-1.87262	16.0145	17.8871
BLOCK16/SES161/SA161S12	SES275	-1.63367	16.2535	17.8871
BLOCK16/SES161/SA161S20	SES007	-1.96364	15.15	17.1136
BLOCK16/SES161/SA161S20	SES105	-2.63031	14.4833	17.1136
BLOCK16/SES161/SA161S20	SES158	-1.79405	15.3196	17.1136
BLOCK16/SES161/SA161S20	SES275	-2.53828	14.5753	17.1136
BLOCK16/SES161/SA161S23	SES007	-2.7134	14.8979	17.6113
BLOCK16/SES161/SA161S23	SES105	-1.45862	16.1527	17.6113
BLOCK16/SES161/SA161S23	SES148	-2.20667	15.4046	17.6113
BLOCK16/SES161/SA161S23	SES158	-2.60435	15.007	17.6113
BLOCK16/SES161/SA161S28	SES007	-2.16823	16.2666	18.4348
BLOCK16/SES161/SA161S28	SES105	-2.26188	16.173	18.4348
BLOCK16/SES161/SA161S28	SES158	-0.848436	17.5864	18.4348
BLOCK16/SES161/SA161S28	SES206	-1.6152	16.8196	18.4348
BLOCK16/SES164/SA164S11	SES104	-1.88176	19.0206	20.9023
BLOCK16/SES164/SA164S11	SES125	-1.05993	19.8424	20.9023
BLOCK16/SES164/SA164S11	SES158	-0.537722	20.3646	20.9023
BLOCK16/SES164/SA164S11	SES206	-1.91664	18.9857	20.9023
BLOCK16/SES164/SA164S13	SES099	-0.348574	19.1071	19.4557
BLOCK16/SES164/SA164S13	SES104	-2.18562	17.2701	19.4557
BLOCK16/SES164/SA164S13	SES125	-1.74128	17.7144	19.4557
BLOCK16/SES164/SA164S13	SES206	-1.64373	17.812	19.4557
BLOCK16/SES164/SA164S24	SES002	0.351088	20.32	19.9689
BLOCK16/SES164/SA164S24	SES099	-0.622644	19.3462	19.9689
BLOCK16/SES164/SA164S24	SES125	-1.51087	18.458	19.9689
BLOCK16/SES164/SA164S24	SES226	-0.390816	19.5781	19.9689
BLOCK16/SES164/SA164S27	SES087	-2.13045	17.8383	19.9687
BLOCK16/SES164/SA164S27	SES125	-1.33521	18.6335	19.9687
BLOCK16/SES164/SA164S27	SES206	-2.15211	17.8166	19.9687
BLOCK16/SES164/SA164S27	SES226	-0.823013	19.1457	19.9687
BLOCK16/SES164/SA164S29	SES002	0.419565	20.2732	19.8536
BLOCK16/SES164/SA164S29	SES019	-2.28096	17.5726	19.8536
BLOCK16/SES164/SA164S29	SES125	-1.59495	18.2586	19.8536
BLOCK16/SES164/SA164S29	SES226	-1.9963	17.8573	19.8536
BLOCK16/SES169/SA169S13	SES117	-1.214	17.8737	19.0877
BLOCK16/SES169/SA169S13	SES144	-0.589495	18.4982	19.0877
BLOCK16/SES169/SA169S13	SES146	-0.827539	18.2602	19.0877
BLOCK16/SES169/SA169S13	SES162	-0.758091	18.3296	19.0877
BLOCK16/SES169/SA169S14	SES144	-1.45706	18.5264	19.9834
BLOCK16/SES169/SA169S14	SES148	-0.595512	19.3879	19.9834
BLOCK16/SES169/SA169S14	SES177	-0.907673	19.0757	19.9834
BLOCK16/SES169/SA169S14	SES180	-1.36678	18.6166	19.9834
BLOCK16/SES169/SA169S24	SES117	-1.34875	16.944	18.2928
BLOCK16/SES169/SA169S24	SES144	-0.621504	17.6713	18.2928
BLOCK16/SES169/SA169S24	SES146	-0.882265	17.4105	18.2928
BLOCK16/SES169/SA169S24	SES162	-1.16236	17.1304	18.2928
BLOCK16/SES169/SA169S27	SES127	-1.3382	17.8798	19.218
BLOCK16/SES169/SA169S27	SES129	-1.01019	18.2078	19.218
BLOCK16/SES169/SA169S27	SES144	-1.32106	17.8969	19.218
BLOCK16/SES169/SA169S27	SES146	0.0541706	19.2722	19.218
BLOCK16/SES169/SA169S29	SES144	-0.472433	19.3451	19.8175
BLOCK16/SES169/SA169S29	SES162	-0.453491	19.364	19.8175
BLOCK16/SES169/SA169S29	SES177	-1.81545	18.002	19.8175
BLOCK16/SES169/SA169S29	SES180	-0.668135	19.1494	19.8175
BLOCK17/SES171/SA171S12	SES083	-1.29625	17.4493	18.7455
BLOCK17/SES171/SA171S12	SES148	-1.64454	17.101	18.7455
BLOCK17/SES171/SA171S12	SES172	-1.18133	17.5642	18.7455
BLOCK17/SES171/SA171S12	SES292	-2.12539	16.6201	18.7455
BLOCK17/SES171/SA171S15	SES148	-2.42662	15.6115	18.0381
BLOCK17/SES171/SA171S15	SES177	-1.88104	16.1571	18.0381
BLOCK17/SES171/SA171S15	SES180	-4.57969	13.4584	18.0381
BLOCK17/SES171/SA171S15	SES292	-4.64786	13.3902	18.0381
BLOCK17/SES171/SA171S22	SES007	-1.08841	18.755	19.8434
BLOCK17/SES171/SA171S22	SES148	-1.3149	18.5285	19.8434
BLOCK17/SES171/SA171S22	SES177	-0.155363	19.6881	19.8434
BLOCK17/SES171/SA171S22	SES180	-2.16325	17.6802	19.8434
BLOCK17/SES171/SA171S25	SES101	-2.65305	15.629	18.2821
BLOCK17/SES171/SA171S25	SES120	-3.89088	14.3912	18.2821
BLOCK17/SES171/SA171S25	SES177	-0.667234	17.6148	18.2821
BLOCK17/SES171/SA171S25	SES180	-2.7315	15.5506	18.2821
BLOCK17/SES171/SA171S27	SES177	-0.436888	18.5554	18.9923
BLOCK17/SES171/SA171S27	SES180	-2.46222	16.53	18.9923
BLOCK17/SES171/SA171S27	SES189	-0.880802	18.1115	18.9923
BLOCK17/SES171/SA171S27	SES292	-2.16725	16.825	18.9923
BLOCK17/SES173/SA173S13	SES162	-3.78557	14.4026	18.1882
BLOCK17/SES173/SA173S13	SES177	-1.78596	16.4022	18.1882
BLOCK17/SES173/SA173S13	SES180	-2.89391	15.2943	18.1882
BLOCK17/SES173/SA173S13	SES292	-1.55766	16.6305	18.1882
BLOCK17/SES173/SA173S14	SES007	-2.41856	14.9557	17.3743
BLOCK17/SES173/SA173S14	SES162	-3.24749	14.1268	17.3743
BLOCK17/SES173/SA173S14	SES177	-2.41478	14.9595	17.3743
BLOCK17/SES173/SA173S14	SES180	-2.93585	14.4384	17.3743
BLOCK17/SES173/SA173S24	SES144	-1.01938	15.5029	16.5222
BLOCK17/SES173/SA173S24	SES162	-2.44254	14.0797	16.5222
BLOCK17/SES173/SA173S24	SES177	-0.918171	15.6041	16.5222
BLOCK17/SES173/SA173S24	SES180	-1.95532	14.5669	16.5222
BLOCK17/SES173/SA173S27	SES162	-4.14295	14.6222	18.7651
BLOCK17/SES173/SA173S27	SES177	-1.72924	17.0359	18.7651
BLOCK17/SES173/SA173S27	SES180	-2.92713	15.838	18.7651
BLOCK17/SES173/SA173S27	SES292	-2.31845	16.4467	18.7651
BLOCK17/SES173/SA173S29	SES162	-2.74135	14.5292	17.2706
BLOCK17/SES173/SA173S29	SES175	-0.858639	16.4119	17.2706
BLOCK17/SES173/SA173S29	SES177	-0.879517	16.3911	17.2706
BLOCK17/SES173/SA173S29	SES292	-3.2076	14.063	17.2706
BLOCK18/SES182/SA182S10	SES144	-1.09457	17.9323	19.0269
BLOCK18/SES182/SA182S10	SES177	-1.07058	17.9563	19.0269
BLOCK18/SES182/SA182S10	SES180	-2.45512	16.5717	19.0269
BLOCK18/SES182/SA182S10	SES275	-0.164797	18.8621	19.0269
BLOCK18/SES182/SA182S12	SES144	-0.83613	18.3145	19.1507
BLOCK18/SES182/SA182S12	SES177	-1.28942	17.8612	19.1507
BLOCK18/SES182/SA182S12	SES180	-1.73178	17.4189	19.1507
BLOCK18/SES182/SA182S12	SES275	-0.970844	18.1798	19.1507
BLOCK18/SES182/SA182S21	SES117	-0.816158	17.343	18.1592
BLOCK18/SES182/SA182S21	SES144	-1.26285	16.8963	18.1592
BLOCK18/SES182/SA182S21	SES162	-0.355145	17.804	18.1592
BLOCK18/SES182/SA182S21	SES180	-1.55288	16.6063	18.1592
BLOCK18/SES182/SA182S23	SES117	-1.20488	17.8727	19.0775
BLOCK18/SES182/SA182S23	SES144	-1.51355	17.564	19.0775
BLOCK18/SES182/SA182S23	SES180	-2.39137	16.6862	19.0775
BLOCK18/SES182/SA182S23	SES275	-1.49412	17.5834	19.0775
BLOCK18/SES182/SA182S25	SES007	-0.711061	18.6488	19.3599
BLOCK18/SES182/SA182S25	SES162	-0.75968	18.6002	19.3599
BLOCK18/SES182/SA182S25	SES177	-1.53053	17.8294	19.3599
BLOCK18/SES182/SA182S25	SES180	-1.84101	17.5189	19.3599
BLOCK18/SES184/SA184S12	SES177	-0.712107	18.6334	19.3455
BLOCK18/SES184/SA184S12	SES180	-0.610903	18.7346	19.3455
BLOCK18/SES184/SA184S12	SES189	-1.31253	18.033	19.3455
BLOCK18/SES184/SA184S12	SES292	0.00170135	19.3472	19.3455
BLOCK18/SES184/SA184S13	SES101	-1.05795	18.3555	19.4135
BLOCK18/SES184/SA184S13	SES177	-0.715151	18.6983	19.4135
BLOCK18/SES184/SA184S13	SES180	-0.99028	18.4232	19.4135
BLOCK18/SES184/SA184S13	SES292	-1.47273	17.9408	19.4135
BLOCK18/SES184/SA184S22	SES177	-0.566977	19.8164	20.3834
BLOCK18/SES184/SA184S22	SES180	-0.45355	19.9298	20.3834
BLOCK18/SES184/SA184S22	SES189	-1.42417	18.9592	20.3834
BLOCK18/SES184/SA184S22	SES292	-0.287477	20.0959	20.3834
BLOCK18/SES184/SA184S25	SES101	-0.946405	20.9765	21.9229
BLOCK18/SES184/SA184S25	SES177	-2.0314	19.8915	21.9229
BLOCK18/SES184/SA184S25	SES180	-0.703943	21.219	21.9229
BLOCK18/SES184/SA184S25	SES292	-0.629454	21.2934	21.9229
BLOCK18/SES184/SA184S27	SES083	-1.54107	18.5128	20.0539
BLOCK18/SES184/SA184S27	SES177	-1.45098	18.6029	20.0539
BLOCK18/SES184/SA184S27	SES202	-1.68139	18.3725	20.0539
BLOCK18/SES184/SA184S27	SES292	-2.05857	17.9953	20.0539
BLOCK20/SES204/SA204S12	SES062	-0.956907	19.9357	20.8926
BLOCK20/SES204/SA204S12	SES083	-2.49095	18.4017	20.8926
BLOCK20/SES204/SA204S12	SES206	-1.91752	18.9751	20.8926
BLOCK20/SES204/SA204S12	SES226	-2.67933	18.2133	20.8926
BLOCK20/SES204/SA204S14	SES068	-1.19299	20.7984	21.9914
BLOCK20/SES204/SA204S14	SES087	-0.274269	21.7171	21.9914
BLOCK20/SES204/SA204S14	SES206	-2.40538	19.586	21.9914
BLOCK20/SES204/SA204S14	SES226	-2.25107	19.7403	21.9914
BLOCK20/SES204/SA204S22	SES068	-1.50668	19.1741	20.6808
BLOCK20/SES204/SA204S22	SES082	-3.06011	17.6207	20.6808
BLOCK20/SES204/SA204S22	SES083	-3.88234	16.7985	20.6808
BLOCK20/SES204/SA204S22	SES206	-2.21092	18.4699	20.6808
BLOCK20/SES204/SA204S25	SES062	-1.66049	19.2729	20.9334
BLOCK20/SES204/SA204S25	SES083	-2.84142	18.092	20.9334
BLOCK20/SES204/SA204S25	SES206	-1.53061	19.4028	20.9334
BLOCK20/SES204/SA204S25	SES226	-1.65038	19.283	20.9334
BLOCK20/SES204/SA204S27	SES068	-1.32187	18.715	20.0368
BLOCK20/SES204/SA204S27	SES082	-2.59282	17.444	20.0368
BLOCK20/SES204/SA204S27	SES087	-0.788006	19.2488	20.0368
BLOCK20/SES204/SA204S27	SES206	-1.41916	18.6177	20.0368
BLOCK20/SES207/SA207S10	SES127	-0.547922	17.9989	18.5468
BLOCK20/SES207/SA207S10	SES183	-1.2518	17.295	18.5468
BLOCK20/SES207/SA207S10	SES189	-1.45559	17.0913	18.5468
BLOCK20/SES207/SA207S10	SES292	-1.34526	17.2016	18.5468
BLOCK20/SES207/SA207S11	SES127	-2.49081	16.0936	18.5844
BLOCK20/SES207/SA207S11	SES183	-1.76479	16.8196	18.5844
BLOCK20/SES207/SA207S11	SES187	-1.66723	16.9172	18.5844
BLOCK20/SES207/SA207S11	SES292	-1.14944	17.435	18.5844
BLOCK20/SES207/SA207S25	SES068	-2.07571	17.0474	19.1231
BLOCK20/SES207/SA207S25	SES083	-1.87104	17.2521	19.1231
BLOCK20/SES207/SA207S25	SES127	-1.02497	18.0981	19.1231
BLOCK20/SES207/SA207S25	SES187	-0.863115	18.26	19.1231
BLOCK20/SES207/SA207S27	SES127	-2.08717	15.3898	17.4769
BLOCK20/SES207/SA207S27	SES183	-1.20832	16.2686	17.4769
BLOCK20/SES207/SA207S27	SES187	-1.65162	15.8253	17.4769
BLOCK20/SES207/SA207S27	SES292	-2.44954	15.0274	17.4769
BLOCK20/SES207/SA207S29	SES083	-1.68908	17.195	18.8841
BLOCK20/SES207/SA207S29	SES085	-1.22147	17.6626	18.8841
BLOCK20/SES207/SA207S29	SES172	-0.241354	18.6427	18.8841
BLOCK20/SES207/SA207S29	SES189	-1.81315	17.0709	18.8841
BLOCK22/SES221/SA221S12	SES068	-0.839705	19.3744	20.2141
BLOCK22/SES221/SA221S12	SES143	-1.22038	18.9937	20.2141
BLOCK22/SES221/SA221S12	SES175	-0.832603	19.3815	20.2141
BLOCK22/SES221/SA221S12	SES202	-1.6845	18.5296	20.2141
BLOCK22/SES221/SA221S15	SES085	-2.1844	15.8651	18.0495
BLOCK22/SES221/SA221S15	SES143	-2.20171	15.8478	18.0495
BLOCK22/SES221/SA221S15	SES175	-0.434242	17.6152	18.0495
BLOCK22/SES221/SA221S15	SES187	-1.8824	16.1671	18.0495
BLOCK22/SES221/SA221S23	SES068	-0.539326	18.3913	18.9306
BLOCK22/SES221/SA221S23	SES143	-0.835917	18.0947	18.9306
BLOCK22/SES221/SA221S23	SES175	0.342745	19.2733	18.9306
BLOCK22/SES221/SA221S23	SES189	1.26375	20.1943	18.9306
BLOCK22/SES221/SA221S27	SES085	-1.84712	17.1747	19.0218
BLOCK22/SES221/SA221S27	SES143	-1.01778	18.004	19.0218
BLOCK22/SES221/SA221S27	SES175	0.399748	19.4215	19.0218
BLOCK22/SES221/SA221S27	SES189	1.71525	20.737	19.0218
BLOCK22/SES221/SA221S29	SES085	-2.93669	14.2721	17.2088
BLOCK22/SES221/SA221S29	SES143	-0.947855	16.2609	17.2088
BLOCK22/SES221/SA221S29	SES175	0.645613	17.8544	17.2088
BLOCK22/SES221/SA221S29	SES187	-0.492085	16.7167	17.2088
BLOCK22/SES223/SA223S11	SES143	-0.660229	17.4258	18.086
BLOCK22/SES223/SA223S11	SES144	-2.45225	15.6338	18.086
BLOCK22/SES223/SA223S11	SES175	-0.252745	17.8333	18.086
BLOCK22/SES223/SA223S11	SES187	-2.02525	16.0608	18.086
BLOCK22/SES223/SA223S13	SES068	-1.66551	15.4428	17.1083
BLOCK22/SES223/SA223S13	SES143	-1.52563	15.5827	17.1083
BLOCK22/SES223/SA223S13	SES146	-2.57635	14.532	17.1083
BLOCK22/SES223/SA223S13	SES202	-2.04981	15.0585	17.1083
BLOCK22/SES223/SA223S22	SES143	-0.411648	17.8185	18.2301
BLOCK22/SES223/SA223S22	SES144	-2.24978	15.9804	18.2301
BLOCK22/SES223/SA223S22	SES175	-1.15534	17.0748	18.2301
BLOCK22/SES223/SA223S22	SES187	-1.13997	17.0902	18.2301
BLOCK22/SES223/SA223S25	SES068	-1.22612	18.4471	19.6733
BLOCK22/SES223/SA223S25	SES143	-1.34921	18.324	19.6733
BLOCK22/SES223/SA223S25	SES175	-1.21447	18.4588	19.6733
BLOCK22/SES223/SA223S25	SES187	-1.89298	17.7803	19.6733
BLOCK22/SES223/SA223S27	SES143	-1.92482	16.142	18.0668
BLOCK22/SES223/SA223S27	SES146	-2.84421	15.2226	18.0668
BLOCK22/SES223/SA223S27	SES187	-1.75555	16.3112	18.0668
BLOCK22/SES223/SA223S27	SES292	-3.85587	14.2109	18.0668
BLOCK27/SES273/SA273S12	SES099	0.948107	23.3453	22.3972
BLOCK27/SES273/SA273S12	SES104	-0.474018	21.9232	22.3972
BLOCK27/SES273/SA273S12	SES125	-0.401966	21.9952	22.3972
BLOCK27/SES273/SA273S12	SES206	0.715904	23.1131	22.3972
BLOCK27/SES273/SA273S13	SES099	0.352489	23.292	22.9395
BLOCK27/SES273/SA273S13	SES104	-0.669949	22.2696	22.9395
BLOCK27/SES273/SA273S13	SES206	0.450001	23.3895	22.9395
BLOCK27/SES273/SA273S13	SES292	-1.07948	21.8601	22.9395
BLOCK27/SES273/SA273S21	SES099	1.11287	23.6408	22.5279
BLOCK27/SES273/SA273S21	SES148	-2.32592	20.202	22.5279
BLOCK27/SES273/SA273S21	SES149	-0.6646	21.8633	22.5279
BLOCK27/SES273/SA273S21	SES177	-1.55608	20.9718	22.5279
BLOCK27/SES273/SA273S25	SES104	-0.847406	20.7022	21.5496
BLOCK27/SES273/SA273S25	SES125	-0.248976	21.3006	21.5496
BLOCK27/SES273/SA273S25	SES158	0.777185	22.3268	21.5496
BLOCK27/SES273/SA273S25	SES206	1.23021	22.7798	21.5496
BLOCK27/SES273/SA273S27	SES099	0.315907	21.7156	21.3997
BLOCK27/SES273/SA273S27	SES104	-0.90679	20.4929	21.3997
BLOCK27/SES273/SA273S27	SES149	-0.279427	21.1203	21.3997
BLOCK27/SES273/SA273S27	SES275	-1.14447	20.2552	21.3997
BLOCK27/SES274/SA274S10	SES105	-1.84493	19.3352	21.1801
BLOCK27/SES274/SA274S10	SES125	-3.12044	18.0596	21.1801
BLOCK27/SES274/SA274S10	SES129	-0.630144	20.5499	21.1801
BLOCK27/SES274/SA274S10	SES158	-4.75031	16.4298	21.1801
BLOCK27/SES274/SA274S11	SES105	-0.589069	19.8136	20.4026
BLOCK27/SES274/SA274S11	SES149	-1.50567	18.897	20.4026
BLOCK27/SES274/SA274S11	SES158	-2.82605	17.5766	20.4026
BLOCK27/SES274/SA274S11	SES275	-0.17123	20.2314	20.4026
BLOCK27/SES274/SA274S21	SES105	-2.27327	18.8165	21.0897
BLOCK27/SES274/SA274S21	SES129	-0.681187	20.4086	21.0897
BLOCK27/SES274/SA274S21	SES149	-1.54086	19.5489	21.0897
BLOCK27/SES274/SA274S21	SES158	-4.75655	16.3332	21.0897
BLOCK27/SES274/SA274S24	SES105	-1.84125	20.6246	22.4659
BLOCK27/SES274/SA274S24	SES129	-0.277086	22.1888	22.4659
BLOCK27/SES274/SA274S24	SES149	-1.93798	20.5279	22.4659
BLOCK27/SES274/SA274S24	SES158	-5.11151	17.3544	22.4659
BLOCK27/SES274/SA274S29	SES105	-2.00109	18.1469	20.148
BLOCK27/SES274/SA274S29	SES106	-4.08693	16.0611	20.148
BLOCK27/SES274/SA274S29	SES120	-1.28632	18.8617	20.148
BLOCK27/SES274/SA274S29	SES275	-1.27559	18.8724	20.148
BLOCK27/SES276/SA276S16	SES148	-0.875704	18.3424	19.2181
BLOCK27/SES276/SA276S16	SES172	-0.53937	18.6788	19.2181
BLOCK27/SES276/SA276S16	SES180	-1.11181	18.1063	19.2181
BLOCK27/SES276/SA276S16	SES292	-0.436565	18.7816	19.2181
BLOCK27/SES276/SA276S17	SES101	-1.12141	18.4076	19.5291
BLOCK27/SES276/SA276S17	SES177	-1.48162	18.0474	19.5291
BLOCK27/SES276/SA276S17	SES180	-0.922657	18.6064	19.5291
BLOCK27/SES276/SA276S17	SES292	-1.41318	18.1159	19.5291
BLOCK27/SES276/SA276S24	SES101	-0.607731	19.7809	20.3886
BLOCK27/SES276/SA276S24	SES177	-0.507923	19.8807	20.3886
BLOCK27/SES276/SA276S24	SES180	-1.08529	19.3034	20.3886
BLOCK27/SES276/SA276S24	SES292	-1.85077	18.5379	20.3886
BLOCK27/SES276/SA276S26	SES101	-0.908955	19.3329	20.2418
BLOCK27/SES276/SA276S26	SES177	0.807119	21.049	20.2418
BLOCK27/SES276/SA276S26	SES180	1.2228	21.4646	20.2418
BLOCK27/SES276/SA276S26	SES292	0.428616	20.6705	20.2418
BLOCK27/SES276/SA276S28	SES101	-0.962727	19.1156	20.0783
BLOCK27/SES276/SA276S28	SES177	-1.26878	18.8095	20.0783
BLOCK27/SES276/SA276S28	SES180	0.510057	20.5884	20.0783
BLOCK27/SES276/SA276S28	SES292	-0.789902	19.2884	20.0783
BLOCK27/SES277/SA277S12	SES101	-1.73446	16.4299	18.1643
BLOCK27/SES277/SA277S12	SES177	-2.3476	15.8167	18.1643
BLOCK27/SES277/SA277S12	SES180	-2.28001	15.8843	18.1643
BLOCK27/SES277/SA277S12	SES292	-2.93373	15.2306	18.1643
BLOCK27/SES277/SA277S14	SES177	-0.737745	16.9276	17.6653
BLOCK27/SES277/SA277S14	SES180	-2.15831	15.507	17.6653
BLOCK27/SES277/SA277S14	SES189	0.0178375	17.6831	17.6653
BLOCK27/SES277/SA277S14	SES292	-2.97366	14.6916	17.6653
BLOCK27/SES277/SA277S21	SES177	-0.68318	18.2224	18.9056
BLOCK27/SES277/SA277S21	SES180	-2.2746	16.631	18.9056
BLOCK27/SES277/SA277S21	SES189	-0.335369	18.5703	18.9056
BLOCK27/SES277/SA277S21	SES292	-3.07862	15.827	18.9056
BLOCK27/SES277/SA277S24	SES144	-1.86452	15.8325	17.697
BLOCK27/SES277/SA277S24	SES177	-1.92212	15.7749	17.697
BLOCK27/SES277/SA277S24	SES180	-3.72367	13.9734	17.697
BLOCK27/SES277/SA277S24	SES189	-0.968266	16.7288	17.697
BLOCK27/SES277/SA277S29	SES177	-0.657339	19.6422	20.2996
BLOCK27/SES277/SA277S29	SES180	-1.41358	18.886	20.2996
BLOCK27/SES277/SA277S29	SES202	-1.21204	19.0875	20.2996
BLOCK27/SES277/SA277S29	SES292	-1.72664	18.5729	20.2996
BLOCK27/SES279/SA279S09	SES120	-1.67349	18.7358	20.4093
BLOCK27/SES279/SA279S09	SES146	-1.43421	18.9751	20.4093
BLOCK27/SES279/SA279S09	SES206	-1.59027	18.819	20.4093
BLOCK27/SES279/SA279S09	SES226	-2.8985	17.5108	20.4093
BLOCK27/SES279/SA279S10	SES099	-0.377136	20.2332	20.6103
BLOCK27/SES279/SA279S10	SES206	-0.566895	20.0434	20.6103
BLOCK27/SES279/SA279S10	SES226	-1.85279	18.7575	20.6103
BLOCK27/SES279/SA279S10	SES292	-0.358971	20.2513	20.6103
BLOCK27/SES279/SA279S20	SES099	-1.39323	19.2627	20.6559
BLOCK27/SES279/SA279S20	SES206	-0.677868	19.978	20.6559
BLOCK27/SES279/SA279S20	SES226	-2.44256	18.2133	20.6559
BLOCK27/SES279/SA279S20	SES292	-0.174667	20.4812	20.6559
BLOCK27/SES279/SA279S26	SES099	-0.648733	19.6826	20.3313
BLOCK27/SES279/SA279S26	SES206	0.52318	20.8545	20.3313
BLOCK27/SES279/SA279S26	SES226	-1.78421	18.5471	20.3313
BLOCK27/SES279/SA279S26	SES292	0.132	20.4633	20.3313
BLOCK27/SES279/SA279S28	SES099	-0.137684	21.285	21.4226
BLOCK27/SES279/SA279S28	SES120	-0.185095	21.2375	21.4226
BLOCK27/SES279/SA279S28	SES177	-0.940861	20.4818	21.4226
BLOCK27/SES279/SA279S28	SES206	-0.206192	21.2165	21.4226
BLOCK29/SES290/SA290S12	SES162	-1.48555	17.1788	18.6643
BLOCK29/SES290/SA290S12	SES177	-1.60556	17.0588	18.6643
BLOCK29/SES290/SA290S12	SES180	-2.39496	16.2694	18.6643
BLOCK29/SES290/SA290S12	SES292	-3.14917	15.5152	18.6643
BLOCK29/SES290/SA290S13	SES007	-1.17581	17.8115	18.9873
BLOCK29/SES290/SA290S13	SES162	-1.52017	17.4671	18.9873
BLOCK29/SES290/SA290S13	SES177	-0.852003	18.1353	18.9873
BLOCK29/SES290/SA290S13	SES180	-0.779385	18.2079	18.9873
BLOCK29/SES290/SA290S22	SES177	-1.06749	17.4264	18.4939
BLOCK29/SES290/SA290S22	SES180	-0.825092	17.6688	18.4939
BLOCK29/SES290/SA290S22	SES202	-0.777254	17.7167	18.4939
BLOCK29/SES290/SA290S22	SES292	-2.28741	16.2065	18.4939
BLOCK29/SES290/SA290S25	SES162	-1.8263	17.5397	19.366
BLOCK29/SES290/SA290S25	SES177	-1.46358	17.9024	19.366
BLOCK29/SES290/SA290S25	SES180	-1.46794	17.8981	19.366
BLOCK29/SES290/SA290S25	SES292	-1.75406	17.6119	19.366
BLOCK29/SES290/SA290S29	SES177	-0.423468	19.1301	19.5536
BLOCK29/SES290/SA290S29	SES180	-0.363016	19.1906	19.5536
BLOCK29/SES290/SA290S29	SES275	-1.36236	18.1912	19.5536
BLOCK29/SES290/SA290S29	SES292	-1.16092	18.3927	19.5536
BLOCK29/SES291/SA291S11	SES105	-2.00076	16.7101	18.7109
BLOCK29/SES291/SA291S11	SES125	-0.560696	18.1502	18.7109
BLOCK29/SES291/SA291S11	SES158	-0.421957	18.2889	18.7109
BLOCK29/SES291/SA291S11	SES275	-2.06445	16.6464	18.7109
BLOCK29/SES291/SA291S12	SES158	2.03296	20.8987	18.8657
BLOCK29/SES291/SA291S12	SES226	-1.30321	17.5625	18.8657
BLOCK29/SES291/SA291S12	SES270	1.68447	20.5502	18.8657
BLOCK29/SES291/SA291S12	SES275	-3.19115	15.6746	18.8657
BLOCK29/SES291/SA291S22	SES082	-0.767368	19.082	19.8493
BLOCK29/SES291/SA291S22	SES158	-0.0901203	19.7592	19.8493
BLOCK29/SES291/SA291S22	SES259	-1.48713	18.3622	19.8493
BLOCK29/SES291/SA291S22	SES275	-2.49143	17.3579	19.8493
BLOCK29/SES291/SA291S24	SES104	1.19565	21.9968	20.8012
BLOCK29/SES291/SA291S24	SES125	0.329348	21.1305	20.8012
BLOCK29/SES291/SA291S24	SES158	0.921476	21.7227	20.8012
BLOCK29/SES291/SA291S24	SES275	-2.11958	18.6816	20.8012
BLOCK29/SES291/SA291S27	SES158	1.74398	21.7998	20.0558
BLOCK29/SES291/SA291S27	SES172	-3.60182	16.454	20.0558
BLOCK29/SES291/SA291S27	SES275	-2.21334	17.8425	20.0558
BLOCK29/SES291/SA291S27	SES292	-0.708397	19.3474	20.0558
Threshold search:
THR	-5.75401288689	9	0(0)	1(1000)
THR	-5.6251438580211	8.991	0(0)	0.999(999)
THR	-5.4962748291522	8.991	0(0)	0.999(999)
THR	-5.3674058002833	8.982	0(0)	0.998(998)
THR	-5.2385367714144	8.973	0(0)	0.997(997)
THR	-5.1096677425455	8.946	0(0)	0.994(994)
THR	-4.9807987136766	8.928	0(0)	0.992(992)
THR	-4.8519296848077	8.919	0(0)	0.991(991)
THR	-4.7230606559388	8.892	0(0)	0.988(988)
THR	-4.5941916270699	8.883	0(0)	0.987(987)
THR	-4.465322598201	8.865	0(0)	0.985(985)
THR	-4.3364535693321	8.838	0(0)	0.982(982)
THR	-4.2075845404632	8.811	0(0)	0.979(979)
THR	-4.0787155115943	8.766	0(0)	0.974(974)
THR	-3.9498464827254	8.739	0(0)	0.971(971)
THR	-3.8209774538565	8.667	0(0)	0.963(963)
THR	-3.6921084249876	8.613	0(0)	0.957(957)
THR	-3.5632393961187	8.559	0(0)	0.951(951)
THR	-3.4343703672498	8.46	0(0)	0.94(940)
THR	-3.3055013383809	8.433	0(0)	0.937(937)
THR	-3.176632309512	8.352	0(0)	0.928(928)
THR	-3.0477632806431	8.253	0(0)	0.917(917)
THR	-2.9188942517742	8.154	0(0)	0.906(906)
THR	-2.7900252229053	7.974	0(0)	0.886(886)
THR	-2.6611561940364	7.794	0(0)	0.866(866)
THR	-2.5322871651675	7.569	0(0)	0.841(841)
THR	-2.4034181362986	7.29	0(0)	0.81(810)
THR	-2.2745491074297	7.128	0(0)	0.792(792)
THR	-2.1456800785608	6.822	0(0)	0.758(758)
THR	-2.0168110496919	6.534	0(0)	0.726(726)
THR	-1.887942020823	6.183	0(0)	0.687(687)
THR	-1.7590729919541	5.769	0(0)	0.641(641)
THR	-1.6302039630852	5.31	0(0)	0.59(590)
THR	-1.5013349342163	4.941	0(0)	0.549(549)
THR	-1.3724659053474	4.536	0(0)	0.504(504)
THR	-1.2435968764785	4.068	0(0)	0.452(452)
THR	-1.1147278476096	3.681	0(0)	0.409(409)
THR	-0.985858818740697	3.312	0(0)	0.368(368)
THR	-0.856989789871797	2.988	0(0)	0.332(332)
THR	-0.728120761002897	2.565	0(0)	0.285(285)
THR	-0.599251732133997	2.151	0(0)	0.239(239)
THR	-0.470382703265097	1.737	0(0)	0.193(193)
THR	-0.341513674396197	1.386	0(0)	0.154(154)
THR	-0.212644645527297	1.143	0(0)	0.127(127)
THR	-0.0837756166583973	0.882	0(0)	0.098(98)
THR	0.0450934122105026	0.765	0(0)	0.085(85)
THR	0.173962441079403	0.639	0(0)	0.071(71)
THR	0.302831469948303	0.562	0.004(1)	0.062(62)
THR	0.431700498817203	0.436	0.004(1)	0.048(48)
THR	0.560569527686102	0.337	0.004(1)	0.037(37)
THR	0.689438556555002	0.305	0.008(2)	0.033(33)
THR	0.818307585423902	0.246	0.012(3)	0.026(26)
THR	0.947176614292802	0.187	0.016(4)	0.019(19)
THR	1.0760456431617	0.176	0.032(8)	0.016(16)
THR	1.2049146720306	0.164	0.056(14)	0.012(12)
THR	1.3337837008995	0.147	0.084(21)	0.007(7)
THR	1.4626527297684	0.145	0.1(25)	0.005(5)
THR	1.5915217586373	0.168	0.132(33)	0.004(4)
THR	1.7203907875062	0.182	0.164(41)	0.002(2)
THR	1.8492598163751	0.193	0.184(46)	0.001(1)
THR	1.978128845244	0.225	0.216(54)	0.001(1)
THR	2.1069978741129	0.276	0.276(69)	0(0)
THR	2.2358669029818	0.332	0.332(83)	0(0)
THR	2.3647359318507	0.388	0.388(97)	0(0)
THR	2.4936049607196	0.436	0.436(109)	0(0)
THR	2.6224739895885	0.492	0.492(123)	0(0)
THR	2.7513430184574	0.54	0.54(135)	0(0)
THR	2.8802120473263	0.572	0.572(143)	0(0)
THR	3.0090810761952	0.62	0.62(155)	0(0)
THR	3.1379501050641	0.672	0.672(168)	0(0)
THR	3.266819133933	0.7	0.7(175)	0(0)
THR	3.3956881628019	0.756	0.756(189)	0(0)
THR	3.5245571916708	0.784	0.784(196)	0(0)
THR	3.6534262205397	0.796	0.796(199)	0(0)
THR	3.7822952494086	0.836	0.836(209)	0(0)
THR	3.9111642782775	0.86	0.86(215)	0(0)
THR	4.0400333071464	0.884	0.884(221)	0(0)
THR	4.1689023360153	0.896	0.896(224)	0(0)
THR	4.2977713648842	0.92	0.92(230)	0(0)
THR	4.4266403937531	0.936	0.936(234)	0(0)
THR	4.555509422622	0.948	0.948(237)	0(0)
THR	4.6843784514909	0.952	0.952(238)	0(0)
THR	4.8132474803598	0.956	0.956(239)	0(0)
THR	4.9421165092287	0.956	0.956(239)	0(0)
THR	5.0709855380976	0.96	0.96(240)	0(0)
THR	5.1998545669665	0.968	0.968(242)	0(0)
THR	5.3287235958354	0.972	0.972(243)	0(0)
THR	5.4575926247043	0.972	0.972(243)	0(0)
THR	5.5864616535732	0.972	0.972(243)	0(0)
THR	5.7153306824421	0.976	0.976(244)	0(0)
THR	5.844199711311	0.984	0.984(246)	0(0)
THR	5.9730687401799	0.984	0.984(246)	0(0)
THR	6.1019377690488	0.984	0.984(246)	0(0)
THR	6.2308067979177	0.984	0.984(246)	0(0)
THR	6.3596758267866	0.988	0.988(247)	0(0)
THR	6.4885448556555	0.988	0.988(247)	0(0)
THR	6.6174138845244	0.992	0.992(248)	0(0)
THR	6.7462829133933	0.992	0.992(248)	0(0)
THR	6.8751519422622	0.992	0.992(248)	0(0)
THR	7.00402097113111	0.996	0.996(249)	0(0)
THR	7.13289000000001	1	1(250)	0(0)


==============================================
THR: 1.4626527297684
Missed:     25/250=0.1000
FalseAlarm: 5/1000=0.0050
----------------------------------------------
==> CostDetection: 14.5
==============================================
